def objective(trial):
  tudui = TUdui().to(device)
  tudui.load_state_dict(torch.load("icnn_ver2_ini_n_0_2.pth"))

  params = {
      "num_inner_loop": 50,
      "n": 100,
      "A1": trial.suggest_float("A1", 1, 10),
      "B1": trial.suggest_float("B1", 1e2, 1e4, log=True),
      "A2": trial.suggest_float("A2", 1, 1000, log=True), 
      "B2": trial.suggest_float("B2", 1, 40), 
      "C2": 3.5,
      "tudui": tudui
  }

  score = get_model_loss(params)
  return score

sampler = optuna.samplers.TPESampler(seed=511)
study = optuna.create_study(direction="minimize", sampler=sampler)
study.optimize(objective, n_trials=100, timeout=None, n_jobs = 1)

study.best_params

{'A1': 1.309171479376535,
 'B1': 109.52196744815566,
 'A2': 110.79479438235903,
 'B2': 7.035174062441071}

OrderedDict([('A2', 0.3655983393559012),
             ('A1', 0.26113915143158456),
             ('B2', 0.24073454536592906),
             ('B1', 0.13252796384658516)])

[I 2022-10-01 02:35:18,537] A new study created in memory with name: no-name-bf69f95c-ef41-4c56-9233-23a062ad7f0b
[I 2022-10-01 02:42:30,171] Trial 0 finished with value: 0.7701184749603271 and parameters: {'A1': 3.4242622880004387, 'B1': 4162.776653454513, 'A2': 5.18715837486826, 'B2': 27.940131164773543}. Best is trial 0 with value: 0.7701184749603271.
[I 2022-10-01 02:51:27,148] Trial 1 finished with value: 0.8609937429428101 and parameters: {'A1': 6.075818184166681, 'B1': 2689.3262945524075, 'A2': 1.8669252902682, 'B2': 13.72077392177056}. Best is trial 0 with value: 0.7701184749603271.
[I 2022-10-01 03:00:06,777] Trial 2 finished with value: 0.3977605104446411 and parameters: {'A1': 9.83614135075622, 'B1': 1774.4387818834607, 'A2': 449.49138655525394, 'B2': 17.40872029039745}. Best is trial 2 with value: 0.3977605104446411.
[I 2022-10-01 03:02:58,601] Trial 3 finished with value: 0.5162971019744873 and parameters: {'A1': 6.493241719514662, 'B1': 277.05740619433243, 'A2': 16.003725537553308, 'B2': 14.427176313066568}. Best is trial 2 with value: 0.3977605104446411.
[I 2022-10-01 03:03:57,553] Trial 4 finished with value: 0.9349676370620728 and parameters: {'A1': 9.899707298452494, 'B1': 116.23617394448908, 'A2': 278.7833595584077, 'B2': 24.34872753709055}. Best is trial 2 with value: 0.3977605104446411.
[I 2022-10-01 03:07:45,660] Trial 5 finished with value: 0.8963618874549866 and parameters: {'A1': 2.009028276992422, 'B1': 4726.2674626649705, 'A2': 1.0028189459517889, 'B2': 1.384393610563649}. Best is trial 2 with value: 0.3977605104446411.
[I 2022-10-01 03:12:35,570] Trial 6 finished with value: 0.8689259886741638 and parameters: {'A1': 5.57466624513341, 'B1': 655.2073456255198, 'A2': 22.09223202241715, 'B2': 22.522826687091552}. Best is trial 2 with value: 0.3977605104446411.
[I 2022-10-01 03:18:19,924] Trial 7 finished with value: 1.012846827507019 and parameters: {'A1': 6.428545926046752, 'B1': 1104.7050211769124, 'A2': 1.305349828032454, 'B2': 34.568222502896624}. Best is trial 2 with value: 0.3977605104446411.
[I 2022-10-01 03:21:08,058] Trial 8 finished with value: 0.4702243506908417 and parameters: {'A1': 5.471065027657823, 'B1': 145.13720887502416, 'A2': 1.1288599978488858, 'B2': 7.045356800847251}. Best is trial 2 with value: 0.3977605104446411.
[I 2022-10-01 03:24:57,161] Trial 9 finished with value: 0.6596797704696655 and parameters: {'A1': 4.013177749232257, 'B1': 348.5731070089986, 'A2': 33.010980134922754, 'B2': 24.859194029829897}. Best is trial 2 with value: 0.3977605104446411.
[I 2022-10-01 03:30:40,073] Trial 10 finished with value: 0.790130615234375 and parameters: {'A1': 9.320418533130589, 'B1': 8822.912189423025, 'A2': 528.2743826775888, 'B2': 13.590024890298334}. Best is trial 2 with value: 0.3977605104446411.
[I 2022-10-01 03:38:19,705] Trial 11 finished with value: 0.3530540466308594 and parameters: {'A1': 8.229309214984273, 'B1': 1453.973206467291, 'A2': 140.7639170283133, 'B2': 2.6088437309257717}. Best is trial 11 with value: 0.3530540466308594.
[I 2022-10-01 03:46:36,222] Trial 12 finished with value: 0.3409915566444397 and parameters: {'A1': 8.364254814157096, 'B1': 1596.9725798401278, 'A2': 130.12180325694197, 'B2': 1.5873719099710746}. Best is trial 12 with value: 0.3409915566444397.
[I 2022-10-01 03:50:14,685] Trial 13 finished with value: 0.9625898599624634 and parameters: {'A1': 7.788332390338473, 'B1': 923.9214796651038, 'A2': 113.89838062356677, 'B2': 1.0413042834238038}. Best is trial 12 with value: 0.3409915566444397.
[I 2022-10-01 03:58:41,247] Trial 14 finished with value: 0.39767810702323914 and parameters: {'A1': 8.13176990389206, 'B1': 1822.9166679521531, 'A2': 97.62357945421991, 'B2': 7.510467847544124}. Best is trial 12 with value: 0.3409915566444397.
[I 2022-10-01 04:04:21,852] Trial 15 finished with value: 0.38214582204818726 and parameters: {'A1': 8.035600980758622, 'B1': 522.8463125216548, 'A2': 119.43024764220792, 'B2': 5.974208117909559}. Best is trial 12 with value: 0.3409915566444397.
[I 2022-10-01 04:10:54,321] Trial 16 finished with value: 0.424053430557251 and parameters: {'A1': 8.485787879000192, 'B1': 1383.954504666256, 'A2': 50.097233571812595, 'B2': 9.54017420559596}. Best is trial 12 with value: 0.3409915566444397.
[I 2022-10-01 04:19:37,914] Trial 17 finished with value: 0.5777114629745483 and parameters: {'A1': 7.001124483401453, 'B1': 2900.688305929777, 'A2': 890.0685966403876, 'B2': 39.545625925100055}. Best is trial 12 with value: 0.3409915566444397.
[I 2022-10-01 04:28:12,295] Trial 18 finished with value: 0.3260180652141571 and parameters: {'A1': 4.307675599839213, 'B1': 708.3972757926318, 'A2': 175.48075616154642, 'B2': 4.1412153339342765}. Best is trial 18 with value: 0.3260180652141571.
[I 2022-10-01 04:31:03,254] Trial 19 finished with value: 0.7090557217597961 and parameters: {'A1': 4.277463937897947, 'B1': 231.12140460188203, 'A2': 9.475452459125384, 'B2': 17.997514332431233}. Best is trial 18 with value: 0.3260180652141571.
[I 2022-10-01 04:39:07,214] Trial 20 finished with value: 0.5854100584983826 and parameters: {'A1': 1.216099137862848, 'B1': 617.7185234714684, 'A2': 237.3082398298994, 'B2': 10.800552608977991}. Best is trial 18 with value: 0.3260180652141571.
[I 2022-10-01 04:47:09,790] Trial 21 finished with value: 0.4370657801628113 and parameters: {'A1': 4.810596383628131, 'B1': 965.0826468889389, 'A2': 59.07202405423145, 'B2': 3.7416539933530792}. Best is trial 18 with value: 0.3260180652141571.
[I 2022-10-01 04:55:13,479] Trial 22 finished with value: 0.3681584298610687 and parameters: {'A1': 3.108837659880272, 'B1': 433.7744312984224, 'A2': 190.61672606933348, 'B2': 4.205727063532566}. Best is trial 18 with value: 0.3260180652141571.
[I 2022-10-01 05:03:27,229] Trial 23 finished with value: 0.45675909519195557 and parameters: {'A1': 8.901940477990465, 'B1': 2222.074579063775, 'A2': 74.87088612276807, 'B2': 9.950886862935022}. Best is trial 18 with value: 0.3260180652141571.
[I 2022-10-01 05:11:57,817] Trial 24 finished with value: 0.3325343132019043 and parameters: {'A1': 7.457044974388066, 'B1': 1310.619122197936, 'A2': 165.89979714250975, 'B2': 3.18791016169541}. Best is trial 18 with value: 0.3260180652141571.
[I 2022-10-01 05:12:54,724] Trial 25 finished with value: 0.9349676370620728 and parameters: {'A1': 6.8609375030335285, 'B1': 784.085491486128, 'A2': 405.4194213070029, 'B2': 5.333086034810053}. Best is trial 18 with value: 0.3260180652141571.
[I 2022-10-01 05:19:31,229] Trial 26 finished with value: 0.7600437998771667 and parameters: {'A1': 7.380749114133682, 'B1': 4589.848223316719, 'A2': 960.2958614895452, 'B2': 7.991328981541621}. Best is trial 18 with value: 0.3260180652141571.
[I 2022-10-01 05:28:15,366] Trial 27 finished with value: 0.3856293559074402 and parameters: {'A1': 5.548215035818072, 'B1': 1268.0707471688372, 'A2': 212.90792614159895, 'B2': 12.069605338737846}. Best is trial 18 with value: 0.3260180652141571.
[I 2022-10-01 05:35:06,774] Trial 28 finished with value: 0.778103232383728 and parameters: {'A1': 2.6034775762390754, 'B1': 3284.896791384064, 'A2': 39.7799626951667, 'B2': 4.595790175785387}. Best is trial 18 with value: 0.3260180652141571.
[I 2022-10-01 05:39:05,129] Trial 29 finished with value: 0.8903272151947021 and parameters: {'A1': 3.7674939966291916, 'B1': 7813.540733734332, 'A2': 4.128654550159309, 'B2': 17.044395204553854}. Best is trial 18 with value: 0.3260180652141571.
[I 2022-10-01 05:46:01,025] Trial 30 finished with value: 0.43646320700645447 and parameters: {'A1': 4.726970214144163, 'B1': 774.5314054424928, 'A2': 69.14118717939861, 'B2': 29.56402832844379}. Best is trial 18 with value: 0.3260180652141571.
[I 2022-10-01 05:49:58,961] Trial 31 finished with value: 0.9542413353919983 and parameters: {'A1': 8.821894465702398, 'B1': 1482.8444953929636, 'A2': 176.9616151998477, 'B2': 1.1694275625266797}. Best is trial 18 with value: 0.3260180652141571.
[I 2022-10-01 05:58:48,147] Trial 32 finished with value: 0.44597378373146057 and parameters: {'A1': 7.484172986602113, 'B1': 2259.735213813295, 'A2': 137.1194904309446, 'B2': 2.1992484156318994}. Best is trial 18 with value: 0.3260180652141571.
[I 2022-10-01 06:02:50,224] Trial 33 finished with value: 0.9437834620475769 and parameters: {'A1': 9.324515258014046, 'B1': 1693.4432622515505, 'A2': 401.58755641043894, 'B2': 3.7958517157544884}. Best is trial 18 with value: 0.3260180652141571.
[I 2022-10-01 06:03:50,460] Trial 34 finished with value: 0.9349676370620728 and parameters: {'A1': 8.44379835005397, 'B1': 1101.9501943385826, 'A2': 635.728190656798, 'B2': 8.348794431416298}. Best is trial 18 with value: 0.3260180652141571.
[I 2022-10-01 06:10:41,257] Trial 35 finished with value: 0.6803874969482422 and parameters: {'A1': 6.166887697061376, 'B1': 3499.65979147886, 'A2': 299.45820244306515, 'B2': 5.852589346043859}. Best is trial 18 with value: 0.3260180652141571.
[I 2022-10-01 06:19:24,383] Trial 36 finished with value: 0.7613084316253662 and parameters: {'A1': 7.1063329389931, 'B1': 2205.651319628482, 'A2': 21.934093234652373, 'B2': 3.0778149430022026}. Best is trial 18 with value: 0.3260180652141571.
[I 2022-10-01 06:26:08,450] Trial 37 finished with value: 0.4087877571582794 and parameters: {'A1': 9.452160761263364, 'B1': 383.0474322247058, 'A2': 154.87516050910006, 'B2': 15.405348193938313}. Best is trial 18 with value: 0.3260180652141571.
[I 2022-10-01 06:32:57,540] Trial 38 finished with value: 0.36936888098716736 and parameters: {'A1': 5.0224172425852105, 'B1': 803.8093520023309, 'A2': 88.06766290890575, 'B2': 11.787119059907353}. Best is trial 18 with value: 0.3260180652141571.
[I 2022-10-01 06:33:57,368] Trial 39 finished with value: 0.9349676370620728 and parameters: {'A1': 6.550889951824598, 'B1': 558.4873706207286, 'A2': 363.02657159661754, 'B2': 2.9256576772918925}. Best is trial 18 with value: 0.3260180652141571.
[I 2022-10-01 06:39:46,684] Trial 40 finished with value: 1.031111240386963 and parameters: {'A1': 7.687135699515949, 'B1': 1256.1982171383854, 'A2': 11.393237448206428, 'B2': 20.029491772113225}. Best is trial 18 with value: 0.3260180652141571.
[I 2022-10-01 06:48:29,258] Trial 41 finished with value: 0.3297005891799927 and parameters: {'A1': 3.0509400309874968, 'B1': 402.48740357391597, 'A2': 188.0192479768327, 'B2': 5.1859358722082085}. Best is trial 18 with value: 0.3260180652141571.
[I 2022-10-01 06:49:29,599] Trial 42 finished with value: 0.9349676370620728 and parameters: {'A1': 3.225948089090462, 'B1': 305.83994319789537, 'A2': 288.3014578474084, 'B2': 6.280391725470336}. Best is trial 18 with value: 0.3260180652141571.
[I 2022-10-01 06:50:28,812] Trial 43 finished with value: 0.9349676370620728 and parameters: {'A1': 2.5347064058111473, 'B1': 254.78171948291495, 'A2': 607.6878957533418, 'B2': 1.1129706220234268}. Best is trial 18 with value: 0.3260180652141571.
[I 2022-10-01 06:51:27,689] Trial 44 finished with value: 0.9349676370620728 and parameters: {'A1': 9.95836108412637, 'B1': 184.77885830394587, 'A2': 136.11823284254785, 'B2': 8.810930135118397}. Best is trial 18 with value: 0.3260180652141571.
[I 2022-10-01 06:58:16,346] Trial 45 finished with value: 0.3214644193649292 and parameters: {'A1': 3.6785758233723906, 'B1': 435.73186426933296, 'A2': 92.41289899183064, 'B2': 6.5143051798256915}. Best is trial 45 with value: 0.3214644193649292.
[I 2022-10-01 07:04:53,374] Trial 46 finished with value: 0.3965204358100891 and parameters: {'A1': 3.596972247593146, 'B1': 494.8080437798158, 'A2': 49.50417160133585, 'B2': 7.019149940792501}. Best is trial 45 with value: 0.3214644193649292.
[I 2022-10-01 07:11:26,964] Trial 47 finished with value: 0.3796223998069763 and parameters: {'A1': 2.726058355105461, 'B1': 416.8173350370031, 'A2': 97.63701820340171, 'B2': 27.84860148915604}. Best is trial 45 with value: 0.3214644193649292.
[I 2022-10-01 07:18:16,030] Trial 48 finished with value: 0.6782621741294861 and parameters: {'A1': 4.525245827462273, 'B1': 680.2110636783491, 'A2': 26.93614334495444, 'B2': 5.065830527769753}. Best is trial 45 with value: 0.3214644193649292.
[I 2022-10-01 07:27:04,383] Trial 49 finished with value: 0.288933664560318 and parameters: {'A1': 1.922276662471209, 'B1': 204.07661097500832, 'A2': 217.98231097828207, 'B2': 13.053752286845347}. Best is trial 49 with value: 0.288933664560318.
[I 2022-10-01 07:32:45,152] Trial 50 finished with value: 0.43060365319252014 and parameters: {'A1': 1.87783256281959, 'B1': 150.54539396341931, 'A2': 238.90844521392742, 'B2': 14.178048188109594}. Best is trial 49 with value: 0.288933664560318.
[I 2022-10-01 07:40:44,196] Trial 51 finished with value: 0.344226598739624 and parameters: {'A1': 1.836380718474922, 'B1': 318.84281072146194, 'A2': 190.00152034312546, 'B2': 12.418434696428468}. Best is trial 49 with value: 0.288933664560318.
[I 2022-10-01 07:49:13,072] Trial 52 finished with value: 0.274503231048584 and parameters: {'A1': 1.309171479376535, 'B1': 109.52196744815566, 'A2': 110.79479438235903, 'B2': 7.035174062441071}. Best is trial 52 with value: 0.274503231048584.
[I 2022-10-01 07:54:54,661] Trial 53 finished with value: 0.3224307596683502 and parameters: {'A1': 1.157928263806236, 'B1': 108.51029422585994, 'A2': 92.55477746052387, 'B2': 10.4687720144202}. Best is trial 52 with value: 0.274503231048584.
[I 2022-10-01 07:59:34,916] Trial 54 finished with value: 0.3459688127040863 and parameters: {'A1': 1.2441276028641708, 'B1': 105.50114184556998, 'A2': 82.27580608415381, 'B2': 10.454778230905275}. Best is trial 52 with value: 0.274503231048584.
[I 2022-10-01 08:04:00,596] Trial 55 finished with value: 0.3278413414955139 and parameters: {'A1': 1.5694905812804725, 'B1': 120.47679619363463, 'A2': 111.18279927044551, 'B2': 15.788509340314082}. Best is trial 52 with value: 0.274503231048584.
[I 2022-10-01 08:08:17,820] Trial 56 finished with value: 0.3815849721431732 and parameters: {'A1': 1.4979615810286169, 'B1': 142.20374448473012, 'A2': 58.29652731796674, 'B2': 16.81225748539619}. Best is trial 52 with value: 0.274503231048584.
[I 2022-10-01 08:12:37,576] Trial 57 finished with value: 0.3358834385871887 and parameters: {'A1': 2.253987407171243, 'B1': 196.31609322228684, 'A2': 107.43709247711826, 'B2': 15.518444100069779}. Best is trial 52 with value: 0.274503231048584.
[I 2022-10-01 08:17:43,244] Trial 58 finished with value: 0.5535693168640137 and parameters: {'A1': 1.0002714129883774, 'B1': 125.98325377132589, 'A2': 39.71230834247693, 'B2': 19.23393710183904}. Best is trial 52 with value: 0.274503231048584.
[I 2022-10-01 08:21:07,159] Trial 59 finished with value: 0.34364980459213257 and parameters: {'A1': 1.6112158197462203, 'B1': 101.69685539012781, 'A2': 61.70690649011243, 'B2': 22.33061532264961}. Best is trial 52 with value: 0.274503231048584.
[I 2022-10-01 08:25:21,348] Trial 60 finished with value: 0.3527885675430298 and parameters: {'A1': 2.133585589961516, 'B1': 196.0347272238938, 'A2': 115.88345381348701, 'B2': 12.574199042506777}. Best is trial 52 with value: 0.274503231048584.
[I 2022-10-01 08:26:13,568] Trial 61 finished with value: 0.9349676370620728 and parameters: {'A1': 2.9530990222551066, 'B1': 157.45029435341308, 'A2': 319.9503751426732, 'B2': 9.917370043056344}. Best is trial 52 with value: 0.274503231048584.
[I 2022-10-01 08:27:05,646] Trial 62 finished with value: 0.9349676370620728 and parameters: {'A1': 4.069931622051243, 'B1': 122.78514986519062, 'A2': 243.91922613618422, 'B2': 7.600504575299148}. Best is trial 52 with value: 0.274503231048584.
[I 2022-10-01 08:32:09,208] Trial 63 finished with value: 0.32344892621040344 and parameters: {'A1': 2.3195033088905577, 'B1': 242.56991641311419, 'A2': 90.00834653933538, 'B2': 11.424814067011058}. Best is trial 52 with value: 0.274503231048584.
[I 2022-10-01 08:37:13,362] Trial 64 finished with value: 0.3248209059238434 and parameters: {'A1': 2.3428091900950636, 'B1': 242.80805317750838, 'A2': 81.21443894056732, 'B2': 13.13912903256352}. Best is trial 52 with value: 0.274503231048584.
[I 2022-10-01 08:40:35,804] Trial 65 finished with value: 0.4100176990032196 and parameters: {'A1': 3.363799722037977, 'B1': 250.79090201160608, 'A2': 38.889445211593156, 'B2': 13.557963355497254}. Best is trial 52 with value: 0.274503231048584.
[I 2022-10-01 08:44:48,896] Trial 66 finished with value: 0.3068855404853821 and parameters: {'A1': 2.3743444766515696, 'B1': 172.09226140511095, 'A2': 75.58630799249512, 'B2': 11.486755376441586}. Best is trial 52 with value: 0.274503231048584.
[I 2022-10-01 08:49:02,644] Trial 67 finished with value: 0.3102627694606781 and parameters: {'A1': 2.3133071203029, 'B1': 172.7211764824658, 'A2': 76.22993989980971, 'B2': 11.499889572911123}. Best is trial 52 with value: 0.274503231048584.
[I 2022-10-01 08:53:14,902] Trial 68 finished with value: 0.34347015619277954 and parameters: {'A1': 1.9480575070173323, 'B1': 176.98482859842048, 'A2': 71.68133936402454, 'B2': 11.339853325759917}. Best is trial 52 with value: 0.274503231048584.
[I 2022-10-01 08:59:10,450] Trial 69 finished with value: 0.43917393684387207 and parameters: {'A1': 1.3520255286216818, 'B1': 214.21102185173362, 'A2': 48.57744612403684, 'B2': 9.256272704955894}. Best is trial 52 with value: 0.274503231048584.
[I 2022-10-01 09:02:34,404] Trial 70 finished with value: 0.5228491425514221 and parameters: {'A1': 2.8114503930648533, 'B1': 163.4982548870233, 'A2': 28.410524491657213, 'B2': 10.710531312412261}. Best is trial 52 with value: 0.274503231048584.
[I 2022-10-01 09:06:47,381] Trial 71 finished with value: 0.28846341371536255 and parameters: {'A1': 2.3515899614209266, 'B1': 133.92581353369388, 'A2': 93.19205171214088, 'B2': 13.109965112062698}. Best is trial 52 with value: 0.274503231048584.
[I 2022-10-01 09:10:10,351] Trial 72 finished with value: 0.3197125494480133 and parameters: {'A1': 2.3524073857764503, 'B1': 135.84093403022015, 'A2': 60.80792754924563, 'B2': 14.778171680187384}. Best is trial 52 with value: 0.274503231048584.
[I 2022-10-01 09:15:13,201] Trial 73 finished with value: 0.3644410967826843 and parameters: {'A1': 1.0759669717068268, 'B1': 111.3413202647934, 'A2': 63.113648590297444, 'B2': 14.680221115063098}. Best is trial 52 with value: 0.274503231048584.
[I 2022-10-01 09:19:28,308] Trial 74 finished with value: 0.32305124402046204 and parameters: {'A1': 1.7774731696965116, 'B1': 128.11069934613528, 'A2': 51.05267974918294, 'B2': 8.512181803306124}. Best is trial 52 with value: 0.274503231048584.
[I 2022-10-01 09:23:42,920] Trial 75 finished with value: 0.29950833320617676 and parameters: {'A1': 2.479030673601235, 'B1': 137.56352073476057, 'A2': 140.11339860258255, 'B2': 18.65936373467372}. Best is trial 52 with value: 0.274503231048584.
[I 2022-10-01 09:27:56,742] Trial 76 finished with value: 0.2974311113357544 and parameters: {'A1': 2.5009102766425606, 'B1': 136.5871660406884, 'A2': 139.47210903081248, 'B2': 18.993524596415178}. Best is trial 52 with value: 0.274503231048584.
[I 2022-10-01 09:32:11,086] Trial 77 finished with value: 0.3068864345550537 and parameters: {'A1': 2.5493224251338833, 'B1': 135.5833456427387, 'A2': 153.63203287309221, 'B2': 18.01367884496425}. Best is trial 52 with value: 0.274503231048584.
[I 2022-10-01 09:36:25,607] Trial 78 finished with value: 0.34478121995925903 and parameters: {'A1': 2.041792554010735, 'B1': 168.82332108811306, 'A2': 148.60154947935243, 'B2': 18.1695858854887}. Best is trial 52 with value: 0.274503231048584.
[I 2022-10-01 09:39:49,573] Trial 79 finished with value: 0.3331248164176941 and parameters: {'A1': 2.5150184457858433, 'B1': 142.84462980990926, 'A2': 125.5625500603157, 'B2': 21.425850032140104}. Best is trial 52 with value: 0.274503231048584.
[I 2022-10-01 09:44:03,311] Trial 80 finished with value: 0.38586655259132385 and parameters: {'A1': 2.9564791487407382, 'B1': 292.80524923902794, 'A2': 218.54271668617093, 'B2': 23.600673635196216}. Best is trial 52 with value: 0.274503231048584.
[I 2022-10-01 09:48:17,144] Trial 81 finished with value: 0.3085324168205261 and parameters: {'A1': 2.370784776462991, 'B1': 134.7353453298166, 'A2': 144.67716718764677, 'B2': 16.415698148882413}. Best is trial 52 with value: 0.274503231048584.
[I 2022-10-01 09:52:32,064] Trial 82 finished with value: 0.3360842764377594 and parameters: {'A1': 2.576062542363856, 'B1': 215.43019166715106, 'A2': 138.6009300581783, 'B2': 18.65666867707682}. Best is trial 52 with value: 0.274503231048584.
[I 2022-10-01 09:58:25,688] Trial 83 finished with value: 0.2923933267593384 and parameters: {'A1': 1.7189544184118835, 'B1': 153.8777749599792, 'A2': 164.4255733090254, 'B2': 16.470399158771734}. Best is trial 52 with value: 0.274503231048584.
[I 2022-10-01 10:04:18,779] Trial 84 finished with value: 0.29500120878219604 and parameters: {'A1': 1.6574239977506773, 'B1': 151.37224102535967, 'A2': 169.89523372952348, 'B2': 16.76685787114722}. Best is trial 52 with value: 0.274503231048584.
