[I 2022-10-01 10:09:22,870] Trial 85 finished with value: 0.3308675289154053 and parameters: {'A1': 1.637508513061565, 'B1': 157.33025564544403, 'A2': 177.49835162687614, 'B2': 20.27922523210033}. Best is trial 52 with value: 0.274503231048584.
[I 2022-10-01 10:16:57,723] Trial 86 finished with value: 0.4025590717792511 and parameters: {'A1': 1.3864444556040494, 'B1': 215.94505389183416, 'A2': 482.5007177338834, 'B2': 19.317070620358013}. Best is trial 52 with value: 0.274503231048584.
[I 2022-10-01 10:23:45,287] Trial 87 finished with value: 0.32815873622894287 and parameters: {'A1': 1.7126541066565153, 'B1': 115.10152753316135, 'A2': 262.18583446952937, 'B2': 17.48682220855375}. Best is trial 52 with value: 0.274503231048584.
[I 2022-10-01 10:28:50,791] Trial 88 finished with value: 0.3042672872543335 and parameters: {'A1': 2.072151764791874, 'B1': 142.43777585002053, 'A2': 205.88245003022155, 'B2': 21.33232189627082}. Best is trial 52 with value: 0.274503231048584.
[I 2022-10-01 10:35:39,413] Trial 89 finished with value: 0.3018423318862915 and parameters: {'A1': 2.043559362809326, 'B1': 198.51750365373738, 'A2': 211.9936327440946, 'B2': 21.83421767942193}. Best is trial 52 with value: 0.274503231048584.
[I 2022-10-01 10:40:45,889] Trial 90 finished with value: 0.4218994379043579 and parameters: {'A1': 2.0493797339878763, 'B1': 152.6104963742773, 'A2': 334.05364944963003, 'B2': 24.87080412343851}. Best is trial 52 with value: 0.274503231048584.
[I 2022-10-01 10:45:01,976] Trial 91 finished with value: 0.37243926525115967 and parameters: {'A1': 2.1089631766018915, 'B1': 187.78769591503976, 'A2': 196.80989523724384, 'B2': 21.355765747105394}. Best is trial 52 with value: 0.274503231048584.
[I 2022-10-01 10:48:49,074] Trial 92 finished with value: 0.8799199461936951 and parameters: {'A1': 2.7776296931682705, 'B1': 267.8126473717708, 'A2': 2.057168379972381, 'B2': 26.32799052254104}. Best is trial 52 with value: 0.274503231048584.
[I 2022-10-01 10:54:32,043] Trial 93 finished with value: 0.32669562101364136 and parameters: {'A1': 1.8620762102179302, 'B1': 101.12841817560286, 'A2': 216.46270357009686, 'B2': 21.201882967952365}. Best is trial 52 with value: 0.274503231048584.
[I 2022-10-01 11:02:24,067] Trial 94 finished with value: 0.31742963194847107 and parameters: {'A1': 1.5429030877614704, 'B1': 198.74804626845093, 'A2': 271.2999119411307, 'B2': 23.29983709455963}. Best is trial 52 with value: 0.274503231048584.
[I 2022-10-01 11:08:21,520] Trial 95 finished with value: 0.2869862914085388 and parameters: {'A1': 1.3876860670594864, 'B1': 116.61089219695864, 'A2': 166.24082708605613, 'B2': 16.246038668036693}. Best is trial 52 with value: 0.274503231048584.
[I 2022-10-01 11:12:36,545] Trial 96 finished with value: 0.3383466601371765 and parameters: {'A1': 1.4057444868809594, 'B1': 117.26591772632227, 'A2': 105.38608442099381, 'B2': 19.28490241168022}. Best is trial 52 with value: 0.274503231048584.
[I 2022-10-01 11:20:15,489] Trial 97 finished with value: 0.3199528455734253 and parameters: {'A1': 1.3185566984739414, 'B1': 126.3145946523233, 'A2': 367.76429725302575, 'B2': 22.3653155819127}. Best is trial 52 with value: 0.274503231048584.
[I 2022-10-01 11:25:22,873] Trial 98 finished with value: 0.30121761560440063 and parameters: {'A1': 1.8437156454788668, 'B1': 143.2575129748003, 'A2': 170.0092769318231, 'B2': 16.316242404924758}. Best is trial 52 with value: 0.274503231048584.
[I 2022-10-01 11:32:29,420] Trial 99 finished with value: 0.300750732421875 and parameters: {'A1': 1.7198513291414717, 'B1': 112.81969676596846, 'A2': 176.31279261983957, 'B2': 16.21193919946078}. Best is trial 52 with value: 0.274503231048584.
{'A1': 1.309171479376535,
 'B1': 109.52196744815566,
 'A2': 110.79479438235903,
 'B2': 7.035174062441071}