def objective(trial):
  tudui = TUdui().to(device)
  tudui.load_state_dict(torch.load("icnn_ver2_ini_n_0_2.pth"))

  params = {
      "num_inner_loop": 50,
      "n": 100,
      "A1": trial.suggest_float("A1", 0.1, 5),
      "B1": trial.suggest_float("B1", 1e2, 1e4, log=True),
      "A2": trial.suggest_float("A2", 10, 40), 
      "B2": trial.suggest_float("B2", 1, 100, log=True), 
      "C2": 3.5,
      "tudui": tudui
  }

  score = get_model_loss(params)
  return score

sampler = optuna.samplers.TPESampler(seed=511)
study = optuna.create_study(direction="minimize", sampler=sampler)
study.optimize(objective, n_trials=100, timeout=None, n_jobs = 1)

study.best_params

{'A1': 4.876754486471053,
 'B1': 113.27763480056127,
 'A2': 21.723938127471932,
 'B2': 2.344913774877045}
OrderedDict([('A2', 0.3662944790892399),
             ('B1', 0.2714602730270194),
             ('A1', 0.21623097653163698),
             ('B2', 0.1460142713521037)])

[I 2022-09-30 16:14:53,796] A new study created in memory with name: no-name-90d193f3-c8ec-4211-bee2-23f0f3582e8c
[I 2022-09-30 16:19:13,236] Trial 0 finished with value: 0.9048635959625244 and parameters: {'A1': 1.4198761345780169, 'B1': 4162.776653454513, 'A2': 17.149295081210823, 'B2': 24.073829919815232}. Best is trial 0 with value: 0.9048635959625244.
[I 2022-09-30 16:28:34,303] Trial 1 finished with value: 0.7419173717498779 and parameters: {'A1': 2.8635010113796375, 'B1': 2689.3262945524075, 'A2': 12.711269389059817, 'B2': 4.491044730250438}. Best is trial 1 with value: 0.7419173717498779.
[I 2022-09-30 16:37:34,612] Trial 2 finished with value: 0.6346479058265686 and parameters: {'A1': 4.910788068745053, 'B1': 1774.4387818834607, 'A2': 36.52721373917157, 'B2': 6.941811801622423}. Best is trial 2 with value: 0.6346479058265686.
[I 2022-09-30 16:41:30,968] Trial 3 finished with value: 0.6497183442115784 and parameters: {'A1': 3.0907649361802054, 'B1': 277.05740619433243, 'A2': 22.042210946597095, 'B2': 4.881723127359457}. Best is trial 2 with value: 0.6346479058265686.
[I 2022-09-30 16:44:38,675] Trial 4 finished with value: 0.3003866672515869 and parameters: {'A1': 4.945396195824136, 'B1': 116.23617394448908, 'A2': 34.45266847375616, 'B2': 15.75326732863405}. Best is trial 4 with value: 0.3003866672515869.
[I 2022-09-30 16:46:44,785] Trial 5 finished with value: 0.9308472871780396 and parameters: {'A1': 0.6493598396958742, 'B1': 4726.2674626649705, 'A2': 10.01222530356572, 'B2': 1.046435568221856}. Best is trial 4 with value: 0.3003866672515869.
[I 2022-09-30 16:55:40,572] Trial 6 finished with value: 0.9415888786315918 and parameters: {'A1': 2.5906516223504124, 'B1': 655.2073456255198, 'A2': 23.442395957288213, 'B2': 12.697981847864085}. Best is trial 4 with value: 0.3003866672515869.
[I 2022-09-30 17:04:39,786] Trial 7 finished with value: 0.9475191831588745 and parameters: {'A1': 3.0555416708476764, 'B1': 1104.7050211769124, 'A2': 11.157269162905607, 'B2': 52.655932453352804}. Best is trial 4 with value: 0.3003866672515869.
[I 2022-09-30 17:08:33,272] Trial 8 finished with value: 0.8197845220565796 and parameters: {'A1': 2.5342465150581486, 'B1': 145.13720887502416, 'A2': 10.526400837036261, 'B2': 2.0418239679703745}. Best is trial 4 with value: 0.3003866672515869.
[I 2022-09-30 17:16:25,118] Trial 9 finished with value: 0.9448089599609375 and parameters: {'A1': 1.7405078856931182, 'B1': 348.5731070089986, 'A2': 25.1865841923698, 'B2': 16.732021416227028}. Best is trial 4 with value: 0.3003866672515869.
[I 2022-09-30 17:19:23,073] Trial 10 finished with value: 0.3853648900985718 and parameters: {'A1': 4.630005645815542, 'B1': 103.32580600586405, 'A2': 37.025742412356315, 'B2': 63.03376380816843}. Best is trial 4 with value: 0.3003866672515869.
[I 2022-09-30 17:21:20,183] Trial 11 finished with value: 0.41468292474746704 and parameters: {'A1': 4.996887191050429, 'B1': 100.59147348837354, 'A2': 38.901467428156884, 'B2': 91.44271636453637}. Best is trial 4 with value: 0.3003866672515869.
[I 2022-09-30 17:25:15,774] Trial 12 finished with value: 0.6888871788978577 and parameters: {'A1': 4.109427621041085, 'B1': 246.40268185760962, 'A2': 33.415244844577465, 'B2': 34.12304731841603}. Best is trial 4 with value: 0.3003866672515869.
[I 2022-09-30 17:28:11,538] Trial 13 finished with value: 0.4770723581314087 and parameters: {'A1': 4.045545520789953, 'B1': 102.59749251796255, 'A2': 32.3476276319852, 'B2': 86.98290861783447}. Best is trial 4 with value: 0.3003866672515869.
[I 2022-09-30 17:33:07,807] Trial 14 finished with value: 0.8657864332199097 and parameters: {'A1': 4.057805001319764, 'B1': 449.4602053690963, 'A2': 29.30289052346894, 'B2': 38.05526738591755}. Best is trial 4 with value: 0.3003866672515869.
[I 2022-09-30 17:36:07,915] Trial 15 finished with value: 0.31335893273353577 and parameters: {'A1': 4.367935508371981, 'B1': 183.5901402917558, 'A2': 29.20910931783073, 'B2': 19.499197166532355}. Best is trial 4 with value: 0.3003866672515869.
[I 2022-09-30 17:40:03,356] Trial 16 finished with value: 0.3462439179420471 and parameters: {'A1': 3.7905076421350223, 'B1': 207.2435214120402, 'A2': 28.41177038132175, 'B2': 9.485491309431723}. Best is trial 4 with value: 0.3003866672515869.
[I 2022-09-30 17:43:58,808] Trial 17 finished with value: 0.8936273455619812 and parameters: {'A1': 4.4795635309356925, 'B1': 9953.459385735086, 'A2': 32.76901021597267, 'B2': 21.314189259531624}. Best is trial 4 with value: 0.3003866672515869.
[I 2022-09-30 17:50:51,255] Trial 18 finished with value: 0.728926420211792 and parameters: {'A1': 3.5747962404235447, 'B1': 577.1300351452738, 'A2': 27.887703666413472, 'B2': 8.870882762805108}. Best is trial 4 with value: 0.3003866672515869.
[I 2022-09-30 17:54:47,084] Trial 19 finished with value: 0.5869638323783875 and parameters: {'A1': 3.3988819278739513, 'B1': 173.27906929889636, 'A2': 19.261579128664067, 'B2': 2.4844429609908363}. Best is trial 4 with value: 0.3003866672515869.
[I 2022-09-30 18:03:36,071] Trial 20 finished with value: 0.7216606140136719 and parameters: {'A1': 2.0448228655588134, 'B1': 934.3220013038429, 'A2': 30.59752301517519, 'B2': 14.981074164325541}. Best is trial 4 with value: 0.3003866672515869.
[I 2022-09-30 18:06:31,556] Trial 21 finished with value: 0.3127448558807373 and parameters: {'A1': 4.336421162731832, 'B1': 187.36202462409372, 'A2': 26.3919139548431, 'B2': 9.6887732901683}. Best is trial 4 with value: 0.3003866672515869.
[I 2022-09-30 18:09:28,323] Trial 22 finished with value: 0.3109971880912781 and parameters: {'A1': 4.507551687697236, 'B1': 164.68883942014702, 'A2': 26.710486002021334, 'B2': 24.443780543739884}. Best is trial 4 with value: 0.3003866672515869.
[I 2022-09-30 18:13:23,934] Trial 23 finished with value: 0.7554556131362915 and parameters: {'A1': 4.674433793978856, 'B1': 387.7797874385506, 'A2': 25.81480533770232, 'B2': 27.755993446208937}. Best is trial 4 with value: 0.3003866672515869.
[I 2022-09-30 18:16:21,386] Trial 24 finished with value: 0.2999629080295563 and parameters: {'A1': 4.9870952393826355, 'B1': 145.3425550306904, 'A2': 20.31308270523118, 'B2': 5.851277421912212}. Best is trial 24 with value: 0.2999629080295563.
[I 2022-09-30 18:19:18,163] Trial 25 finished with value: 0.2994978725910187 and parameters: {'A1': 4.8419368222320625, 'B1': 139.13807969888046, 'A2': 19.313104478532047, 'B2': 3.4925751091609945}. Best is trial 25 with value: 0.2994978725910187.
[I 2022-09-30 18:23:12,505] Trial 26 finished with value: 0.7566322088241577 and parameters: {'A1': 4.804816151845492, 'B1': 281.7799170079222, 'A2': 15.38885547441804, 'B2': 3.7114271384602167}. Best is trial 25 with value: 0.2994978725910187.
[I 2022-09-30 18:31:57,562] Trial 27 finished with value: 0.725616455078125 and parameters: {'A1': 0.2106179002921036, 'B1': 128.8794850971176, 'A2': 20.63951700007744, 'B2': 2.7491303815191968}. Best is trial 25 with value: 0.2994978725910187.
[I 2022-09-30 18:34:57,433] Trial 28 finished with value: 0.30528879165649414 and parameters: {'A1': 3.6559337731535693, 'B1': 131.10217238196418, 'A2': 17.309310941485244, 'B2': 1.8281939986785931}. Best is trial 25 with value: 0.2994978725910187.
[I 2022-09-30 18:43:48,328] Trial 29 finished with value: 0.8037281036376953 and parameters: {'A1': 1.1764568051657163, 'B1': 485.27712847964114, 'A2': 15.872954146191713, 'B2': 6.762418593922429}. Best is trial 25 with value: 0.2994978725910187.
[I 2022-09-30 18:49:44,629] Trial 30 finished with value: 0.7703903913497925 and parameters: {'A1': 4.9551387652314425, 'B1': 770.2245838988423, 'A2': 18.89895994769497, 'B2': 1.1653241456084884}. Best is trial 25 with value: 0.2994978725910187.
[I 2022-09-30 18:52:44,943] Trial 31 finished with value: 0.3009084165096283 and parameters: {'A1': 3.738071526890236, 'B1': 126.65203352506897, 'A2': 17.334438629896628, 'B2': 1.8664029587206272}. Best is trial 25 with value: 0.2994978725910187.
[I 2022-09-30 18:56:43,183] Trial 32 finished with value: 0.7855206727981567 and parameters: {'A1': 3.8829297113809638, 'B1': 254.3855628897181, 'A2': 13.750824673710433, 'B2': 3.5825455326387963}. Best is trial 25 with value: 0.2994978725910187.
[I 2022-09-30 18:59:42,790] Trial 33 finished with value: 0.2893463969230652 and parameters: {'A1': 4.300263907914589, 'B1': 128.38700538954046, 'A2': 23.281693492578462, 'B2': 5.431810018585341}. Best is trial 33 with value: 0.2893463969230652.
[I 2022-09-30 19:03:42,198] Trial 34 finished with value: 0.3352617025375366 and parameters: {'A1': 4.247246384308624, 'B1': 210.58093826167772, 'A2': 23.49121004075185, 'B2': 5.331000429567138}. Best is trial 33 with value: 0.2893463969230652.
[I 2022-09-30 19:12:33,750] Trial 35 finished with value: 0.737125813961029 and parameters: {'A1': 4.762354515936983, 'B1': 2343.4989318066437, 'A2': 21.746459314233466, 'B2': 6.49555480672328}. Best is trial 33 with value: 0.2893463969230652.
[I 2022-09-30 19:16:33,749] Trial 36 finished with value: 0.7404569387435913 and parameters: {'A1': 4.981026440330622, 'B1': 338.7717311217254, 'A2': 20.139431974586937, 'B2': 12.266309235887118}. Best is trial 33 with value: 0.2893463969230652.
[I 2022-09-30 19:25:32,261] Trial 37 finished with value: 0.728269100189209 and parameters: {'A1': 4.599957690867813, 'B1': 1510.4359844367193, 'A2': 23.917303432709804, 'B2': 4.132490550780676}. Best is trial 33 with value: 0.2893463969230652.
[I 2022-09-30 19:32:32,255] Trial 38 finished with value: 0.7861642241477966 and parameters: {'A1': 3.3449797172141276, 'B1': 4627.744683453806, 'A2': 13.80217970673613, 'B2': 5.274919883991282}. Best is trial 33 with value: 0.2893463969230652.
[I 2022-09-30 19:36:33,523] Trial 39 finished with value: 0.6106268763542175 and parameters: {'A1': 2.7858046861789942, 'B1': 146.0572722413747, 'A2': 22.370334037140854, 'B2': 8.134794083385211}. Best is trial 33 with value: 0.2893463969230652.
[I 2022-09-30 19:40:33,600] Trial 40 finished with value: 0.7680454254150391 and parameters: {'A1': 4.2995303205114075, 'B1': 306.1659491848038, 'A2': 18.376715879651353, 'B2': 11.89193745003499}. Best is trial 33 with value: 0.2893463969230652.
[I 2022-09-30 19:43:35,026] Trial 41 finished with value: 0.2961156368255615 and parameters: {'A1': 4.691598719025858, 'B1': 128.8742995415945, 'A2': 17.530898555486175, 'B2': 1.5222203532997536}. Best is trial 33 with value: 0.2893463969230652.
[I 2022-09-30 19:46:36,020] Trial 42 finished with value: 0.28361648321151733 and parameters: {'A1': 4.723200660683358, 'B1': 126.32023531250448, 'A2': 21.272147046099576, 'B2': 1.3891609823758375}. Best is trial 42 with value: 0.28361648321151733.
[I 2022-09-30 19:49:40,297] Trial 43 finished with value: 0.2788143455982208 and parameters: {'A1': 4.745446829460709, 'B1': 149.74174953137614, 'A2': 21.669466814510802, 'B2': 1.34331557425999}. Best is trial 43 with value: 0.2788143455982208.
[I 2022-09-30 19:53:41,697] Trial 44 finished with value: 0.30767953395843506 and parameters: {'A1': 4.62604345706529, 'B1': 202.1762132358404, 'A2': 21.343587792096045, 'B2': 1.3652382698932675}. Best is trial 43 with value: 0.2788143455982208.
[I 2022-09-30 19:57:42,330] Trial 45 finished with value: 0.35122016072273254 and parameters: {'A1': 4.099723820221964, 'B1': 235.70799038952848, 'A2': 24.476103100805222, 'B2': 1.4923550552361924}. Best is trial 43 with value: 0.2788143455982208.
[I 2022-09-30 20:00:42,736] Trial 46 finished with value: 0.2990095317363739 and parameters: {'A1': 4.760171315883821, 'B1': 113.3012907540742, 'A2': 22.3787443896488, 'B2': 2.8666867307599917}. Best is trial 43 with value: 0.2788143455982208.
[I 2022-09-30 20:03:43,511] Trial 47 finished with value: 0.3421548902988434 and parameters: {'A1': 3.9364620827209933, 'B1': 102.34833403663386, 'A2': 23.002706836236364, 'B2': 1.0137985619109875}. Best is trial 43 with value: 0.2788143455982208.
[I 2022-09-30 20:06:43,124] Trial 48 finished with value: 0.28206485509872437 and parameters: {'A1': 4.4419737059328295, 'B1': 115.31834026843185, 'A2': 24.99310232328416, 'B2': 2.6427783809862038}. Best is trial 43 with value: 0.2788143455982208.
[I 2022-09-30 20:09:43,626] Trial 49 finished with value: 0.2837711572647095 and parameters: {'A1': 4.381088580632296, 'B1': 159.30642866340665, 'A2': 24.95418955174543, 'B2': 1.5377580431741193}. Best is trial 43 with value: 0.2788143455982208.
[I 2022-09-30 20:13:44,914] Trial 50 finished with value: 0.3187035918235779 and parameters: {'A1': 3.1530714271588227, 'B1': 166.4979017382637, 'A2': 24.938363168291605, 'B2': 2.3319541261633447}. Best is trial 43 with value: 0.2788143455982208.
[I 2022-09-30 20:16:46,755] Trial 51 finished with value: 0.2840965986251831 and parameters: {'A1': 4.482123952198747, 'B1': 159.51053877934794, 'A2': 24.525113693866395, 'B2': 1.6105275476418552}. Best is trial 43 with value: 0.2788143455982208.
[I 2022-09-30 20:21:50,037] Trial 52 finished with value: 0.2934383749961853 and parameters: {'A1': 4.419782353715815, 'B1': 226.09809434265293, 'A2': 27.45145152036439, 'B2': 1.255748650239313}. Best is trial 43 with value: 0.2788143455982208.
[I 2022-09-30 20:24:51,408] Trial 53 finished with value: 0.2934965193271637 and parameters: {'A1': 4.1977708605037805, 'B1': 166.2052060362426, 'A2': 25.431706944770294, 'B2': 1.6642649386511499}. Best is trial 43 with value: 0.2788143455982208.
[I 2022-09-30 20:28:51,959] Trial 54 finished with value: 0.32197868824005127 and parameters: {'A1': 2.322939191883071, 'B1': 112.70203694878785, 'A2': 23.823573040785885, 'B2': 2.178474939018119}. Best is trial 43 with value: 0.2788143455982208.
[I 2022-09-30 20:31:52,883] Trial 55 finished with value: 0.28744256496429443 and parameters: {'A1': 4.47409362121914, 'B1': 157.8608910668875, 'A2': 30.460376041548137, 'B2': 3.090728182955989}. Best is trial 43 with value: 0.2788143455982208.
[I 2022-09-30 20:35:52,559] Trial 56 finished with value: 0.33881548047065735 and parameters: {'A1': 4.525094622051506, 'B1': 286.47407748540394, 'A2': 29.763503951175817, 'B2': 1.1524940217393582}. Best is trial 43 with value: 0.2788143455982208.
[I 2022-09-30 20:38:52,327] Trial 57 finished with value: 0.3196876049041748 and parameters: {'A1': 3.9928044102294296, 'B1': 179.30793945941596, 'A2': 31.104419926216938, 'B2': 1.9538646135589244}. Best is trial 43 with value: 0.2788143455982208.
[I 2022-09-30 20:42:50,337] Trial 58 finished with value: 0.8931502103805542 and parameters: {'A1': 3.5270710997744317, 'B1': 7778.376762934601, 'A2': 26.982419428382784, 'B2': 2.632507565140583}. Best is trial 43 with value: 0.2788143455982208.
[I 2022-09-30 20:46:48,855] Trial 59 finished with value: 0.4738388657569885 and parameters: {'A1': 4.463956177821796, 'B1': 397.82026972833665, 'A2': 28.52770513241103, 'B2': 1.581597933031131}. Best is trial 43 with value: 0.2788143455982208.
[I 2022-09-30 20:49:47,317] Trial 60 finished with value: 0.29690128564834595 and parameters: {'A1': 3.8951475974481844, 'B1': 155.01110216068898, 'A2': 36.660410284436914, 'B2': 2.954863845822101}. Best is trial 43 with value: 0.2788143455982208.
[I 2022-09-30 20:52:45,341] Trial 61 finished with value: 0.30185258388519287 and parameters: {'A1': 4.199519459236533, 'B1': 116.67421832571681, 'A2': 35.37070668971988, 'B2': 4.408203374369258}. Best is trial 43 with value: 0.2788143455982208.
[I 2022-09-30 20:55:43,757] Trial 62 finished with value: 0.32460641860961914 and parameters: {'A1': 4.347223085206847, 'B1': 201.15055689844127, 'A2': 25.765350324737106, 'B2': 3.2301691534472865}. Best is trial 43 with value: 0.2788143455982208.
[I 2022-09-30 20:58:43,382] Trial 63 finished with value: 0.2825510501861572 and parameters: {'A1': 4.539510524180009, 'B1': 101.4238322531175, 'A2': 21.01649924789409, 'B2': 2.1708291846050014}. Best is trial 43 with value: 0.2788143455982208.
[I 2022-09-30 21:01:45,733] Trial 64 finished with value: 0.29349637031555176 and parameters: {'A1': 4.5801596131621976, 'B1': 150.9628461038544, 'A2': 21.12841636726709, 'B2': 2.292961335557388}. Best is trial 43 with value: 0.2788143455982208.
[I 2022-09-30 21:04:46,592] Trial 65 finished with value: 0.3828556537628174 and parameters: {'A1': 4.81154051145505, 'B1': 100.1170720352707, 'A2': 24.51688053690334, 'B2': 1.3938471198654403}. Best is trial 43 with value: 0.2788143455982208.
[I 2022-09-30 21:11:41,815] Trial 66 finished with value: 0.833116352558136 and parameters: {'A1': 1.5859698592422937, 'B1': 244.87001317552622, 'A2': 19.73217983470087, 'B2': 1.7843586204283906}. Best is trial 43 with value: 0.2788143455982208.
[I 2022-09-30 21:20:34,480] Trial 67 finished with value: 0.7253913879394531 and parameters: {'A1': 4.085862936327254, 'B1': 3416.572942389433, 'A2': 20.964995476383667, 'B2': 1.2719808865771216}. Best is trial 43 with value: 0.2788143455982208.
[I 2022-09-30 21:23:32,493] Trial 68 finished with value: 0.30521661043167114 and parameters: {'A1': 4.426082504116848, 'B1': 188.51715067930598, 'A2': 22.822540421795733, 'B2': 1.0272817385711686}. Best is trial 43 with value: 0.2788143455982208.
[I 2022-09-30 21:26:30,755] Trial 69 finished with value: 0.29904797673225403 and parameters: {'A1': 4.819652369153243, 'B1': 116.76689067136317, 'A2': 26.188024113636203, 'B2': 1.9552249140728408}. Best is trial 43 with value: 0.2788143455982208.
[I 2022-09-30 21:31:28,765] Trial 70 finished with value: 0.31960582733154297 and parameters: {'A1': 4.612594750030204, 'B1': 147.2567456631869, 'A2': 31.64428769000065, 'B2': 2.164273491512947}. Best is trial 43 with value: 0.2788143455982208.
[I 2022-09-30 21:34:28,709] Trial 71 finished with value: 0.4375799894332886 and parameters: {'A1': 4.22790737968256, 'B1': 125.8293892961852, 'A2': 38.15656300716044, 'B2': 1.642344587522971}. Best is trial 43 with value: 0.2788143455982208.
[I 2022-09-30 21:37:28,010] Trial 72 finished with value: 0.2841111719608307 and parameters: {'A1': 4.3924070054146425, 'B1': 136.24965063649717, 'A2': 23.460260582861263, 'B2': 2.5333720677191813}. Best is trial 43 with value: 0.2788143455982208.
[I 2022-09-30 21:44:20,532] Trial 73 finished with value: 0.6906400918960571 and parameters: {'A1': 1.036681040674772, 'B1': 172.4063459367768, 'A2': 22.393247736944517, 'B2': 2.5483820803308026}. Best is trial 43 with value: 0.2788143455982208.
[I 2022-09-30 21:47:18,099] Trial 74 finished with value: 0.2906297445297241 and parameters: {'A1': 3.8156235835962806, 'B1': 144.531458308033, 'A2': 24.365805714890804, 'B2': 1.1736255528934838}. Best is trial 43 with value: 0.2788143455982208.
[I 2022-09-30 21:50:15,854] Trial 75 finished with value: 0.32091689109802246 and parameters: {'A1': 4.910337059022875, 'B1': 112.48367731299425, 'A2': 21.752463886663403, 'B2': 3.263168329415287}. Best is trial 43 with value: 0.2788143455982208.
[I 2022-09-30 21:55:09,976] Trial 76 finished with value: 0.2924971878528595 and parameters: {'A1': 4.483574543142502, 'B1': 206.50475543638134, 'A2': 28.10233590179749, 'B2': 1.7775353285551556}. Best is trial 43 with value: 0.2788143455982208.
[I 2022-09-30 22:04:06,185] Trial 77 finished with value: 0.9348638653755188 and parameters: {'A1': 4.757285255560667, 'B1': 1154.1931539830102, 'A2': 18.47144723323398, 'B2': 2.066328601991699}. Best is trial 43 with value: 0.2788143455982208.
[I 2022-09-30 22:09:12,149] Trial 78 finished with value: 0.31958556175231934 and parameters: {'A1': 4.141891538996495, 'B1': 100.14039149460355, 'A2': 33.914927239301484, 'B2': 3.900782553703716}. Best is trial 43 with value: 0.2788143455982208.
[I 2022-09-30 22:12:10,054] Trial 79 finished with value: 0.3661864995956421 and parameters: {'A1': 4.359202623437202, 'B1': 128.1724265974015, 'A2': 25.03442985619335, 'B2': 1.399880057039146}. Best is trial 43 with value: 0.2788143455982208.
[I 2022-09-30 22:15:07,516] Trial 80 finished with value: 0.29214006662368774 and parameters: {'A1': 4.641898716794022, 'B1': 161.7426920399204, 'A2': 20.365550660113243, 'B2': 2.496044021807411}. Best is trial 43 with value: 0.2788143455982208.
[I 2022-09-30 22:18:05,473] Trial 81 finished with value: 0.28874287009239197 and parameters: {'A1': 4.298342380386168, 'B1': 132.00359057014208, 'A2': 23.353404755132296, 'B2': 4.731583255676991}. Best is trial 43 with value: 0.2788143455982208.
[I 2022-09-30 22:21:02,731] Trial 82 finished with value: 0.2915879189968109 and parameters: {'A1': 4.018639789387609, 'B1': 141.95248632762437, 'A2': 23.204058079672322, 'B2': 3.0267340850535778}. Best is trial 43 with value: 0.2788143455982208.
[I 2022-09-30 22:23:59,863] Trial 83 finished with value: 0.30259400606155396 and parameters: {'A1': 4.509540074586797, 'B1': 187.14710065160747, 'A2': 26.89087761727138, 'B2': 4.343039326051305}. Best is trial 43 with value: 0.2788143455982208.
[I 2022-09-30 22:26:57,115] Trial 84 finished with value: 0.2777758538722992 and parameters: {'A1': 4.998287497769276, 'B1': 110.68227766669601, 'A2': 21.74935806602261, 'B2': 2.34507583257443}. Best is trial 84 with value: 0.2777758538722992.
