[I 2022-09-30 22:29:54,269] Trial 85 finished with value: 0.3426034450531006 and parameters: {'A1': 4.64769172716989, 'B1': 217.75185318189892, 'A2': 19.631944345267772, 'B2': 1.6415819549141422}. Best is trial 84 with value: 0.2777758538722992.
[I 2022-09-30 22:32:51,832] Trial 86 finished with value: 0.2713022828102112 and parameters: {'A1': 4.876754486471053, 'B1': 113.27763480056127, 'A2': 21.723938127471932, 'B2': 2.344913774877045}. Best is trial 86 with value: 0.2713022828102112.
[I 2022-09-30 22:36:47,482] Trial 87 finished with value: 0.693014919757843 and parameters: {'A1': 4.996039745714455, 'B1': 112.52159558074413, 'A2': 21.565495117374663, 'B2': 1.2692067437992502}. Best is trial 86 with value: 0.2713022828102112.
[I 2022-09-30 22:39:43,400] Trial 88 finished with value: 0.2771008312702179 and parameters: {'A1': 4.9160711881893535, 'B1': 114.32561946764238, 'A2': 22.078242223707726, 'B2': 2.326853506203379}. Best is trial 86 with value: 0.2713022828102112.
[I 2022-09-30 22:42:39,965] Trial 89 finished with value: 0.31816011667251587 and parameters: {'A1': 4.870552024874877, 'B1': 119.85460712025501, 'A2': 15.864858334548465, 'B2': 1.4912397058880331}. Best is trial 86 with value: 0.2713022828102112.
[I 2022-09-30 22:45:36,315] Trial 90 finished with value: 0.29635491967201233 and parameters: {'A1': 4.733625137271573, 'B1': 106.34394495844832, 'A2': 18.443913669888083, 'B2': 1.9695816628866372}. Best is trial 86 with value: 0.2713022828102112.
[I 2022-09-30 22:48:32,759] Trial 91 finished with value: 0.3006417751312256 and parameters: {'A1': 4.864459162874251, 'B1': 133.47378475326494, 'A2': 22.333042103035655, 'B2': 2.3393788884405646}. Best is trial 86 with value: 0.2713022828102112.
[I 2022-09-30 22:51:29,550] Trial 92 finished with value: 0.2968719005584717 and parameters: {'A1': 4.714984488566794, 'B1': 140.65770584994158, 'A2': 20.76884759380365, 'B2': 2.8280524540990566}. Best is trial 86 with value: 0.2713022828102112.
[I 2022-09-30 22:54:26,416] Trial 93 finished with value: 0.29590940475463867 and parameters: {'A1': 4.876551855473793, 'B1': 120.24320987770993, 'A2': 24.245221113685965, 'B2': 1.7696943479049967}. Best is trial 86 with value: 0.2713022828102112.
[I 2022-09-30 22:57:22,733] Trial 94 finished with value: 0.28691262006759644 and parameters: {'A1': 4.9956113834625, 'B1': 169.51594736999743, 'A2': 22.723724552735433, 'B2': 2.1926075262274436}. Best is trial 86 with value: 0.2713022828102112.
[I 2022-09-30 23:00:19,630] Trial 95 finished with value: 0.3660397529602051 and parameters: {'A1': 4.572258729646719, 'B1': 109.11399230344574, 'A2': 23.815022128965868, 'B2': 1.0933682613845948}. Best is trial 86 with value: 0.2713022828102112.
[I 2022-09-30 23:03:16,662] Trial 96 finished with value: 0.28312206268310547 and parameters: {'A1': 4.40241348291692, 'B1': 100.03953358250446, 'A2': 21.877424295549375, 'B2': 2.7065013165018943}. Best is trial 86 with value: 0.2713022828102112.
[I 2022-09-30 23:07:12,403] Trial 97 finished with value: 0.7351921796798706 and parameters: {'A1': 4.731443026709501, 'B1': 102.6720792243388, 'A2': 22.017335981935307, 'B2': 1.36405721456728}. Best is trial 86 with value: 0.2713022828102112.
[I 2022-09-30 23:10:09,709] Trial 98 finished with value: 0.30970898270606995 and parameters: {'A1': 4.569754449395637, 'B1': 119.7638987553775, 'A2': 20.114597173116994, 'B2': 3.5199890089692207}. Best is trial 86 with value: 0.2713022828102112.
[I 2022-09-30 23:14:06,164] Trial 99 finished with value: 0.923538327217102 and parameters: {'A1': 1.9506335535467383, 'B1': 159.64696147449686, 'A2': 18.959192483924223, 'B2': 56.94841566398768}. Best is trial 86 with value: 0.2713022828102112.
{'A1': 4.876754486471053,
 'B1': 113.27763480056127,
 'A2': 21.723938127471932,
 'B2': 2.344913774877045}