def objective(trial):
  tudui = TUdui().to(device)
  tudui.load_state_dict(torch.load("model_pretrained_layer_3_size_32_ini_n_0_2_no_div_size.pth"))

  params = {
      "num_inner_loop": 50,
      "n": 100,
      "A1": trial.suggest_float("A1", 1, 5),
      "B1": trial.suggest_float("B1", 1e2, 1e4, log=True),
      "A2": trial.suggest_float("A2", 1, 1000, log=True), 
      "B2": trial.suggest_float("B2", 10, 40), 
      "C2": 3.5,
      "tudui": tudui
  }

  score = get_model_loss(params)
  return score

sampler = optuna.samplers.TPESampler(seed=511)
study = optuna.create_study(direction="minimize", sampler=sampler)
study.optimize(objective, n_trials=100, timeout=None, n_jobs = 1)

study.best_params

{'A1': 2.499593087971567,
 'B1': 2275.729733732404,
 'A2': 172.55857162731056,
 'B2': 24.705480045116214}

OrderedDict([('B1', 0.5612182617003559),
             ('A2', 0.3231643397420427),
             ('B2', 0.08511637570524261),
             ('A1', 0.030501022852358745)])

[I 2022-10-01 02:15:24,651] A new study created in memory with name: no-name-86b6075d-772c-4b50-a15a-5d79fd853b08
[I 2022-10-01 02:33:14,992] Trial 0 finished with value: 0.28730565309524536 and parameters: {'A1': 2.0774499057779727, 'B1': 4162.776653454513, 'A2': 5.18715837486826, 'B2': 30.723177819056573}. Best is trial 0 with value: 0.28730565309524536.
[I 2022-10-01 02:41:31,558] Trial 1 finished with value: 0.24884097278118134 and parameters: {'A1': 3.255919192962969, 'B1': 2689.3262945524075, 'A2': 1.8669252902682, 'B2': 19.785210709054276}. Best is trial 1 with value: 0.24884097278118134.
[I 2022-10-01 02:51:46,333] Trial 2 finished with value: 0.2209521383047104 and parameters: {'A1': 4.927173933669431, 'B1': 1774.4387818834607, 'A2': 449.49138655525394, 'B2': 22.622092531074962}. Best is trial 2 with value: 0.2209521383047104.
[I 2022-10-01 02:54:51,596] Trial 3 finished with value: 0.1662001758813858 and parameters: {'A1': 3.441440764228739, 'B1': 277.05740619433243, 'A2': 16.003725537553308, 'B2': 20.32859716389736}. Best is trial 3 with value: 0.1662001758813858.
[I 2022-10-01 02:55:54,231] Trial 4 finished with value: 0.9393991231918335 and parameters: {'A1': 4.955425465978887, 'B1': 116.23617394448908, 'A2': 278.7833595584077, 'B2': 27.960559643915808}. Best is trial 3 with value: 0.1662001758813858.
[I 2022-10-01 03:16:29,752] Trial 5 finished with value: 0.3196144700050354 and parameters: {'A1': 1.448457011996632, 'B1': 4726.2674626649705, 'A2': 1.0028189459517889, 'B2': 10.295687392741268}. Best is trial 3 with value: 0.1662001758813858.
[I 2022-10-01 03:20:37,405] Trial 6 finished with value: 0.19252824783325195 and parameters: {'A1': 3.033184997837071, 'B1': 655.2073456255198, 'A2': 22.09223202241715, 'B2': 26.556020528531963}. Best is trial 3 with value: 0.1662001758813858.
[I 2022-10-01 03:25:46,546] Trial 7 finished with value: 0.1994372010231018 and parameters: {'A1': 3.412687078243001, 'B1': 1104.7050211769124, 'A2': 1.305349828032454, 'B2': 35.82170961761279}. Best is trial 3 with value: 0.1662001758813858.
[I 2022-10-01 03:28:51,162] Trial 8 finished with value: 0.15726597607135773 and parameters: {'A1': 2.987140012292366, 'B1': 145.13720887502416, 'A2': 1.1288599978488858, 'B2': 14.650274462190193}. Best is trial 8 with value: 0.15726597607135773.
[I 2022-10-01 03:32:57,128] Trial 9 finished with value: 0.16507111489772797 and parameters: {'A1': 2.3391901107698923, 'B1': 348.5731070089986, 'A2': 33.010980134922754, 'B2': 28.35322617679223}. Best is trial 8 with value: 0.15726597607135773.
[I 2022-10-01 03:33:59,705] Trial 10 finished with value: 0.9393991231918335 and parameters: {'A1': 4.1762989555166685, 'B1': 103.32580600586405, 'A2': 85.07225931100506, 'B2': 11.031033549690456}. Best is trial 8 with value: 0.15726597607135773.
[I 2022-10-01 03:39:07,908] Trial 11 finished with value: 0.14499369263648987 and parameters: {'A1': 2.2430955045278935, 'B1': 354.0924167725173, 'A2': 77.95603952116038, 'B2': 15.56474242134444}. Best is trial 11 with value: 0.14499369263648987.
[I 2022-10-01 03:45:18,480] Trial 12 finished with value: 0.17275255918502808 and parameters: {'A1': 2.348639002174206, 'B1': 294.40145027604245, 'A2': 122.49709392462422, 'B2': 15.740546024848095}. Best is trial 11 with value: 0.14499369263648987.
[I 2022-10-01 03:49:24,856] Trial 13 finished with value: 0.20317350327968597 and parameters: {'A1': 1.1902909060615998, 'B1': 192.56137480060406, 'A2': 5.971642978855758, 'B2': 14.943463031320455}. Best is trial 11 with value: 0.14499369263648987.
[I 2022-10-01 03:50:27,142] Trial 14 finished with value: 0.9393991231918335 and parameters: {'A1': 1.8575716829359958, 'B1': 648.9956894914287, 'A2': 861.1035424037128, 'B2': 16.098765807172782}. Best is trial 11 with value: 0.14499369263648987.
[I 2022-10-01 03:55:34,748] Trial 15 finished with value: 0.13570502400398254 and parameters: {'A1': 2.548485220654112, 'B1': 522.8463125216548, 'A2': 70.35411450798307, 'B2': 39.86491371643656}. Best is trial 15 with value: 0.13570502400398254.
[I 2022-10-01 03:59:41,728] Trial 16 finished with value: 0.14711052179336548 and parameters: {'A1': 2.8441704975658535, 'B1': 554.0520233684396, 'A2': 60.42229876235351, 'B2': 36.98393469169222}. Best is trial 15 with value: 0.13570502400398254.
[I 2022-10-01 04:01:45,513] Trial 17 finished with value: 0.910190224647522 and parameters: {'A1': 1.6325021110386722, 'B1': 9953.459385735086, 'A2': 182.96752885697762, 'B2': 39.650481480846196}. Best is trial 15 with value: 0.13570502400398254.
[I 2022-10-01 04:08:55,952] Trial 18 finished with value: 0.17337951064109802 and parameters: {'A1': 2.470078044372983, 'B1': 1187.3900141110612, 'A2': 37.3573207197145, 'B2': 35.1486195962472}. Best is trial 15 with value: 0.13570502400398254.
[I 2022-10-01 04:12:01,810] Trial 19 finished with value: 0.16127867996692657 and parameters: {'A1': 3.8908529516187897, 'B1': 501.1814996719481, 'A2': 13.273769176001, 'B2': 32.151728186937206}. Best is trial 15 with value: 0.13570502400398254.
[I 2022-10-01 04:16:08,270] Trial 20 finished with value: 0.14891979098320007 and parameters: {'A1': 2.584405323535473, 'B1': 396.2668627560646, 'A2': 59.13671121285948, 'B2': 23.24042938343431}. Best is trial 15 with value: 0.13570502400398254.
[I 2022-10-01 04:21:20,414] Trial 21 finished with value: 0.14381277561187744 and parameters: {'A1': 2.773375896236751, 'B1': 824.3379486873453, 'A2': 59.86724884348176, 'B2': 39.708859827592164}. Best is trial 15 with value: 0.13570502400398254.
[I 2022-10-01 04:28:30,949] Trial 22 finished with value: 0.1595120131969452 and parameters: {'A1': 2.0832640811390313, 'B1': 948.336270990602, 'A2': 190.61672606933348, 'B2': 39.61542648102004}. Best is trial 15 with value: 0.13570502400398254.
[I 2022-10-01 04:34:42,030] Trial 23 finished with value: 0.16601470112800598 and parameters: {'A1': 2.727307241026433, 'B1': 198.98073462745268, 'A2': 95.2013083783168, 'B2': 34.22933403510089}. Best is trial 15 with value: 0.13570502400398254.
[I 2022-10-01 04:38:48,954] Trial 24 finished with value: 0.15660113096237183 and parameters: {'A1': 3.862854081652296, 'B1': 808.1716822715338, 'A2': 46.10667602351158, 'B2': 38.005754818507185}. Best is trial 15 with value: 0.13570502400398254.
[I 2022-10-01 04:54:11,817] Trial 25 finished with value: 0.14341416954994202 and parameters: {'A1': 1.880183353373741, 'B1': 1966.4655562285018, 'A2': 405.4194213070029, 'B2': 32.55098802216549}. Best is trial 15 with value: 0.13570502400398254.
[I 2022-10-01 05:11:32,616] Trial 26 finished with value: 0.20380829274654388 and parameters: {'A1': 1.803209220095292, 'B1': 1684.3408465583195, 'A2': 918.8525164079363, 'B2': 33.05961662836243}. Best is trial 15 with value: 0.13570502400398254.
[I 2022-10-01 05:28:57,513] Trial 27 finished with value: 0.16460660099983215 and parameters: {'A1': 1.0903003267690636, 'B1': 1620.3167852925421, 'A2': 427.29028351418833, 'B2': 30.345677873475708}. Best is trial 15 with value: 0.13570502400398254.
[I 2022-10-01 05:46:24,299] Trial 28 finished with value: 0.19278202950954437 and parameters: {'A1': 1.4224661299239973, 'B1': 2763.727725979589, 'A2': 145.0575501476162, 'B2': 37.410749205087676}. Best is trial 15 with value: 0.13570502400398254.
[I 2022-10-01 06:00:00,147] Trial 29 finished with value: 0.300216943025589 and parameters: {'A1': 1.9419879539037352, 'B1': 3406.8473960174447, 'A2': 6.5928806034931675, 'B2': 30.9496058941591}. Best is trial 15 with value: 0.13570502400398254.
[I 2022-10-01 06:20:34,697] Trial 30 finished with value: 0.3097480237483978 and parameters: {'A1': 2.07266099646403, 'B1': 8067.984802301083, 'A2': 321.60265679244543, 'B2': 38.817741767628604}. Best is trial 15 with value: 0.13570502400398254.
[I 2022-10-01 06:27:45,782] Trial 31 finished with value: 0.2010212242603302 and parameters: {'A1': 2.280374387944195, 'B1': 1248.95190434371, 'A2': 25.66988887625374, 'B2': 34.26485012095838}. Best is trial 15 with value: 0.13570502400398254.
[I 2022-10-01 06:31:53,472] Trial 32 finished with value: 0.150556743144989 and parameters: {'A1': 2.6505976338739106, 'B1': 388.78923616379006, 'A2': 70.31162320312906, 'B2': 36.39230504234594}. Best is trial 15 with value: 0.13570502400398254.
[I 2022-10-01 06:37:04,862] Trial 33 finished with value: 0.1840781569480896 and parameters: {'A1': 3.1548443412612723, 'B1': 767.7340630343507, 'A2': 11.833768740128676, 'B2': 18.550365873660336}. Best is trial 15 with value: 0.13570502400398254.
[I 2022-10-01 06:46:16,620] Trial 34 finished with value: 0.24870529770851135 and parameters: {'A1': 2.1590866921907406, 'B1': 1971.731812885223, 'A2': 3.610120968850988, 'B2': 29.49919479590055}. Best is trial 15 with value: 0.13570502400398254.
[I 2022-10-01 06:56:31,470] Trial 35 finished with value: 0.25669345259666443 and parameters: {'A1': 1.6213058625404775, 'B1': 481.5451626162146, 'A2': 544.6236030796584, 'B2': 22.130964211551273}. Best is trial 15 with value: 0.13570502400398254.
[I 2022-10-01 07:01:39,079] Trial 36 finished with value: 0.18225091695785522 and parameters: {'A1': 2.84360093506021, 'B1': 215.20845761780134, 'A2': 119.92706209492447, 'B2': 25.846866906395032}. Best is trial 15 with value: 0.13570502400398254.
[I 2022-10-01 07:16:58,330] Trial 37 finished with value: 0.11410483717918396 and parameters: {'A1': 2.500052683058541, 'B1': 2179.553873404048, 'A2': 254.4539356306428, 'B2': 32.54058305894847}. Best is trial 37 with value: 0.11410483717918396.
[I 2022-10-01 07:32:15,429] Trial 38 finished with value: 0.15346544981002808 and parameters: {'A1': 3.343742943733459, 'B1': 4627.744683453806, 'A2': 270.56056907355264, 'B2': 32.1721236381833}. Best is trial 37 with value: 0.11410483717918396.
[I 2022-10-01 07:47:26,729] Trial 39 finished with value: 0.16021543741226196 and parameters: {'A1': 3.7332155078981897, 'B1': 2674.2155127893357, 'A2': 656.2129489257663, 'B2': 37.97789360023979}. Best is trial 37 with value: 0.11410483717918396.
[I 2022-10-01 08:02:30,990] Trial 40 finished with value: 0.14733406901359558 and parameters: {'A1': 4.576150605507389, 'B1': 5858.794186087336, 'A2': 344.1058726606459, 'B2': 39.96057780352279}. Best is trial 37 with value: 0.11410483717918396.
[I 2022-10-01 08:17:37,645] Trial 41 finished with value: 0.11204221844673157 and parameters: {'A1': 2.473808471165387, 'B1': 2199.2805286380058, 'A2': 188.0192479768327, 'B2': 23.94004230265654}. Best is trial 41 with value: 0.11204221844673157.
[I 2022-10-01 08:32:42,474] Trial 42 finished with value: 0.11751705408096313 and parameters: {'A1': 2.515874709317292, 'B1': 2585.132408433435, 'A2': 200.23440780769891, 'B2': 22.96042765273145}. Best is trial 41 with value: 0.11204221844673157.
[I 2022-10-01 08:47:45,935] Trial 43 finished with value: 0.11094942688941956 and parameters: {'A1': 2.499593087971567, 'B1': 2275.729733732404, 'A2': 172.55857162731056, 'B2': 24.705480045116214}. Best is trial 43 with value: 0.11094942688941956.
[I 2022-10-01 09:02:47,668] Trial 44 finished with value: 0.1202271580696106 and parameters: {'A1': 2.5437670445834715, 'B1': 2659.726507993224, 'A2': 220.8600745163461, 'B2': 24.094029478951946}. Best is trial 43 with value: 0.11094942688941956.
[I 2022-10-01 09:17:49,411] Trial 45 finished with value: 0.11972983181476593 and parameters: {'A1': 2.4462417777793766, 'B1': 2531.0908408625114, 'A2': 221.3831262891992, 'B2': 23.944737975168337}. Best is trial 43 with value: 0.11094942688941956.
[I 2022-10-01 09:32:46,842] Trial 46 finished with value: 0.13236472010612488 and parameters: {'A1': 2.9943354150735475, 'B1': 3402.2511390666136, 'A2': 241.29586868349924, 'B2': 20.525921337445514}. Best is trial 43 with value: 0.11094942688941956.
[I 2022-10-01 09:49:48,730] Trial 47 finished with value: 0.15466314554214478 and parameters: {'A1': 2.4528225700316675, 'B1': 2300.577566006041, 'A2': 596.3913322007099, 'B2': 27.174784803326748}. Best is trial 43 with value: 0.11094942688941956.
[I 2022-10-01 10:04:47,474] Trial 48 finished with value: 0.12196715176105499 and parameters: {'A1': 3.189943659254351, 'B1': 3585.2697791783744, 'A2': 165.13537191079814, 'B2': 24.49611067207805}. Best is trial 43 with value: 0.11094942688941956.
[I 2022-10-01 10:11:45,886] Trial 49 finished with value: 0.12938809394836426 and parameters: {'A1': 3.5192851690782647, 'B1': 1381.3054997525242, 'A2': 97.0169205819981, 'B2': 21.387237560245683}. Best is trial 43 with value: 0.11094942688941956.
[I 2022-10-01 10:28:43,172] Trial 50 finished with value: 0.2430020272731781 and parameters: {'A1': 2.398198495446334, 'B1': 5996.572639915667, 'A2': 119.68972844067423, 'B2': 18.694182018606487}. Best is trial 43 with value: 0.11094942688941956.
[I 2022-10-01 10:43:38,938] Trial 51 finished with value: 0.11865310370922089 and parameters: {'A1': 2.6442531562128986, 'B1': 2718.3522208723157, 'A2': 215.2416301860135, 'B2': 23.848149482281354}. Best is trial 43 with value: 0.11094942688941956.
[I 2022-10-01 10:58:38,944] Trial 52 finished with value: 0.11753691732883453 and parameters: {'A1': 2.966966107846543, 'B1': 2274.21415463466, 'A2': 264.45434307192073, 'B2': 25.26838247275624}. Best is trial 43 with value: 0.11094942688941956.
[I 2022-10-01 11:15:37,126] Trial 53 finished with value: 0.13590730726718903 and parameters: {'A1': 2.9149079517616148, 'B1': 3979.5856490410138, 'A2': 300.4486331538987, 'B2': 25.764913132599524}. Best is trial 43 with value: 0.11094942688941956.
[I 2022-10-01 11:24:38,520] Trial 54 finished with value: 0.1260676085948944 and parameters: {'A1': 2.679397355527903, 'B1': 1486.1757208083202, 'A2': 142.28154391546386, 'B2': 28.164862662234167}. Best is trial 43 with value: 0.11094942688941956.
[I 2022-10-01 11:39:40,919] Trial 55 finished with value: 0.14769527316093445 and parameters: {'A1': 3.0671598818288883, 'B1': 1974.9577514350894, 'A2': 459.76835714348437, 'B2': 21.815642617623173}. Best is trial 43 with value: 0.11094942688941956.
[I 2022-10-01 11:54:48,564] Trial 56 finished with value: 0.2243427038192749 and parameters: {'A1': 2.7824586961436473, 'B1': 2231.3875964214285, 'A2': 708.4865359880124, 'B2': 19.307919318089922}. Best is trial 43 with value: 0.11094942688941956.
[I 2022-10-01 12:09:52,722] Trial 57 finished with value: 0.15276220440864563 and parameters: {'A1': 2.230070900963049, 'B1': 3184.693399481623, 'A2': 184.5922192530416, 'B2': 26.910475249162204}. Best is trial 43 with value: 0.11094942688941956.
[I 2022-10-01 12:26:55,927] Trial 58 finished with value: 0.22733649611473083 and parameters: {'A1': 2.6352672492945666, 'B1': 5465.375121551186, 'A2': 353.099374609235, 'B2': 17.087335963487057}. Best is trial 43 with value: 0.11094942688941956.
[I 2022-10-01 12:33:59,056] Trial 59 finished with value: 0.1287984549999237 and parameters: {'A1': 3.045583702747522, 'B1': 1048.5251929004116, 'A2': 101.3957609659042, 'B2': 22.924789685386795}. Best is trial 43 with value: 0.11094942688941956.
[I 2022-10-01 12:51:05,646] Trial 60 finished with value: 0.14040018618106842 and parameters: {'A1': 2.0485057502125033, 'B1': 3021.2339992000498, 'A2': 257.9506069749499, 'B2': 25.651771463968025}. Best is trial 43 with value: 0.11094942688941956.
[I 2022-10-01 13:06:15,097] Trial 61 finished with value: 0.11616945266723633 and parameters: {'A1': 2.3773151215787744, 'B1': 2323.525969061098, 'A2': 212.79624798823133, 'B2': 23.401607648341077}. Best is trial 43 with value: 0.11094942688941956.
[I 2022-10-01 13:23:29,171] Trial 62 finished with value: 0.1732843816280365 and parameters: {'A1': 2.2879948651551305, 'B1': 4199.15787296468, 'A2': 155.98347782101447, 'B2': 20.95534590464507}. Best is trial 43 with value: 0.11094942688941956.
[I 2022-10-01 13:38:34,144] Trial 63 finished with value: 0.1396929770708084 and parameters: {'A1': 2.523293232090017, 'B1': 2180.0723838708423, 'A2': 410.1895758788419, 'B2': 24.733267606030957}. Best is trial 43 with value: 0.11094942688941956.
[I 2022-10-01 13:47:37,991] Trial 64 finished with value: 0.1522027999162674 and parameters: {'A1': 2.8536149605176586, 'B1': 1751.6733814110473, 'A2': 185.4277045914808, 'B2': 23.280012602307412}. Best is trial 43 with value: 0.11094942688941956.
[I 2022-10-01 13:57:42,258] Trial 65 finished with value: 0.29285573959350586 and parameters: {'A1': 2.3537115392449084, 'B1': 1439.4964139597937, 'A2': 524.5166993899651, 'B2': 13.250143364225357}. Best is trial 43 with value: 0.11094942688941956.
[I 2022-10-01 14:12:47,258] Trial 66 finished with value: 0.1133417934179306 and parameters: {'A1': 2.725411495492503, 'B1': 2289.979400022309, 'A2': 216.60708562441357, 'B2': 29.277514557453337}. Best is trial 43 with value: 0.11094942688941956.
[I 2022-10-01 14:21:49,386] Trial 67 finished with value: 0.17653000354766846 and parameters: {'A1': 2.159089946879059, 'B1': 1901.7444273033489, 'A2': 118.82744025065246, 'B2': 29.23176772720879}. Best is trial 43 with value: 0.11094942688941956.
[I 2022-10-01 14:29:51,618] Trial 68 finished with value: 0.2082015573978424 and parameters: {'A1': 2.922844733700898, 'B1': 2377.340047477046, 'A2': 46.49923248004151, 'B2': 27.362770802553808}. Best is trial 43 with value: 0.11094942688941956.
[I 2022-10-01 14:38:55,025] Trial 69 finished with value: 0.1642981767654419 and parameters: {'A1': 3.2850485512087895, 'B1': 1201.7724622580224, 'A2': 292.44306847034835, 'B2': 29.002147693236253}. Best is trial 43 with value: 0.11094942688941956.
[I 2022-10-01 14:53:59,778] Trial 70 finished with value: 0.1911892592906952 and parameters: {'A1': 2.7504475358272678, 'B1': 1545.8248651050671, 'A2': 746.8103740590557, 'B2': 30.43799016267186}. Best is trial 43 with value: 0.11094942688941956.
[I 2022-10-01 15:09:05,524] Trial 71 finished with value: 0.13045969605445862 and parameters: {'A1': 2.48669860229801, 'B1': 2935.6096213492715, 'A2': 212.58763003671825, 'B2': 22.64562363478025}. Best is trial 43 with value: 0.11094942688941956.
[I 2022-10-01 15:18:09,175] Trial 72 finished with value: 0.1745605170726776 and parameters: {'A1': 2.6793757333358736, 'B1': 2265.2468462154093, 'A2': 136.28931035788074, 'B2': 25.263795645735453}. Best is trial 43 with value: 0.11094942688941956.
[I 2022-10-01 15:35:14,325] Trial 73 finished with value: 0.20474809408187866 and parameters: {'A1': 1.9810334368712132, 'B1': 3814.7729945846486, 'A2': 363.2157233963414, 'B2': 23.883088239154684}. Best is trial 43 with value: 0.11094942688941956.
[I 2022-10-01 15:52:23,888] Trial 74 finished with value: 0.17811600863933563 and parameters: {'A1': 2.569006633599271, 'B1': 4743.435188531114, 'A2': 265.7300001316004, 'B2': 26.54677832631424}. Best is trial 43 with value: 0.11094942688941956.
[I 2022-10-01 16:07:33,307] Trial 75 finished with value: 0.12008783966302872 and parameters: {'A1': 1.7404192412733082, 'B1': 1878.8953693082778, 'A2': 174.65229641400245, 'B2': 20.252298442967955}. Best is trial 43 with value: 0.11094942688941956.
[I 2022-10-01 16:16:42,429] Trial 76 finished with value: 0.17891813814640045 and parameters: {'A1': 3.500213145759819, 'B1': 3107.460385763019, 'A2': 81.3173480205134, 'B2': 31.311276963831098}. Best is trial 43 with value: 0.11094942688941956.
[I 2022-10-01 16:33:55,028] Trial 77 finished with value: 0.15901193022727966 and parameters: {'A1': 2.35515091340899, 'B1': 2783.4753872076462, 'A2': 481.6706499881789, 'B2': 22.308054979771907}. Best is trial 43 with value: 0.11094942688941956.
[I 2022-10-01 16:43:01,411] Trial 78 finished with value: 0.15737397968769073 and parameters: {'A1': 3.163479249710278, 'B1': 2092.6033899562813, 'A2': 212.69915609078126, 'B2': 33.55047359194743}. Best is trial 43 with value: 0.11094942688941956.
[I 2022-10-01 16:52:07,798] Trial 79 finished with value: 0.15616722404956818 and parameters: {'A1': 2.2257392050091385, 'B1': 1747.3272555080014, 'A2': 103.0563068856052, 'B2': 26.321298365044782}. Best is trial 43 with value: 0.11094942688941956.
[I 2022-10-01 17:07:17,881] Trial 80 finished with value: 0.12537360191345215 and parameters: {'A1': 2.5943295293568562, 'B1': 2435.589459930128, 'A2': 299.60638649551055, 'B2': 23.41427255426132}. Best is trial 43 with value: 0.11094942688941956.
[I 2022-10-01 17:22:26,519] Trial 81 finished with value: 0.11947815865278244 and parameters: {'A1': 2.4401737310419094, 'B1': 2563.686064155166, 'A2': 214.1455657933711, 'B2': 24.82323090208602}. Best is trial 43 with value: 0.11094942688941956.
[I 2022-10-01 17:31:31,867] Trial 82 finished with value: 0.16004066169261932 and parameters: {'A1': 2.4061622385562784, 'B1': 1310.1039794231037, 'A2': 235.09843585073838, 'B2': 25.07018523759172}. Best is trial 43 with value: 0.11094942688941956.
[I 2022-10-01 17:46:39,458] Trial 83 finished with value: 0.11131072789430618 and parameters: {'A1': 2.7889595618327574, 'B1': 2597.7176327669654, 'A2': 153.73644323535552, 'B2': 27.898151759697324}. Best is trial 43 with value: 0.11094942688941956.
