[I 2022-10-01 18:01:50,056] Trial 84 finished with value: 0.1281130313873291 and parameters: {'A1': 2.8401287408154245, 'B1': 3382.0266832404695, 'A2': 164.2067017412572, 'B2': 28.58492930417834}. Best is trial 43 with value: 0.11094942688941956.
[I 2022-10-01 18:10:56,715] Trial 85 finished with value: 0.12664338946342468 and parameters: {'A1': 2.9365364249465102, 'B1': 1597.1103448845743, 'A2': 142.97365885712267, 'B2': 26.11324265227926}. Best is trial 43 with value: 0.11094942688941956.
[I 2022-10-01 18:28:09,483] Trial 86 finished with value: 0.1605478823184967 and parameters: {'A1': 2.7345759735782127, 'B1': 4354.385105757525, 'A2': 333.8682056539299, 'B2': 27.63301516201957}. Best is trial 43 with value: 0.11094942688941956.
[I 2022-10-01 18:43:21,437] Trial 87 finished with value: 0.12953239679336548 and parameters: {'A1': 2.580142164288295, 'B1': 2886.0263951792253, 'A2': 125.04824938936524, 'B2': 29.7872909588375}. Best is trial 43 with value: 0.11094942688941956.
[I 2022-10-01 18:58:34,461] Trial 88 finished with value: 0.15810328722000122 and parameters: {'A1': 3.056933308816439, 'B1': 3695.8776692854995, 'A2': 394.5939666976293, 'B2': 31.437205516917302}. Best is trial 43 with value: 0.11094942688941956.
[I 2022-10-01 19:07:43,069] Trial 89 finished with value: 0.13955211639404297 and parameters: {'A1': 2.104627664199337, 'B1': 943.8211178653714, 'A2': 193.9707239363504, 'B2': 21.542078736087323}. Best is trial 43 with value: 0.11094942688941956.
[I 2022-10-01 19:16:50,849] Trial 90 finished with value: 0.24751858413219452 and parameters: {'A1': 2.8313486123009852, 'B1': 2575.290057934771, 'A2': 1.738277868128863, 'B2': 28.04629189462932}. Best is trial 43 with value: 0.11094942688941956.
[I 2022-10-01 19:32:01,756] Trial 91 finished with value: 0.11548595130443573 and parameters: {'A1': 2.477881049076265, 'B1': 2107.0248078848135, 'A2': 241.83376911415561, 'B2': 24.460556661674406}. Best is trial 43 with value: 0.11094942688941956.
[I 2022-10-01 19:45:10,165] Trial 92 finished with value: 0.11825289577245712 and parameters: {'A1': 2.6693515808318, 'B1': 2025.0086772239865, 'A2': 248.06051942000713, 'B2': 24.100100591645074}. Best is trial 43 with value: 0.11094942688941956.
[I 2022-10-01 20:00:19,783] Trial 93 finished with value: 0.1186753362417221 and parameters: {'A1': 2.268185830730697, 'B1': 2103.228425636341, 'A2': 257.79514698360043, 'B2': 24.360219048921984}. Best is trial 43 with value: 0.11094942688941956.
[I 2022-10-01 20:15:29,481] Trial 94 finished with value: 0.12161261588335037 and parameters: {'A1': 2.513016879895315, 'B1': 1831.2228971153254, 'A2': 313.72727299525326, 'B2': 22.687434403681266}. Best is trial 43 with value: 0.11094942688941956.
[I 2022-10-01 20:24:35,624] Trial 95 finished with value: 0.1711236536502838 and parameters: {'A1': 2.7158204934043813, 'B1': 2099.0110421816426, 'A2': 168.8106471056731, 'B2': 25.39324413797885}. Best is trial 43 with value: 0.11094942688941956.
[I 2022-10-01 20:33:41,228] Trial 96 finished with value: 0.17697733640670776 and parameters: {'A1': 2.330760491693731, 'B1': 1601.2532297336256, 'A2': 258.35766570611463, 'B2': 35.61924356293325}. Best is trial 43 with value: 0.11094942688941956.
[I 2022-10-01 20:50:56,677] Trial 97 finished with value: 0.15193459391593933 and parameters: {'A1': 2.2036155132041064, 'B1': 3155.286349333004, 'A2': 367.76429725302575, 'B2': 26.774164233981445}. Best is trial 43 with value: 0.11094942688941956.
[I 2022-10-01 21:00:04,262] Trial 98 finished with value: 0.16447168588638306 and parameters: {'A1': 2.962985005125274, 'B1': 2395.3856852970866, 'A2': 70.07827329141452, 'B2': 23.550157935057694}. Best is trial 43 with value: 0.11094942688941956.
[I 2022-10-01 21:09:12,074] Trial 99 finished with value: 0.1333332359790802 and parameters: {'A1': 2.6369148011592545, 'B1': 1712.2626167004976, 'A2': 115.22465567959814, 'B2': 24.406426673415535}. Best is trial 43 with value: 0.11094942688941956.
{'A1': 2.499593087971567,
 'B1': 2275.729733732404,
 'A2': 172.55857162731056,
 'B2': 24.705480045116214}