[I 2022-09-18 08:51:00,560] Trial 65 finished with value: 0.16183747351169586 and parameters: {'num_inner_loop': 46, 'A1': 2.4681839942945096, 'B1': 54.04507004801779, 'C1': 4.523501417855676, 'A2': 12.079551734091275, 'B2': 5.853731425343239, 'C2': 0.6398001842718468}. Best is trial 55 with value: 0.13189047574996948.
[I 2022-09-18 08:58:52,315] Trial 66 finished with value: 0.2092677652835846 and parameters: {'num_inner_loop': 35, 'A1': 2.7463021552931695, 'B1': 59.63487916111435, 'C1': 4.817107990676225, 'A2': 15.930290736540544, 'B2': 5.351647315652783, 'C2': 0.8565182510761412}. Best is trial 55 with value: 0.13189047574996948.
[I 2022-09-18 09:06:03,426] Trial 67 finished with value: 0.22752141952514648 and parameters: {'num_inner_loop': 32, 'A1': 2.9096146098831883, 'B1': 83.05948109600807, 'C1': 3.419630002521393, 'A2': 18.908783099140628, 'B2': 4.020958057269856, 'C2': 1.2488179915708721}. Best is trial 55 with value: 0.13189047574996948.
[I 2022-09-18 09:13:28,246] Trial 68 finished with value: 0.22014650702476501 and parameters: {'num_inner_loop': 33, 'A1': 1.7146884238204099, 'B1': 67.36881000875347, 'C1': 3.7908847948609155, 'A2': 19.66083944035474, 'B2': 3.353744993012405, 'C2': 1.5025636083391012}. Best is trial 55 with value: 0.13189047574996948.
[I 2022-09-18 09:15:00,450] Trial 69 finished with value: 8.111021995544434 and parameters: {'num_inner_loop': 34, 'A1': 3.170120572860696, 'B1': 63.52101116335575, 'C1': 0.5469130723207556, 'A2': 13.701863379483925, 'B2': 4.6127832563256685, 'C2': 0.6170748774950949}. Best is trial 55 with value: 0.13189047574996948.
[I 2022-09-18 09:20:48,617] Trial 70 finished with value: 3.037646770477295 and parameters: {'num_inner_loop': 37, 'A1': 2.0727252811787675, 'B1': 33.856635402703155, 'C1': 1.0181547658313086, 'A2': 10.778150401942996, 'B2': 3.8084402776144897, 'C2': 0.9135154040405812}. Best is trial 55 with value: 0.13189047574996948.
[I 2022-09-18 09:30:54,075] Trial 71 finished with value: 0.16818685829639435 and parameters: {'num_inner_loop': 45, 'A1': 2.6539342407167745, 'B1': 55.419747057945465, 'C1': 4.604765101152198, 'A2': 12.084122045833592, 'B2': 6.227965989140773, 'C2': 0.6421690653801183}. Best is trial 55 with value: 0.13189047574996948.
[I 2022-09-18 09:40:46,792] Trial 72 finished with value: 0.16341540217399597 and parameters: {'num_inner_loop': 44, 'A1': 2.443968712655623, 'B1': 40.17124966435946, 'C1': 4.49297486758168, 'A2': 11.88106500557833, 'B2': 5.709635497953139, 'C2': 1.0725129599866485}. Best is trial 55 with value: 0.13189047574996948.
[I 2022-09-18 09:50:11,480] Trial 73 finished with value: 0.16388435661792755 and parameters: {'num_inner_loop': 42, 'A1': 2.4986790742313905, 'B1': 53.013996725876375, 'C1': 4.380190898313018, 'A2': 12.74775368723035, 'B2': 6.715288117712468, 'C2': 0.6381400133891689}. Best is trial 55 with value: 0.13189047574996948.
[I 2022-09-18 10:00:44,462] Trial 74 finished with value: 0.15528741478919983 and parameters: {'num_inner_loop': 47, 'A1': 2.179655612192939, 'B1': 47.3326779032874, 'C1': 4.549154343516439, 'A2': 12.242941574630404, 'B2': 5.821856191013942, 'C2': 0.8993316962286437}. Best is trial 55 with value: 0.13189047574996948.
[I 2022-09-18 10:11:44,338] Trial 75 finished with value: 0.20119310915470123 and parameters: {'num_inner_loop': 49, 'A1': 2.1886598944187643, 'B1': 73.60946801010051, 'C1': 4.155169684369462, 'A2': 12.340096288321972, 'B2': 5.290780028240671, 'C2': 0.8204866719149364}. Best is trial 55 with value: 0.13189047574996948.
[I 2022-09-18 10:22:16,825] Trial 76 finished with value: 0.26988139748573303 and parameters: {'num_inner_loop': 47, 'A1': 1.9830666306939952, 'B1': 46.94931810480271, 'C1': 3.0920924633459705, 'A2': 11.367338066851751, 'B2': 4.674867238748519, 'C2': 1.1617851867585385}. Best is trial 55 with value: 0.13189047574996948.
[I 2022-09-18 10:28:14,580] Trial 77 finished with value: 0.18038031458854675 and parameters: {'num_inner_loop': 38, 'A1': 2.3088027450868682, 'B1': 29.463001469144626, 'C1': 2.5956724847774995, 'A2': 17.990332540518725, 'B2': 3.7391870429482124, 'C2': 0.9384553085776446}. Best is trial 55 with value: 0.13189047574996948.
[I 2022-09-18 10:39:01,717] Trial 78 finished with value: 0.2535485029220581 and parameters: {'num_inner_loop': 48, 'A1': 1.8380540260374412, 'B1': 59.02954701376173, 'C1': 4.062751703353564, 'A2': 12.85322000029309, 'B2': 8.894768504996364, 'C2': 0.5313706678772678}. Best is trial 55 with value: 0.13189047574996948.
[I 2022-09-18 10:41:27,438] Trial 79 finished with value: 4.37899112701416 and parameters: {'num_inner_loop': 36, 'A1': 2.9402340737565926, 'B1': 47.027664038139385, 'C1': 1.389197757299661, 'A2': 14.459452926293316, 'B2': 4.107131506479659, 'C2': 1.6696768579513777}. Best is trial 55 with value: 0.13189047574996948.
[I 2022-09-18 10:44:30,518] Trial 80 finished with value: 1.03219473361969 and parameters: {'num_inner_loop': 34, 'A1': 4.966524710336969, 'B1': 41.672066374117385, 'C1': 3.862156738962782, 'A2': 15.358698476171117, 'B2': 1.2180196967527384, 'C2': 0.7623852637110743}. Best is trial 55 with value: 0.13189047574996948.
[I 2022-09-18 10:54:50,508] Trial 81 finished with value: 0.16080763936042786 and parameters: {'num_inner_loop': 46, 'A1': 2.704433217133292, 'B1': 57.38523284502911, 'C1': 4.561578351335953, 'A2': 11.446587895067145, 'B2': 5.90199468614481, 'C2': 0.6114612445116309}. Best is trial 55 with value: 0.13189047574996948.
[I 2022-09-18 11:05:10,710] Trial 82 finished with value: 0.17411905527114868 and parameters: {'num_inner_loop': 46, 'A1': 2.718725562024323, 'B1': 63.85665551025482, 'C1': 4.811734861336416, 'A2': 13.208487425515262, 'B2': 7.238379618997461, 'C2': 0.8515621351268917}. Best is trial 55 with value: 0.13189047574996948.
[I 2022-09-18 11:15:57,725] Trial 83 finished with value: 0.25881364941596985 and parameters: {'num_inner_loop': 48, 'A1': 2.5960521947691775, 'B1': 87.78315311686514, 'C1': 4.345690885138121, 'A2': 11.760344372309666, 'B2': 5.578344671887539, 'C2': 0.5000508943344115}. Best is trial 55 with value: 0.13189047574996948.
[I 2022-09-18 11:26:16,949] Trial 84 finished with value: 0.1937711387872696 and parameters: {'num_inner_loop': 46, 'A1': 2.167261537434377, 'B1': 51.8358816951155, 'C1': 4.649861741177869, 'A2': 11.422787389351091, 'B2': 5.019449895209676, 'C2': 1.0347142190574439}. Best is trial 55 with value: 0.13189047574996948.
[I 2022-09-18 11:35:57,101] Trial 85 finished with value: 0.20772065222263336 and parameters: {'num_inner_loop': 43, 'A1': 3.1114268737806734, 'B1': 56.486938227905505, 'C1': 4.886242487424457, 'A2': 12.320336116316206, 'B2': 6.2857594687463925, 'C2': 0.7322058644783322}. Best is trial 55 with value: 0.13189047574996948.
[I 2022-09-18 11:47:11,309] Trial 86 finished with value: 0.5692753791809082 and parameters: {'num_inner_loop': 50, 'A1': 2.2738506814227137, 'B1': 60.26303455828342, 'C1': 2.0046614262432447, 'A2': 10.891742983733813, 'B2': 4.354798794488776, 'C2': 1.3429699764393255}. Best is trial 55 with value: 0.13189047574996948.
[I 2022-09-18 11:54:23,165] Trial 87 finished with value: 0.3357924222946167 and parameters: {'num_inner_loop': 32, 'A1': 1.4364127783315075, 'B1': 70.15768857575259, 'C1': 4.293968089940099, 'A2': 17.23352627796231, 'B2': 7.016589121126803, 'C2': 0.5786733639427266}. Best is trial 55 with value: 0.13189047574996948.
[I 2022-09-18 12:00:40,010] Trial 88 finished with value: 1.9317913055419922 and parameters: {'num_inner_loop': 31, 'A1': 3.298327847057485, 'B1': 79.54285522617307, 'C1': 3.621384538121201, 'A2': 18.578352255793195, 'B2': 3.293549106298189, 'C2': 3.7475678177599323}. Best is trial 55 with value: 0.13189047574996948.
[I 2022-09-18 12:06:37,921] Trial 89 finished with value: 2.6998703479766846 and parameters: {'num_inner_loop': 33, 'A1': 2.8352909809127445, 'B1': 51.11883388406944, 'C1': 2.227289712915376, 'A2': 13.445672737654283, 'B2': 7.709094968108355, 'C2': 1.2164529646308235}. Best is trial 55 with value: 0.13189047574996948.
[I 2022-09-18 12:14:31,344] Trial 90 finished with value: 0.24216412007808685 and parameters: {'num_inner_loop': 35, 'A1': 2.3744916920668167, 'B1': 65.53977611835917, 'C1': 4.70622714361788, 'A2': 12.542438030935376, 'B2': 5.977062528525159, 'C2': 0.9388358284844756}. Best is trial 55 with value: 0.13189047574996948.
[I 2022-09-18 12:24:40,807] Trial 91 finished with value: 0.17867468297481537 and parameters: {'num_inner_loop': 45, 'A1': 2.5049787132934345, 'B1': 58.553446816932514, 'C1': 4.51580362647055, 'A2': 12.04398705425935, 'B2': 5.595664852975061, 'C2': 0.6209438612358665}. Best is trial 55 with value: 0.13189047574996948.
[I 2022-09-18 12:35:04,540] Trial 92 finished with value: 0.164581298828125 and parameters: {'num_inner_loop': 46, 'A1': 2.466234191751969, 'B1': 47.070260892436075, 'C1': 4.560839660241141, 'A2': 11.417322902919322, 'B2': 5.830105359085635, 'C2': 0.7377173339431488}. Best is trial 55 with value: 0.13189047574996948.
[I 2022-09-18 12:45:41,994] Trial 93 finished with value: 0.1364634782075882 and parameters: {'num_inner_loop': 47, 'A1': 3.0125412093000037, 'B1': 56.609111198870266, 'C1': 4.994314645243412, 'A2': 12.128764826174667, 'B2': 6.465760575652187, 'C2': 0.7912678226725871}. Best is trial 55 with value: 0.13189047574996948.
[I 2022-09-18 12:49:56,984] Trial 94 finished with value: 11.151782989501953 and parameters: {'num_inner_loop': 47, 'A1': 2.9970044114052046, 'B1': 61.5669584303815, 'C1': 0.7156821877466574, 'A2': 13.012628726503605, 'B2': 6.444579091293893, 'C2': 0.836129135815463}. Best is trial 55 with value: 0.13189047574996948.
[I 2022-09-18 13:00:48,311] Trial 95 finished with value: 0.22392471134662628 and parameters: {'num_inner_loop': 48, 'A1': 3.0930337935719976, 'B1': 70.39981309796617, 'C1': 4.955232931394701, 'A2': 12.627152395151292, 'B2': 4.798056265155662, 'C2': 0.98907494675109}. Best is trial 55 with value: 0.13189047574996948.
[I 2022-09-18 13:10:05,847] Trial 96 finished with value: 0.20266397297382355 and parameters: {'num_inner_loop': 41, 'A1': 2.7881233355109285, 'B1': 75.82720552487525, 'C1': 4.7987649164353385, 'A2': 10.99425404777181, 'B2': 3.5818379920823875, 'C2': 0.7254461772433005}. Best is trial 55 with value: 0.13189047574996948.
[I 2022-09-18 13:17:48,791] Trial 97 finished with value: 0.47623613476753235 and parameters: {'num_inner_loop': 34, 'A1': 3.4414146918104103, 'B1': 56.66920553281176, 'C1': 4.420129786674703, 'A2': 10.643069756373869, 'B2': 2.8631718310116314, 'C2': 3.0203336752697476}. Best is trial 55 with value: 0.13189047574996948.
[I 2022-09-18 13:23:36,651] Trial 98 finished with value: 0.3889695703983307 and parameters: {'num_inner_loop': 32, 'A1': 4.696750591995835, 'B1': 51.40906394232647, 'C1': 4.998484615600602, 'A2': 11.79636406015568, 'B2': 6.831312011336375, 'C2': 0.5743164353433707}. Best is trial 55 with value: 0.13189047574996948.
[I 2022-09-18 13:31:23,140] Trial 99 finished with value: 2.6953420639038086 and parameters: {'num_inner_loop': 49, 'A1': 1.7545043451255333, 'B1': 42.33189263527849, 'C1': 4.639816151425168, 'A2': 11.250247364883448, 'B2': 5.263984099463362, 'C2': 2.504759074601385}. Best is trial 55 with value: 0.13189047574996948.
{'num_inner_loop': 33,
 'A1': 3.148244674194931,
 'B1': 53.18693823384815,
 'C1': 4.784718266566237,
 'A2': 14.607028413154058,
 'B2': 6.247912903963958,
 'C2': 0.6596827292889476}


OrderedDict([('C1', 0.3760502969413353),
             ('C2', 0.27994253008531966),
             ('num_inner_loop', 0.16931610514205792),
             ('B2', 0.10289040610864822),
             ('A1', 0.031006192902873268),
             ('A2', 0.026095778924257),
             ('B1', 0.014698689895508859)])
