def objective(trial):
  tudui = TUdui().to(device)
  tudui.load_state_dict(torch.load("model_pretrained_layer_3_size_32_ini_n_0_2.pth"))

  params = {
    "n": 100,
    "lr": trial.suggest_float("lr", 1e-2, 1e-1, log=True),
    "outter_loop_gamma": trial.suggest_float("outter_loop_gamma", 0.8, 0.99),
    "outter_loop_decay_steps": trial.suggest_int("outter_loop_decay_steps", 3, 25),
    "patience": 22,
    "jko_t": trial.suggest_float("jko_t", 2e-1, 1e1, log=True), # jko step size
    "gamma": trial.suggest_float("gamma", 0.8, 0.99), # jko_gamma
    "jko_decay_step_size": trial.suggest_int("jko_decay_step_size", 3, 50),
    "tudui": tudui
  }

  score = get_model_loss(params)
  return score

sampler = optuna.samplers.TPESampler(seed=511)
study = optuna.create_study(direction="minimize", sampler=sampler)
study.optimize(objective, n_trials=20, timeout=None, n_jobs = 1)

study.best_params


[I 2022-09-17 21:48:03,268] A new study created in memory with name: no-name-82f7e523-5c8c-4247-a674-41262da8eec2
[I 2022-09-17 21:53:35,584] Trial 0 finished with value: 0.11034289002418518 and parameters: {'lr': 0.018593556869975183, 'outter_loop_gamma': 0.9538413954686511, 'outter_loop_decay_steps': 8, 'jko_t': 2.9828534224343013, 'gamma': 0.9071561616657411, 'jko_decay_step_size': 37}. Best is trial 0 with value: 0.11034289002418518.
[I 2022-09-17 21:59:27,512] Trial 1 finished with value: 0.13618484139442444 and parameters: {'lr': 0.012313333614517358, 'outter_loop_gamma': 0.8619730011573438, 'outter_loop_decay_steps': 25, 'jko_t': 2.3019113782019702, 'gamma': 0.9680056870147533, 'jko_decay_step_size': 23}. Best is trial 0 with value: 0.11034289002418518.
[I 2022-09-17 22:02:36,103] Trial 2 finished with value: 0.2775149941444397 and parameters: {'lr': 0.040771828716093104, 'outter_loop_gamma': 0.8420441275845382, 'outter_loop_decay_steps': 12, 'jko_t': 0.7690641277954682, 'gamma': 0.987882709633997, 'jko_decay_step_size': 4}. Best is trial 0 with value: 0.11034289002418518.
[I 2022-09-17 22:04:45,269] Trial 3 finished with value: 6.940751075744629 and parameters: {'lr': 0.06532643359292634, 'outter_loop_gamma': 0.9137502110781335, 'outter_loop_decay_steps': 5, 'jko_t': 5.290639537442934, 'gamma': 0.8000774269225829, 'jko_decay_step_size': 3}. Best is trial 0 with value: 0.11034289002418518.
[I 2022-09-17 22:08:08,704] Trial 4 finished with value: 0.19616231322288513 and parameters: {'lr': 0.03223266759399258, 'outter_loop_gamma': 0.8775559819832768, 'outter_loop_decay_steps': 13, 'jko_t': 1.7323517188109558, 'gamma': 0.9146026362165426, 'jko_decay_step_size': 28}. Best is trial 0 with value: 0.11034289002418518.
[I 2022-09-17 22:10:56,755] Trial 5 finished with value: 0.5897374749183655 and parameters: {'lr': 0.010928879531052314, 'outter_loop_gamma': 0.963537494244881, 'outter_loop_decay_steps': 14, 'jko_t': 0.2744470910021837, 'gamma': 0.8033338719678964, 'jko_decay_step_size': 10}. Best is trial 0 with value: 0.11034289002418518.
[I 2022-09-17 22:16:34,036] Trial 6 finished with value: 0.10328149050474167 and parameters: {'lr': 0.021617104783345404, 'outter_loop_gamma': 0.8515179183653286, 'outter_loop_decay_steps': 14, 'jko_t': 2.1898583363700896, 'gamma': 0.8496331829067703, 'jko_decay_step_size': 44}. Best is trial 6 with value: 0.10328149050474167.
[I 2022-09-17 22:19:41,956] Trial 7 finished with value: 0.21125134825706482 and parameters: {'lr': 0.070558211390884, 'outter_loop_gamma': 0.8370801402612724, 'outter_loop_decay_steps': 5, 'jko_t': 7.584227307384635, 'gamma': 0.9091736029902064, 'jko_decay_step_size': 4}. Best is trial 6 with value: 0.10328149050474167.
[I 2022-09-17 22:22:54,171] Trial 8 finished with value: 0.18708446621894836 and parameters: {'lr': 0.042707029892642544, 'outter_loop_gamma': 0.839347649919006, 'outter_loop_decay_steps': 7, 'jko_t': 3.823937421191696, 'gamma': 0.964596252239186, 'jko_decay_step_size': 26}. Best is trial 6 with value: 0.10328149050474167.
[I 2022-09-17 22:30:53,949] Trial 9 finished with value: 0.39948731660842896 and parameters: {'lr': 0.010515114514524691, 'outter_loop_gamma': 0.8050387462210458, 'outter_loop_decay_steps': 3, 'jko_t': 0.33637366935759, 'gamma': 0.9214160595432286, 'jko_decay_step_size': 30}. Best is trial 6 with value: 0.10328149050474167.
[I 2022-09-17 22:36:05,033] Trial 10 finished with value: 0.142957404255867 and parameters: {'lr': 0.021915929798136367, 'outter_loop_gamma': 0.9139828286171121, 'outter_loop_decay_steps': 20, 'jko_t': 0.776781599692622, 'gamma': 0.8515543229066608, 'jko_decay_step_size': 50}. Best is trial 6 with value: 0.10328149050474167.
[I 2022-09-17 22:39:11,857] Trial 11 finished with value: 0.21530994772911072 and parameters: {'lr': 0.020026165997584187, 'outter_loop_gamma': 0.9749926317196249, 'outter_loop_decay_steps': 9, 'jko_t': 3.0554159068257465, 'gamma': 0.8690908835550498, 'jko_decay_step_size': 45}. Best is trial 6 with value: 0.10328149050474167.
[I 2022-09-17 22:44:29,340] Trial 12 finished with value: 0.120135098695755 and parameters: {'lr': 0.018825597202433545, 'outter_loop_gamma': 0.940865135070587, 'outter_loop_decay_steps': 18, 'jko_t': 1.1490626558505312, 'gamma': 0.8551754172076295, 'jko_decay_step_size': 41}. Best is trial 6 with value: 0.10328149050474167.
[I 2022-09-17 22:50:21,921] Trial 13 finished with value: 0.16633225977420807 and parameters: {'lr': 0.015983855306796732, 'outter_loop_gamma': 0.8970588790162217, 'outter_loop_decay_steps': 10, 'jko_t': 9.886658920930449, 'gamma': 0.881914422000581, 'jko_decay_step_size': 37}. Best is trial 6 with value: 0.10328149050474167.
[I 2022-09-17 22:53:26,577] Trial 14 finished with value: 0.19834968447685242 and parameters: {'lr': 0.026794221645176596, 'outter_loop_gamma': 0.943125151184007, 'outter_loop_decay_steps': 16, 'jko_t': 1.373313147091292, 'gamma': 0.8401659394905903, 'jko_decay_step_size': 35}. Best is trial 6 with value: 0.10328149050474167.
[I 2022-09-17 22:59:15,253] Trial 15 finished with value: 0.22524844110012054 and parameters: {'lr': 0.014543820305961118, 'outter_loop_gamma': 0.9877863827120259, 'outter_loop_decay_steps': 21, 'jko_t': 4.438992910593951, 'gamma': 0.9380123572009311, 'jko_decay_step_size': 50}. Best is trial 6 with value: 0.10328149050474167.
[I 2022-09-17 23:04:37,035] Trial 16 finished with value: 0.09957267343997955 and parameters: {'lr': 0.028205693969166702, 'outter_loop_gamma': 0.8002970012663196, 'outter_loop_decay_steps': 10, 'jko_t': 2.387049588032263, 'gamma': 0.8207860057692135, 'jko_decay_step_size': 19}. Best is trial 16 with value: 0.09957267343997955.
[W 2022-09-17 23:04:45,368] Trial 17 failed because of the following error: ValueError('Expected value argument (Tensor of shape (1,)) to be within the support (IndependentConstraint(Real(), 1)) of the distribution MultivariateNormal(loc: tensor([2.5000]), covariance_matrix: tensor([[1.]])), but found invalid values:\ntensor([nan], grad_fn=<ReshapeAliasBackward0>)')
Traceback (most recent call last):

OrderedDict([('jko_decay_step_size', 0.3520826586231955),
             ('gamma', 0.29232094517064156),
             ('lr', 0.1936039969019281),
             ('jko_t', 0.1466617157197976),
             ('outter_loop_gamma', 0.012478751926402023),
             ('outter_loop_decay_steps', 0.0028519316580353136)])


[I 2022-09-17 23:27:38,060] A new study created in memory with name: no-name-846050e6-4183-444e-828f-1c1d34daeef3
[I 2022-09-17 23:33:45,469] Trial 0 finished with value: 0.11034289002418518 and parameters: {'lr': 0.018593556869975183, 'outter_loop_gamma': 0.9538413954686511, 'outter_loop_decay_steps': 8, 'jko_t': 2.9828534224343013, 'gamma': 0.9071561616657411, 'jko_decay_step_size': 37}. Best is trial 0 with value: 0.11034289002418518.
[I 2022-09-17 23:40:14,356] Trial 1 finished with value: 0.13618484139442444 and parameters: {'lr': 0.012313333614517358, 'outter_loop_gamma': 0.8619730011573438, 'outter_loop_decay_steps': 25, 'jko_t': 2.3019113782019702, 'gamma': 0.9680056870147533, 'jko_decay_step_size': 23}. Best is trial 0 with value: 0.11034289002418518.
[I 2022-09-17 23:43:39,731] Trial 2 finished with value: 0.2775149941444397 and parameters: {'lr': 0.040771828716093104, 'outter_loop_gamma': 0.8420441275845382, 'outter_loop_decay_steps': 12, 'jko_t': 0.7690641277954682, 'gamma': 0.987882709633997, 'jko_decay_step_size': 4}. Best is trial 0 with value: 0.11034289002418518.
[I 2022-09-17 23:45:39,314] Trial 3 finished with value: 6.940751075744629 and parameters: {'lr': 0.06532643359292634, 'outter_loop_gamma': 0.9137502110781335, 'outter_loop_decay_steps': 5, 'jko_t': 5.290639537442934, 'gamma': 0.8000774269225829, 'jko_decay_step_size': 3}. Best is trial 0 with value: 0.11034289002418518.
[I 2022-09-17 23:49:07,403] Trial 4 finished with value: 0.19616231322288513 and parameters: {'lr': 0.03223266759399258, 'outter_loop_gamma': 0.8775559819832768, 'outter_loop_decay_steps': 13, 'jko_t': 1.7323517188109558, 'gamma': 0.9146026362165426, 'jko_decay_step_size': 28}. Best is trial 0 with value: 0.11034289002418518.
[I 2022-09-17 23:51:43,075] Trial 5 finished with value: 0.5897374749183655 and parameters: {'lr': 0.010928879531052314, 'outter_loop_gamma': 0.963537494244881, 'outter_loop_decay_steps': 14, 'jko_t': 0.2744470910021837, 'gamma': 0.8033338719678964, 'jko_decay_step_size': 10}. Best is trial 0 with value: 0.11034289002418518.
[I 2022-09-17 23:57:22,933] Trial 6 finished with value: 0.10328149050474167 and parameters: {'lr': 0.021617104783345404, 'outter_loop_gamma': 0.8515179183653286, 'outter_loop_decay_steps': 14, 'jko_t': 2.1898583363700896, 'gamma': 0.8496331829067703, 'jko_decay_step_size': 44}. Best is trial 6 with value: 0.10328149050474167.
[I 2022-09-18 00:00:42,933] Trial 7 finished with value: 0.21125134825706482 and parameters: {'lr': 0.070558211390884, 'outter_loop_gamma': 0.8370801402612724, 'outter_loop_decay_steps': 5, 'jko_t': 7.584227307384635, 'gamma': 0.9091736029902064, 'jko_decay_step_size': 4}. Best is trial 6 with value: 0.10328149050474167.
[I 2022-09-18 00:04:06,290] Trial 8 finished with value: 0.18708446621894836 and parameters: {'lr': 0.042707029892642544, 'outter_loop_gamma': 0.839347649919006, 'outter_loop_decay_steps': 7, 'jko_t': 3.823937421191696, 'gamma': 0.964596252239186, 'jko_decay_step_size': 26}. Best is trial 6 with value: 0.10328149050474167.
[I 2022-09-18 00:12:53,812] Trial 9 finished with value: 0.39948731660842896 and parameters: {'lr': 0.010515114514524691, 'outter_loop_gamma': 0.8050387462210458, 'outter_loop_decay_steps': 3, 'jko_t': 0.33637366935759, 'gamma': 0.9214160595432286, 'jko_decay_step_size': 30}. Best is trial 6 with value: 0.10328149050474167.
[I 2022-09-18 00:18:12,963] Trial 10 finished with value: 0.142957404255867 and parameters: {'lr': 0.021915929798136367, 'outter_loop_gamma': 0.9139828286171121, 'outter_loop_decay_steps': 20, 'jko_t': 0.776781599692622, 'gamma': 0.8515543229066608, 'jko_decay_step_size': 50}. Best is trial 6 with value: 0.10328149050474167.
[I 2022-09-18 00:21:16,949] Trial 11 finished with value: 0.21530994772911072 and parameters: {'lr': 0.020026165997584187, 'outter_loop_gamma': 0.9749926317196249, 'outter_loop_decay_steps': 9, 'jko_t': 3.0554159068257465, 'gamma': 0.8690908835550498, 'jko_decay_step_size': 45}. Best is trial 6 with value: 0.10328149050474167.
[I 2022-09-18 00:26:23,361] Trial 12 finished with value: 0.120135098695755 and parameters: {'lr': 0.018825597202433545, 'outter_loop_gamma': 0.940865135070587, 'outter_loop_decay_steps': 18, 'jko_t': 1.1490626558505312, 'gamma': 0.8551754172076295, 'jko_decay_step_size': 41}. Best is trial 6 with value: 0.10328149050474167.
[I 2022-09-18 00:32:12,545] Trial 13 finished with value: 0.16633225977420807 and parameters: {'lr': 0.015983855306796732, 'outter_loop_gamma': 0.8970588790162217, 'outter_loop_decay_steps': 10, 'jko_t': 9.886658920930449, 'gamma': 0.881914422000581, 'jko_decay_step_size': 37}. Best is trial 6 with value: 0.10328149050474167.
[I 2022-09-18 00:35:20,554] Trial 14 finished with value: 0.19834968447685242 and parameters: {'lr': 0.026794221645176596, 'outter_loop_gamma': 0.943125151184007, 'outter_loop_decay_steps': 16, 'jko_t': 1.373313147091292, 'gamma': 0.8401659394905903, 'jko_decay_step_size': 35}. Best is trial 6 with value: 0.10328149050474167.
[I 2022-09-18 00:41:23,123] Trial 15 finished with value: 0.22524844110012054 and parameters: {'lr': 0.014543820305961118, 'outter_loop_gamma': 0.9877863827120259, 'outter_loop_decay_steps': 21, 'jko_t': 4.438992910593951, 'gamma': 0.9380123572009311, 'jko_decay_step_size': 50}. Best is trial 6 with value: 0.10328149050474167.
[I 2022-09-18 00:46:47,010] Trial 16 finished with value: 0.09957267343997955 and parameters: {'lr': 0.028205693969166702, 'outter_loop_gamma': 0.8002970012663196, 'outter_loop_decay_steps': 10, 'jko_t': 2.387049588032263, 'gamma': 0.8207860057692135, 'jko_decay_step_size': 19}. Best is trial 16 with value: 0.09957267343997955.
[W 2022-09-18 00:47:52,991] Trial 17 failed because of the following error: The value nan is not acceptable.
[I 2022-09-18 00:52:54,982] Trial 18 finished with value: 0.22294098138809204 and parameters: {'lr': 0.029841121358278787, 'outter_loop_gamma': 0.805110500295995, 'outter_loop_decay_steps': 11, 'jko_t': 0.4992820437864457, 'gamma': 0.8244346359453302, 'jko_decay_step_size': 18}. Best is trial 16 with value: 0.09957267343997955.
[I 2022-09-18 00:55:53,678] Trial 19 finished with value: 0.1931423842906952 and parameters: {'lr': 0.043547761227803634, 'outter_loop_gamma': 0.822712595786115, 'outter_loop_decay_steps': 17, 'jko_t': 1.904655360071195, 'gamma': 0.8293350579176492, 'jko_decay_step_size': 18}. Best is trial 16 with value: 0.09957267343997955.
{'lr': 0.028205693969166702,
 'outter_loop_gamma': 0.8002970012663196,
 'outter_loop_decay_steps': 10,
 'jko_t': 2.387049588032263,
 'gamma': 0.8207860057692135,
 'jko_decay_step_size': 19}


OrderedDict([('gamma', 0.3937822437745068),
             ('jko_decay_step_size', 0.28853083905554017),
             ('lr', 0.15781775290528205),
             ('jko_t', 0.10999709927656225),
             ('outter_loop_decay_steps', 0.03789522560773735),
             ('outter_loop_gamma', 0.01197683938037139)])

[I 2022-09-18 01:09:32,542] A new study created in memory with name: no-name-6d0209ba-dc3c-42c1-aa99-f62154351260
[I 2022-09-18 01:15:09,577] Trial 0 finished with value: 0.11034289002418518 and parameters: {'lr': 0.018593556869975183, 'outter_loop_gamma': 0.9538413954686511, 'outter_loop_decay_steps': 8, 'jko_t': 2.9828534224343013, 'gamma': 0.9071561616657411, 'jko_decay_step_size': 37}. Best is trial 0 with value: 0.11034289002418518.
[I 2022-09-18 01:21:05,304] Trial 1 finished with value: 0.13618484139442444 and parameters: {'lr': 0.012313333614517358, 'outter_loop_gamma': 0.8619730011573438, 'outter_loop_decay_steps': 25, 'jko_t': 2.3019113782019702, 'gamma': 0.9680056870147533, 'jko_decay_step_size': 23}. Best is trial 0 with value: 0.11034289002418518.
[I 2022-09-18 01:24:23,806] Trial 2 finished with value: 0.2775149941444397 and parameters: {'lr': 0.040771828716093104, 'outter_loop_gamma': 0.8420441275845382, 'outter_loop_decay_steps': 12, 'jko_t': 0.7690641277954682, 'gamma': 0.987882709633997, 'jko_decay_step_size': 4}. Best is trial 0 with value: 0.11034289002418518.
[I 2022-09-18 01:26:18,554] Trial 3 finished with value: 6.940751075744629 and parameters: {'lr': 0.06532643359292634, 'outter_loop_gamma': 0.9137502110781335, 'outter_loop_decay_steps': 5, 'jko_t': 5.290639537442934, 'gamma': 0.8000774269225829, 'jko_decay_step_size': 3}. Best is trial 0 with value: 0.11034289002418518.
[I 2022-09-18 01:29:31,433] Trial 4 finished with value: 0.19616231322288513 and parameters: {'lr': 0.03223266759399258, 'outter_loop_gamma': 0.8775559819832768, 'outter_loop_decay_steps': 13, 'jko_t': 1.7323517188109558, 'gamma': 0.9146026362165426, 'jko_decay_step_size': 28}. Best is trial 0 with value: 0.11034289002418518.
[I 2022-09-18 01:31:52,194] Trial 5 finished with value: 0.5897374749183655 and parameters: {'lr': 0.010928879531052314, 'outter_loop_gamma': 0.963537494244881, 'outter_loop_decay_steps': 14, 'jko_t': 0.2744470910021837, 'gamma': 0.8033338719678964, 'jko_decay_step_size': 10}. Best is trial 0 with value: 0.11034289002418518.
[I 2022-09-18 01:37:18,120] Trial 6 finished with value: 0.10328149050474167 and parameters: {'lr': 0.021617104783345404, 'outter_loop_gamma': 0.8515179183653286, 'outter_loop_decay_steps': 14, 'jko_t': 2.1898583363700896, 'gamma': 0.8496331829067703, 'jko_decay_step_size': 44}. Best is trial 6 with value: 0.10328149050474167.
[I 2022-09-18 01:40:26,269] Trial 7 finished with value: 0.21125134825706482 and parameters: {'lr': 0.070558211390884, 'outter_loop_gamma': 0.8370801402612724, 'outter_loop_decay_steps': 5, 'jko_t': 7.584227307384635, 'gamma': 0.9091736029902064, 'jko_decay_step_size': 4}. Best is trial 6 with value: 0.10328149050474167.
[I 2022-09-18 01:43:31,185] Trial 8 finished with value: 0.18708446621894836 and parameters: {'lr': 0.042707029892642544, 'outter_loop_gamma': 0.839347649919006, 'outter_loop_decay_steps': 7, 'jko_t': 3.823937421191696, 'gamma': 0.964596252239186, 'jko_decay_step_size': 26}. Best is trial 6 with value: 0.10328149050474167.
[I 2022-09-18 01:51:27,618] Trial 9 finished with value: 0.39948731660842896 and parameters: {'lr': 0.010515114514524691, 'outter_loop_gamma': 0.8050387462210458, 'outter_loop_decay_steps': 3, 'jko_t': 0.33637366935759, 'gamma': 0.9214160595432286, 'jko_decay_step_size': 30}. Best is trial 6 with value: 0.10328149050474167.
[I 2022-09-18 01:56:25,906] Trial 10 finished with value: 0.142957404255867 and parameters: {'lr': 0.021915929798136367, 'outter_loop_gamma': 0.9139828286171121, 'outter_loop_decay_steps': 20, 'jko_t': 0.776781599692622, 'gamma': 0.8515543229066608, 'jko_decay_step_size': 50}. Best is trial 6 with value: 0.10328149050474167.
[I 2022-09-18 01:59:24,395] Trial 11 finished with value: 0.21530994772911072 and parameters: {'lr': 0.020026165997584187, 'outter_loop_gamma': 0.9749926317196249, 'outter_loop_decay_steps': 9, 'jko_t': 3.0554159068257465, 'gamma': 0.8690908835550498, 'jko_decay_step_size': 45}. Best is trial 6 with value: 0.10328149050474167.
[I 2022-09-18 02:04:38,993] Trial 12 finished with value: 0.120135098695755 and parameters: {'lr': 0.018825597202433545, 'outter_loop_gamma': 0.940865135070587, 'outter_loop_decay_steps': 18, 'jko_t': 1.1490626558505312, 'gamma': 0.8551754172076295, 'jko_decay_step_size': 41}. Best is trial 6 with value: 0.10328149050474167.
[I 2022-09-18 02:10:43,119] Trial 13 finished with value: 0.16633225977420807 and parameters: {'lr': 0.015983855306796732, 'outter_loop_gamma': 0.8970588790162217, 'outter_loop_decay_steps': 10, 'jko_t': 9.886658920930449, 'gamma': 0.881914422000581, 'jko_decay_step_size': 37}. Best is trial 6 with value: 0.10328149050474167.
[I 2022-09-18 02:13:40,657] Trial 14 finished with value: 0.19834968447685242 and parameters: {'lr': 0.026794221645176596, 'outter_loop_gamma': 0.943125151184007, 'outter_loop_decay_steps': 16, 'jko_t': 1.373313147091292, 'gamma': 0.8401659394905903, 'jko_decay_step_size': 35}. Best is trial 6 with value: 0.10328149050474167.
[I 2022-09-18 02:19:23,162] Trial 15 finished with value: 0.22524844110012054 and parameters: {'lr': 0.014543820305961118, 'outter_loop_gamma': 0.9877863827120259, 'outter_loop_decay_steps': 21, 'jko_t': 4.438992910593951, 'gamma': 0.9380123572009311, 'jko_decay_step_size': 50}. Best is trial 6 with value: 0.10328149050474167.
[I 2022-09-18 02:24:25,092] Trial 16 finished with value: 0.09957267343997955 and parameters: {'lr': 0.028205693969166702, 'outter_loop_gamma': 0.8002970012663196, 'outter_loop_decay_steps': 10, 'jko_t': 2.387049588032263, 'gamma': 0.8207860057692135, 'jko_decay_step_size': 19}. Best is trial 16 with value: 0.09957267343997955.
[W 2022-09-18 02:25:26,138] Trial 17 failed because of the following error: The value nan is not acceptable.
[I 2022-09-18 02:30:30,228] Trial 18 finished with value: 0.22294098138809204 and parameters: {'lr': 0.029841121358278787, 'outter_loop_gamma': 0.805110500295995, 'outter_loop_decay_steps': 11, 'jko_t': 0.4992820437864457, 'gamma': 0.8244346359453302, 'jko_decay_step_size': 18}. Best is trial 16 with value: 0.09957267343997955.
[I 2022-09-18 02:33:32,612] Trial 19 finished with value: 0.1931423842906952 and parameters: {'lr': 0.043547761227803634, 'outter_loop_gamma': 0.822712595786115, 'outter_loop_decay_steps': 17, 'jko_t': 1.904655360071195, 'gamma': 0.8293350579176492, 'jko_decay_step_size': 18}. Best is trial 16 with value: 0.09957267343997955.
[I 2022-09-18 02:35:22,608] Trial 20 finished with value: 3.1543869972229004 and parameters: {'lr': 0.09277226000214563, 'outter_loop_gamma': 0.8709872958572608, 'outter_loop_decay_steps': 16, 'jko_t': 0.9808683633345975, 'gamma': 0.8839765355690311, 'jko_decay_step_size': 13}. Best is trial 16 with value: 0.09957267343997955.
[I 2022-09-18 02:39:21,005] Trial 21 finished with value: 0.25453388690948486 and parameters: {'lr': 0.024397465993142426, 'outter_loop_gamma': 0.8219787149474487, 'outter_loop_decay_steps': 14, 'jko_t': 6.2992854476834905, 'gamma': 0.8237294167075803, 'jko_decay_step_size': 20}. Best is trial 16 with value: 0.09957267343997955.
[I 2022-09-18 02:45:42,440] Trial 22 finished with value: 0.14393165707588196 and parameters: {'lr': 0.014944924964108486, 'outter_loop_gamma': 0.8967749617486774, 'outter_loop_decay_steps': 8, 'jko_t': 2.845018761797144, 'gamma': 0.8674275600458172, 'jko_decay_step_size': 34}. Best is trial 16 with value: 0.09957267343997955.
