def objective(trial):
  tudui = TUdui().to(device)
  tudui.load_state_dict(torch.load("model_pretrained_layer_3_size_32_ini_n_0_2.pth"))

  params = {
    "n": 100,
    "lr": trial.suggest_float("lr", 1e-2, 1e-1, log=True),
    "outter_loop_gamma": trial.suggest_float("outter_loop_gamma", 0.8, 0.99),
    "outter_loop_decay_steps": trial.suggest_int("outter_loop_decay_steps", 3, 25),
    "patience": 22,
    "jko_t": trial.suggest_float("jko_t", 2e-1, 1e1, log=True), # jko step size
    "gamma": trial.suggest_float("gamma", 0.8, 0.99), # jko_gamma
    "jko_decay_step_size": trial.suggest_int("jko_decay_step_size", 3, 50),
    "tudui": tudui
  }

  score = get_model_loss(params)
  return score

sampler = optuna.samplers.TPESampler(seed=511)
study = optuna.create_study(direction="minimize", sampler=sampler)
study.optimize(objective, n_trials=20, timeout=None, n_jobs = 1)

study.best_params

{'num_inner_loop': 36,
 'A1': 4.927173933669431,
 'B1': 42.12408790565632,
 'C1': 4.479082060875736,
 'A2': 14.207364177024987,
 'B2': 4.077182871609309,
 'C2': 1.4957819691074827}

OrderedDict([('num_inner_loop', 0.48495040681925733),
             ('C2', 0.24141211447328645),
             ('C1', 0.0830644447875855),
             ('B2', 0.07332776272391973),
             ('A2', 0.06044206296790645),
             ('A1', 0.033394102701425496),
             ('B1', 0.02340910552661908)])

[I 2022-09-17 21:43:43,211] A new study created in memory with name: no-name-0cab64a4-58de-48e7-a8d6-5a5afd45735c
[I 2022-09-17 21:46:54,530] Trial 0 finished with value: 0.4657849073410034 and parameters: {'num_inner_loop': 35, 'A1': 4.2387662203926535, 'B1': 17.31050891778216, 'C1': 3.608476672858486, 'A2': 15.639797982407423, 'B2': 5.185871474065286, 'C2': 0.9066904083589726}. Best is trial 0 with value: 0.4657849073410034.
[I 2022-09-17 21:55:01,574] Trial 1 finished with value: 0.14260849356651306 and parameters: {'num_inner_loop': 36, 'A1': 4.927173933669431, 'B1': 42.12408790565632, 'C1': 4.479082060875736, 'A2': 14.207364177024987, 'B2': 4.077182871609309, 'C2': 1.4957819691074827}. Best is trial 1 with value: 0.14260849356651306.
[I 2022-09-17 22:03:38,386] Trial 2 finished with value: 0.2646746337413788 and parameters: {'num_inner_loop': 38, 'A1': 2.377146288519648, 'B1': 97.46672343024987, 'C1': 0.647017938932862, 'A2': 18.15088949125205, 'B2': 3.9690385899653395, 'C2': 1.004514138496211}. Best is trial 1 with value: 0.14260849356651306.
[I 2022-09-17 22:14:50,204] Trial 3 finished with value: 0.29410701990127563 and parameters: {'num_inner_loop': 47, 'A1': 1.0016300404754293, 'B1': 10.229543334000088, 'C1': 2.787333122566705, 'A2': 14.081893788593513, 'B2': 2.8059495948686584, 'C2': 2.9834030792797943}. Best is trial 1 with value: 0.14260849356651306.
[I 2022-09-17 22:21:33,226] Trial 4 finished with value: 0.1968107372522354 and parameters: {'num_inner_loop': 42, 'A1': 3.0864926559928336, 'B1': 10.92887953105231, 'C1': 4.373256442641918, 'A2': 14.967850030730915, 'B2': 1.2047290520072307, 'C2': 0.5789601255554393}. Best is trial 1 with value: 0.14260849356651306.
[I 2022-09-17 22:23:49,695] Trial 5 finished with value: 2.4845118522644043 and parameters: {'num_inner_loop': 33, 'A1': 2.3391901107698923, 'B1': 18.67011266728186, 'C1': 2.7779876288554703, 'A2': 16.117742058930745, 'B2': 1.8248504477855163, 'C2': 4.396516151027328}. Best is trial 1 with value: 0.14260849356651306.
[I 2022-09-17 22:34:36,852] Trial 6 finished with value: 0.2662827968597412 and parameters: {'num_inner_loop': 47, 'A1': 1.78063453181626, 'B1': 13.234483409257475, 'C1': 4.681925540152281, 'A2': 15.745979104747708, 'B2': 1.0742939540513627, 'C2': 3.3372471604537344}. Best is trial 1 with value: 0.14260849356651306.
[I 2022-09-17 22:42:22,530] Trial 7 finished with value: 0.44560807943344116 and parameters: {'num_inner_loop': 34, 'A1': 1.7116919162855524, 'B1': 56.7896537096862, 'C1': 4.398332289875458, 'A2': 14.947242830908063, 'B2': 1.0515114514524684, 'C2': 0.6193387262879256}. Best is trial 1 with value: 0.14260849356651306.
[I 2022-09-17 22:43:45,006] Trial 8 finished with value: 0.8844926953315735 and parameters: {'num_inner_loop': 30, 'A1': 1.5315973714260198, 'B1': 43.55438565915999, 'C1': 3.1186971144703763, 'A2': 15.379147131717506, 'B2': 7.786856419381322, 'C2': 4.556057297534075}. Best is trial 1 with value: 0.14260849356651306.
[I 2022-09-17 22:55:17,003] Trial 9 finished with value: 0.7560908794403076 and parameters: {'num_inner_loop': 50, 'A1': 2.97959769158845, 'B1': 20.474453919790967, 'C1': 1.7474053923377078, 'A2': 17.444971404338375, 'B2': 1.4786956824782482, 'C2': 4.695631046854431}. Best is trial 1 with value: 0.14260849356651306.
{'num_inner_loop': 36,
 'A1': 4.927173933669431,
 'B1': 42.12408790565632,
 'C1': 4.479082060875736,
 'A2': 14.207364177024987,
 'B2': 4.077182871609309,
 'C2': 1.4957819691074827}

[I 2022-09-18 01:14:04,863] A new study created in memory with name: no-name-57e29bb8-c203-4c77-801a-bf6089cba16c
[I 2022-09-18 01:17:15,227] Trial 0 finished with value: 0.4657849073410034 and parameters: {'num_inner_loop': 35, 'A1': 4.2387662203926535, 'B1': 17.31050891778216, 'C1': 3.608476672858486, 'A2': 15.639797982407423, 'B2': 5.185871474065286, 'C2': 0.9066904083589726}. Best is trial 0 with value: 0.4657849073410034.
[I 2022-09-18 01:24:40,689] Trial 1 finished with value: 0.14260849356651306 and parameters: {'num_inner_loop': 36, 'A1': 4.927173933669431, 'B1': 42.12408790565632, 'C1': 4.479082060875736, 'A2': 14.207364177024987, 'B2': 4.077182871609309, 'C2': 1.4957819691074827}. Best is trial 1 with value: 0.14260849356651306.
[I 2022-09-18 01:32:29,085] Trial 2 finished with value: 0.2646746337413788 and parameters: {'num_inner_loop': 38, 'A1': 2.377146288519648, 'B1': 97.46672343024987, 'C1': 0.647017938932862, 'A2': 18.15088949125205, 'B2': 3.9690385899653395, 'C2': 1.004514138496211}. Best is trial 1 with value: 0.14260849356651306.
[I 2022-09-18 01:41:59,183] Trial 3 finished with value: 0.29410701990127563 and parameters: {'num_inner_loop': 47, 'A1': 1.0016300404754293, 'B1': 10.229543334000088, 'C1': 2.787333122566705, 'A2': 14.081893788593513, 'B2': 2.8059495948686584, 'C2': 2.9834030792797943}. Best is trial 1 with value: 0.14260849356651306.
[I 2022-09-18 01:47:55,320] Trial 4 finished with value: 0.1968107372522354 and parameters: {'num_inner_loop': 42, 'A1': 3.0864926559928336, 'B1': 10.92887953105231, 'C1': 4.373256442641918, 'A2': 14.967850030730915, 'B2': 1.2047290520072307, 'C2': 0.5789601255554393}. Best is trial 1 with value: 0.14260849356651306.
[I 2022-09-18 01:49:54,776] Trial 5 finished with value: 2.4845118522644043 and parameters: {'num_inner_loop': 33, 'A1': 2.3391901107698923, 'B1': 18.67011266728186, 'C1': 2.7779876288554703, 'A2': 16.117742058930745, 'B2': 1.8248504477855163, 'C2': 4.396516151027328}. Best is trial 1 with value: 0.14260849356651306.
[I 2022-09-18 01:59:22,214] Trial 6 finished with value: 0.2662827968597412 and parameters: {'num_inner_loop': 47, 'A1': 1.78063453181626, 'B1': 13.234483409257475, 'C1': 4.681925540152281, 'A2': 15.745979104747708, 'B2': 1.0742939540513627, 'C2': 3.3372471604537344}. Best is trial 1 with value: 0.14260849356651306.
[I 2022-09-18 02:06:16,264] Trial 7 finished with value: 0.44560807943344116 and parameters: {'num_inner_loop': 34, 'A1': 1.7116919162855524, 'B1': 56.7896537096862, 'C1': 4.398332289875458, 'A2': 14.947242830908063, 'B2': 1.0515114514524684, 'C2': 0.6193387262879256}. Best is trial 1 with value: 0.14260849356651306.
[I 2022-09-18 02:07:30,890] Trial 8 finished with value: 0.8844926953315735 and parameters: {'num_inner_loop': 30, 'A1': 1.5315973714260198, 'B1': 43.55438565915999, 'C1': 3.1186971144703763, 'A2': 15.379147131717506, 'B2': 7.786856419381322, 'C2': 4.556057297534075}. Best is trial 1 with value: 0.14260849356651306.
[I 2022-09-18 02:17:46,882] Trial 9 finished with value: 0.7560908794403076 and parameters: {'num_inner_loop': 50, 'A1': 2.97959769158845, 'B1': 20.474453919790967, 'C1': 1.7474053923377078, 'A2': 17.444971404338375, 'B2': 1.4786956824782482, 'C2': 4.695631046854431}. Best is trial 1 with value: 0.14260849356651306.
[I 2022-09-18 02:18:37,792] Trial 10 finished with value: 0.9445242285728455 and parameters: {'num_inner_loop': 41, 'A1': 4.948629896643806, 'B1': 31.952685801423158, 'C1': 1.8930332438228552, 'A2': 11.217093502451057, 'B2': 9.338546580665767, 'C2': 1.857190152768315}. Best is trial 1 with value: 0.14260849356651306.
[I 2022-09-18 02:26:58,351] Trial 11 finished with value: 0.4925472140312195 and parameters: {'num_inner_loop': 41, 'A1': 3.8655207984204725, 'B1': 59.053843622612746, 'C1': 3.937165328242196, 'A2': 12.73670722452138, 'B2': 2.6216389408467737, 'C2': 1.8739718128530232}. Best is trial 1 with value: 0.14260849356651306.
[I 2022-09-18 02:32:19,862] Trial 12 finished with value: 0.2741481065750122 and parameters: {'num_inner_loop': 38, 'A1': 3.6872450013590403, 'B1': 29.34742840084703, 'C1': 4.951030926487134, 'A2': 19.783517919444474, 'B2': 5.072120806462771, 'C2': 1.7554500894747287}. Best is trial 1 with value: 0.14260849356651306.
[I 2022-09-18 02:38:34,700] Trial 13 finished with value: 0.6298397183418274 and parameters: {'num_inner_loop': 44, 'A1': 4.755919867338686, 'B1': 30.263339973573704, 'C1': 3.946042488128869, 'A2': 12.97840414748407, 'B2': 1.9991540150502778, 'C2': 1.3284015592236735}. Best is trial 1 with value: 0.14260849356651306.
[I 2022-09-18 02:46:01,010] Trial 14 finished with value: 0.5889389514923096 and parameters: {'num_inner_loop': 37, 'A1': 3.2861900958327808, 'B1': 85.00632837102032, 'C1': 4.282915506166208, 'A2': 10.073530454336527, 'B2': 3.9504748643583403, 'C2': 2.223097572030479}. Best is trial 1 with value: 0.14260849356651306.
[I 2022-09-18 02:54:30,055] Trial 15 finished with value: 0.1514125019311905 and parameters: {'num_inner_loop': 42, 'A1': 4.365697714494399, 'B1': 43.68568422808387, 'C1': 4.935925027190909, 'A2': 13.356366724501108, 'B2': 6.218289752161935, 'C2': 0.5040397902989875}. Best is trial 1 with value: 0.14260849356651306.
[I 2022-09-18 03:03:34,479] Trial 16 finished with value: 0.17257119715213776 and parameters: {'num_inner_loop': 45, 'A1': 4.423716074196453, 'B1': 44.21227729873116, 'C1': 4.951964317215144, 'A2': 12.889534966443989, 'B2': 6.054000277400219, 'C2': 1.3911100698135779}. Best is trial 1 with value: 0.14260849356651306.
[I 2022-09-18 03:08:03,468] Trial 17 finished with value: 1.1164530515670776 and parameters: {'num_inner_loop': 31, 'A1': 4.292360096998755, 'B1': 69.87532776098324, 'C1': 3.4133924487356326, 'A2': 11.494055149636065, 'B2': 6.757103945746048, 'C2': 2.5476635669862624}. Best is trial 1 with value: 0.14260849356651306.
[I 2022-09-18 03:16:04,108] Trial 18 finished with value: 1.9381797313690186 and parameters: {'num_inner_loop': 39, 'A1': 4.695320127700159, 'B1': 40.733978560419395, 'C1': 2.189550286162563, 'A2': 13.926689896109828, 'B2': 3.7339522555222953, 'C2': 3.5638671505193784}. Best is trial 1 with value: 0.14260849356651306.
[I 2022-09-18 03:23:12,818] Trial 19 finished with value: 0.14607560634613037 and parameters: {'num_inner_loop': 36, 'A1': 3.8358884951705257, 'B1': 23.91637924137249, 'C1': 0.8142321782957758, 'A2': 16.823866118111496, 'B2': 9.36648129638854, 'C2': 1.3533137638522212}. Best is trial 1 with value: 0.14260849356651306.
[I 2022-09-18 03:23:55,769] Trial 20 finished with value: 0.9445242285728455 and parameters: {'num_inner_loop': 36, 'A1': 3.7002476988736777, 'B1': 23.67978801567018, 'C1': 0.6190669894858161, 'A2': 17.190087788654342, 'B2': 9.965676222847286, 'C2': 2.447704624658046}. Best is trial 1 with value: 0.14260849356651306.
[I 2022-09-18 03:30:25,168] Trial 21 finished with value: 2.8997230529785156 and parameters: {'num_inner_loop': 33, 'A1': 4.0209556627264575, 'B1': 36.92733478093332, 'C1': 1.282945310954376, 'A2': 13.869147350694027, 'B2': 7.845342203265989, 'C2': 1.292996757660621}. Best is trial 1 with value: 0.14260849356651306.
[I 2022-09-18 03:35:06,916] Trial 22 finished with value: 0.6843243837356567 and parameters: {'num_inner_loop': 40, 'A1': 4.649537764095654, 'B1': 25.849175567248587, 'C1': 1.3158851073463795, 'A2': 16.962235021213175, 'B2': 5.317029382175986, 'C2': 0.5154131348602967}. Best is trial 1 with value: 0.14260849356651306.
[I 2022-09-18 03:43:32,360] Trial 23 finished with value: 0.2362629771232605 and parameters: {'num_inner_loop': 43, 'A1': 3.4463601080086534, 'B1': 50.99557531687026, 'C1': 2.3315788941902458, 'A2': 18.778782876557592, 'B2': 7.453919286935416, 'C2': 1.007365946042616}. Best is trial 1 with value: 0.14260849356651306.
[I 2022-09-18 03:49:53,793] Trial 24 finished with value: 0.4333867132663727 and parameters: {'num_inner_loop': 36, 'A1': 4.975486617742604, 'B1': 36.17170648568005, 'C1': 4.0328103535206274, 'A2': 16.511543314278548, 'B2': 4.466119422938866, 'C2': 1.5825630409663918}. Best is trial 1 with value: 0.14260849356651306.
[I 2022-09-18 03:51:28,627] Trial 25 finished with value: 4.061045169830322 and parameters: {'num_inner_loop': 40, 'A1': 4.0350994579541055, 'B1': 71.01247775742154, 'C1': 3.496768019616459, 'A2': 11.8081945240085, 'B2': 5.956650554448512, 'C2': 2.155400390390331}. Best is trial 1 with value: 0.14260849356651306.
[I 2022-09-18 03:55:07,054] Trial 26 finished with value: 0.3280608057975769 and parameters: {'num_inner_loop': 37, 'A1': 4.455183980349392, 'B1': 15.29332470289654, 'C1': 4.6222318491005225, 'A2': 14.54022404182035, 'B2': 3.3071818048561195, 'C2': 0.9668134823003471}. Best is trial 1 with value: 0.14260849356651306.
[I 2022-09-18 03:57:03,527] Trial 27 finished with value: 2.70933198928833 and parameters: {'num_inner_loop': 33, 'A1': 4.190738923390438, 'B1': 23.249219670216167, 'C1': 1.096625134583047, 'A2': 13.193666990663832, 'B2': 8.650893451352871, 'C2': 1.2383991412362754}. Best is trial 1 with value: 0.14260849356651306.
[I 2022-09-18 04:04:05,725] Trial 28 finished with value: 0.6955417990684509 and parameters: {'num_inner_loop': 35, 'A1': 2.802431553075114, 'B1': 51.546742436465415, 'C1': 4.6693830217359515, 'A2': 11.950932813355424, 'B2': 6.642615117308989, 'C2': 2.8814389079528286}. Best is trial 1 with value: 0.14260849356651306.
[I 2022-09-18 04:11:20,734] Trial 29 finished with value: 0.9963248372077942 and parameters: {'num_inner_loop': 35, 'A1': 3.5346072399134267, 'B1': 34.20481321736999, 'C1': 3.2068389062054163, 'A2': 18.108934699234837, 'B2': 4.911798676535754, 'C2': 4.034197767409459}. Best is trial 1 with value: 0.14260849356651306.
[I 2022-09-18 04:14:37,285] Trial 30 finished with value: 0.3472236096858978 and parameters: {'num_inner_loop': 31, 'A1': 4.518301521341551, 'B1': 15.583988180793776, 'C1': 3.743812851452462, 'A2': 16.265256643933203, 'B2': 5.832881911256745, 'C2': 0.8043627967282238}. Best is trial 1 with value: 0.14260849356651306.
[I 2022-09-18 04:24:19,638] Trial 31 finished with value: 0.18647244572639465 and parameters: {'num_inner_loop': 46, 'A1': 4.311616218771763, 'B1': 44.407774685903576, 'C1': 4.920145000454434, 'A2': 13.489889323782256, 'B2': 6.513878446548532, 'C2': 1.4406631955937426}. Best is trial 1 with value: 0.14260849356651306.
[I 2022-09-18 04:33:27,680] Trial 32 finished with value: 0.18073900043964386 and parameters: {'num_inner_loop': 45, 'A1': 4.053333470570819, 'B1': 41.90440069456602, 'C1': 4.93402255070663, 'A2': 12.54235087175647, 'B2': 4.587605218115091, 'C2': 1.0923239374582412}. Best is trial 1 with value: 0.14260849356651306.
[I 2022-09-18 04:35:24,064] Trial 33 finished with value: 2.289310932159424 and parameters: {'num_inner_loop': 48, 'A1': 4.389243729504744, 'B1': 27.190948160616376, 'C1': 4.18809626040243, 'A2': 12.381144234191687, 'B2': 3.2818775458040212, 'C2': 1.63857024101093}. Best is trial 1 with value: 0.14260849356651306.
[I 2022-09-18 04:44:06,789] Trial 34 finished with value: 3.8259522914886475 and parameters: {'num_inner_loop': 43, 'A1': 4.845572852653149, 'B1': 49.9524973821166, 'C1': 4.545916065775937, 'A2': 14.496170756361735, 'B2': 8.580389867761603, 'C2': 2.1174626992994208}. Best is trial 1 with value: 0.14260849356651306.
[I 2022-09-18 04:52:34,964] Trial 35 finished with value: 0.16771645843982697 and parameters: {'num_inner_loop': 42, 'A1': 4.592923193147219, 'B1': 66.32490452235935, 'C1': 2.565424412205407, 'A2': 13.567451030322363, 'B2': 5.8751507609418105, 'C2': 0.7111011400036329}. Best is trial 1 with value: 0.14260849356651306.
[I 2022-09-18 04:57:55,550] Trial 36 finished with value: 0.23293688893318176 and parameters: {'num_inner_loop': 38, 'A1': 4.672975866026119, 'B1': 73.13823846377966, 'C1': 0.9760800540690973, 'A2': 15.569948039900149, 'B2': 2.682495203446762, 'C2': 0.7727239914414985}. Best is trial 1 with value: 0.14260849356651306.
[I 2022-09-18 05:06:22,311] Trial 37 finished with value: 0.28511038422584534 and parameters: {'num_inner_loop': 42, 'A1': 2.5656500240012394, 'B1': 93.16920458573179, 'C1': 2.5079937841608464, 'A2': 14.655052146787309, 'B2': 4.3023060059664004, 'C2': 0.5068758094650474}. Best is trial 1 with value: 0.14260849356651306.
[I 2022-09-18 05:14:12,299] Trial 38 finished with value: 0.1632138192653656 and parameters: {'num_inner_loop': 39, 'A1': 3.8531594880107787, 'B1': 61.69472470544726, 'C1': 2.96217444881712, 'A2': 13.527109169001124, 'B2': 5.460999623469921, 'C2': 0.8335932000485919}. Best is trial 1 with value: 0.14260849356651306.
[I 2022-09-18 05:22:04,388] Trial 39 finished with value: 0.1892935335636139 and parameters: {'num_inner_loop': 39, 'A1': 3.2052138269079, 'B1': 59.85519711990318, 'C1': 2.970602109805257, 'A2': 15.34531321215124, 'B2': 3.6753778418263567, 'C2': 1.0517135179312884}. Best is trial 1 with value: 0.14260849356651306.
[I 2022-09-18 05:27:25,564] Trial 40 finished with value: 0.9715393781661987 and parameters: {'num_inner_loop': 37, 'A1': 3.9577700109156426, 'B1': 22.303441804879053, 'C1': 1.765954055803487, 'A2': 10.788611418593192, 'B2': 2.2646759789583615, 'C2': 0.885000587275019}. Best is trial 1 with value: 0.14260849356651306.
[I 2022-09-18 05:35:47,372] Trial 41 finished with value: 0.230224609375 and parameters: {'num_inner_loop': 41, 'A1': 4.5784020507861705, 'B1': 63.77449130520786, 'C1': 2.663510711698076, 'A2': 13.602970488919203, 'B2': 5.538018494030957, 'C2': 0.7741095711872821}. Best is trial 1 with value: 0.14260849356651306.
[I 2022-09-18 05:43:33,131] Trial 42 finished with value: 0.18881237506866455 and parameters: {'num_inner_loop': 39, 'A1': 3.7461805178854446, 'B1': 87.06432616179978, 'C1': 2.1288168633753317, 'A2': 14.077720767771808, 'B2': 7.051634119064642, 'C2': 0.6482458838641431}. Best is trial 1 with value: 0.14260849356651306.
[I 2022-09-18 05:51:56,054] Trial 43 finished with value: 0.2231597900390625 and parameters: {'num_inner_loop': 42, 'A1': 4.145753022266207, 'B1': 78.93896101481538, 'C1': 3.7532324663576278, 'A2': 13.347693568046166, 'B2': 8.419253553937438, 'C2': 1.1486298929225212}. Best is trial 1 with value: 0.14260849356651306.
[I 2022-09-18 05:53:26,561] Trial 44 finished with value: 0.8744152784347534 and parameters: {'num_inner_loop': 38, 'A1': 1.0268017652282893, 'B1': 53.62449955388959, 'C1': 1.5367419205278812, 'A2': 14.85988615030292, 'B2': 4.846890263057777, 'C2': 1.5275061108551045}. Best is trial 1 with value: 0.14260849356651306.
[I 2022-09-18 05:56:50,281] Trial 45 finished with value: 0.4252696633338928 and parameters: {'num_inner_loop': 43, 'A1': 4.810936001019963, 'B1': 64.85406196021754, 'C1': 0.7904011986385238, 'A2': 14.385484576701822, 'B2': 4.125409728681839, 'C2': 0.7050883401646445}. Best is trial 1 with value: 0.14260849356651306.
[I 2022-09-18 06:03:32,136] Trial 46 finished with value: 0.31015676259994507 and parameters: {'num_inner_loop': 34, 'A1': 3.8671629126615596, 'B1': 47.46291225834493, 'C1': 2.9172123734372604, 'A2': 15.871398991724655, 'B2': 5.302283168711552, 'C2': 1.8752012025776335}. Best is trial 1 with value: 0.14260849356651306.
[I 2022-09-18 06:11:30,637] Trial 47 finished with value: 4.640174865722656 and parameters: {'num_inner_loop': 40, 'A1': 4.984457607427823, 'B1': 39.48673384839721, 'C1': 4.412819798099991, 'A2': 15.192672765011476, 'B2': 6.174960373174311, 'C2': 3.134550155104818}. Best is trial 1 with value: 0.14260849356651306.
[I 2022-09-18 06:13:39,500] Trial 48 finished with value: 1.4370625019073486 and parameters: {'num_inner_loop': 36, 'A1': 3.489001756250358, 'B1': 19.68814478581493, 'C1': 3.1854431902663323, 'A2': 12.342346320461447, 'B2': 7.398890553318471, 'C2': 4.925417288174974}. Best is trial 1 with value: 0.14260849356651306.
[I 2022-09-18 06:22:22,390] Trial 49 finished with value: 0.16217443346977234 and parameters: {'num_inner_loop': 44, 'A1': 4.195548453087125, 'B1': 32.512672945959785, 'C1': 3.354779000576274, 'A2': 17.991779800103657, 'B2': 1.5217985821778224, 'C2': 0.9198084061470085}. Best is trial 1 with value: 0.14260849356651306.
[I 2022-09-18 06:32:03,933] Trial 50 finished with value: 0.12773792445659637 and parameters: {'num_inner_loop': 49, 'A1': 4.231811733730554, 'B1': 33.14255080690227, 'C1': 3.3638376010753026, 'A2': 17.897839252161095, 'B2': 1.4331489060749525, 'C2': 1.2039609809731107}. Best is trial 50 with value: 0.12773792445659637.
[I 2022-09-18 06:40:58,550] Trial 51 finished with value: 0.21845746040344238 and parameters: {'num_inner_loop': 50, 'A1': 3.8205451184431576, 'B1': 31.51324522515083, 'C1': 3.535536792795794, 'A2': 18.407610212165473, 'B2': 1.3281166071132033, 'C2': 1.2146659736658403}. Best is trial 50 with value: 0.12773792445659637.
[I 2022-09-18 06:49:45,828] Trial 52 finished with value: 0.2289978563785553 and parameters: {'num_inner_loop': 48, 'A1': 4.206056012176313, 'B1': 27.52385111229259, 'C1': 3.3434037414011657, 'A2': 17.767072832996416, 'B2': 1.558562974624919, 'C2': 0.9133513326816197}. Best is trial 50 with value: 0.12773792445659637.
