[I 2022-09-18 07:00:02,651] Trial 53 finished with value: 0.1985737681388855 and parameters: {'num_inner_loop': 49, 'A1': 3.5925236724256133, 'B1': 29.91462180543287, 'C1': 2.847336457476584, 'A2': 19.045465536579417, 'B2': 1.1908769368321939, 'C2': 1.7607940419402417}. Best is trial 50 with value: 0.12773792445659637.
[I 2022-09-18 07:09:16,970] Trial 54 finished with value: 0.16842244565486908 and parameters: {'num_inner_loop': 46, 'A1': 3.363851784185733, 'B1': 32.84650611139165, 'C1': 3.752100229169976, 'A2': 16.637328545160734, 'B2': 1.6288768345768103, 'C2': 1.4051434356288188}. Best is trial 50 with value: 0.12773792445659637.
[I 2022-09-18 07:18:28,487] Trial 55 finished with value: 0.15677011013031006 and parameters: {'num_inner_loop': 45, 'A1': 4.325794821504655, 'B1': 38.25651292597708, 'C1': 4.08287493031039, 'A2': 19.57928032968334, 'B2': 2.1891538120297716, 'C2': 1.0672527893373829}. Best is trial 50 with value: 0.12773792445659637.
[I 2022-09-18 07:27:20,994] Trial 56 finished with value: 0.1463395059108734 and parameters: {'num_inner_loop': 44, 'A1': 4.182918153429803, 'B1': 37.381401659024334, 'C1': 4.136480561630586, 'A2': 19.927926246256895, 'B2': 1.9851739830699204, 'C2': 2.022511162610514}. Best is trial 50 with value: 0.12773792445659637.
[I 2022-09-18 07:36:48,442] Trial 57 finished with value: 0.17680467665195465 and parameters: {'num_inner_loop': 47, 'A1': 4.43854224455866, 'B1': 36.502769742656376, 'C1': 4.153000182332048, 'A2': 19.860297979177222, 'B2': 1.9682770827185487, 'C2': 2.0104105233129763}. Best is trial 50 with value: 0.12773792445659637.
[I 2022-09-18 07:45:46,785] Trial 58 finished with value: 0.2818593680858612 and parameters: {'num_inner_loop': 45, 'A1': 2.1679134638364004, 'B1': 37.79525151758094, 'C1': 4.45296062869491, 'A2': 19.44301151567967, 'B2': 2.4397687754780657, 'C2': 2.397276904260705}. Best is trial 50 with value: 0.12773792445659637.
[I 2022-09-18 07:54:30,751] Trial 59 finished with value: 0.17137518525123596 and parameters: {'num_inner_loop': 44, 'A1': 4.778644621242369, 'B1': 46.88759906059724, 'C1': 4.755638218191894, 'A2': 19.395959795594134, 'B2': 1.7100330061461873, 'C2': 1.6841184779038088}. Best is trial 50 with value: 0.12773792445659637.
[I 2022-09-18 08:00:52,675] Trial 60 finished with value: 0.24019546806812286 and parameters: {'num_inner_loop': 46, 'A1': 4.316202913989874, 'B1': 25.5935874397461, 'C1': 3.969664996951754, 'A2': 18.554328052256924, 'B2': 2.2319078373491896, 'C2': 1.9696288982668753}. Best is trial 50 with value: 0.12773792445659637.
[I 2022-09-18 08:09:31,375] Trial 61 finished with value: 0.1685255467891693 and parameters: {'num_inner_loop': 44, 'A1': 4.058340022075562, 'B1': 34.38535855813855, 'C1': 4.237040436927791, 'A2': 17.6558680509224, 'B2': 2.911770238786061, 'C2': 1.295908842673923}. Best is trial 50 with value: 0.12773792445659637.
[I 2022-09-18 08:18:56,079] Trial 62 finished with value: 0.23216333985328674 and parameters: {'num_inner_loop': 48, 'A1': 4.244372738942888, 'B1': 39.85334849429556, 'C1': 4.780736598158303, 'A2': 19.20738059845566, 'B2': 1.3548301626210102, 'C2': 1.4998411485372662}. Best is trial 50 with value: 0.12773792445659637.
[I 2022-09-18 08:27:29,673] Trial 63 finished with value: 0.16239449381828308 and parameters: {'num_inner_loop': 44, 'A1': 4.417716098989833, 'B1': 28.42563907580501, 'C1': 4.047206909349425, 'A2': 17.15363915366926, 'B2': 1.8126539557882935, 'C2': 1.1051280116987752}. Best is trial 50 with value: 0.12773792445659637.
[I 2022-09-18 08:36:10,802] Trial 64 finished with value: 0.15621601045131683 and parameters: {'num_inner_loop': 45, 'A1': 4.1403523868272485, 'B1': 43.07823485226777, 'C1': 3.660529140760554, 'A2': 19.988900264259673, 'B2': 1.4716654637060451, 'C2': 1.345409532455052}. Best is trial 50 with value: 0.12773792445659637.
[I 2022-09-18 08:44:28,359] Trial 65 finished with value: 0.21716615557670593 and parameters: {'num_inner_loop': 43, 'A1': 4.541367604339376, 'B1': 42.922499815038925, 'C1': 3.839089900473793, 'A2': 19.953818844801155, 'B2': 1.3620270788662616, 'C2': 1.3268332441730686}. Best is trial 50 with value: 0.12773792445659637.
[I 2022-09-18 08:53:32,768] Trial 66 finished with value: 0.22053667902946472 and parameters: {'num_inner_loop': 47, 'A1': 3.94717244855132, 'B1': 54.275534146401974, 'C1': 3.6175831368104188, 'A2': 19.53401462270792, 'B2': 1.0149990720006474, 'C2': 2.30613511709981}. Best is trial 50 with value: 0.12773792445659637.
[I 2022-09-18 09:02:13,200] Trial 67 finished with value: 0.36042043566703796 and parameters: {'num_inner_loop': 45, 'A1': 4.117335090902145, 'B1': 45.47311104512498, 'C1': 4.500860562404561, 'A2': 18.490514998416096, 'B2': 1.1734042121617003, 'C2': 2.6903635865795605}. Best is trial 50 with value: 0.12773792445659637.
[I 2022-09-18 09:11:10,487] Trial 68 finished with value: 0.18745273351669312 and parameters: {'num_inner_loop': 46, 'A1': 2.942437609351906, 'B1': 35.290100420934266, 'C1': 4.2940313778508665, 'A2': 18.988345882460713, 'B2': 1.868446141534582, 'C2': 1.5948029154260697}. Best is trial 50 with value: 0.12773792445659637.
[I 2022-09-18 09:13:10,643] Trial 69 finished with value: 10.303167343139648 and parameters: {'num_inner_loop': 34, 'A1': 3.6650137576927038, 'B1': 39.07784753710219, 'C1': 0.5009966648347303, 'A2': 19.566617988090794, 'B2': 2.8955741046361734, 'C2': 1.7364613188266356}. Best is trial 50 with value: 0.12773792445659637.
[I 2022-09-18 09:21:47,926] Trial 70 finished with value: 0.15164195001125336 and parameters: {'num_inner_loop': 49, 'A1': 4.3289492610133316, 'B1': 25.114799785005943, 'C1': 3.865898645940414, 'A2': 18.964835834841214, 'B2': 2.1558509376693196, 'C2': 1.4437714464581741}. Best is trial 50 with value: 0.12773792445659637.
[I 2022-09-18 09:31:18,695] Trial 71 finished with value: 0.13180585205554962 and parameters: {'num_inner_loop': 49, 'A1': 4.317111928888323, 'B1': 25.473948631991856, 'C1': 4.131218578001706, 'A2': 19.064622999949925, 'B2': 2.111331593457844, 'C2': 1.3423775517085634}. Best is trial 50 with value: 0.12773792445659637.
[I 2022-09-18 09:36:04,055] Trial 72 finished with value: 0.2659156322479248 and parameters: {'num_inner_loop': 49, 'A1': 4.8634226869202335, 'B1': 21.41784175291848, 'C1': 3.908232657974829, 'A2': 18.80690901415619, 'B2': 2.493861224794389, 'C2': 1.401088824990245}. Best is trial 50 with value: 0.12773792445659637.
[I 2022-09-18 09:38:00,741] Trial 73 finished with value: 0.7702110409736633 and parameters: {'num_inner_loop': 50, 'A1': 4.705864922582692, 'B1': 23.830872665080044, 'C1': 3.6245015368681006, 'A2': 18.29415872426858, 'B2': 2.119844257085745, 'C2': 1.8397840720916456}. Best is trial 50 with value: 0.12773792445659637.
[I 2022-09-18 09:46:34,666] Trial 74 finished with value: 0.23978474736213684 and parameters: {'num_inner_loop': 49, 'A1': 4.513276216027443, 'B1': 25.384731563018146, 'C1': 4.664133950281682, 'A2': 18.73870454464879, 'B2': 9.955317289238513, 'C2': 2.0248649220623314}. Best is trial 50 with value: 0.12773792445659637.
[I 2022-09-18 09:51:13,958] Trial 75 finished with value: 0.31353914737701416 and parameters: {'num_inner_loop': 48, 'A1': 4.346578877764496, 'B1': 17.71514669257401, 'C1': 4.341543715784262, 'A2': 19.102821678539645, 'B2': 1.6807059594839386, 'C2': 1.2367339409537133}. Best is trial 50 with value: 0.12773792445659637.
[I 2022-09-18 10:00:55,198] Trial 76 finished with value: 0.20938552916049957 and parameters: {'num_inner_loop': 50, 'A1': 3.9259134363226025, 'B1': 20.16154206297772, 'C1': 4.8231626915969645, 'A2': 17.366710732344103, 'B2': 1.102893144458982, 'C2': 1.5568455144105893}. Best is trial 50 with value: 0.12773792445659637.
[I 2022-09-18 10:05:40,049] Trial 77 finished with value: 0.2737971842288971 and parameters: {'num_inner_loop': 49, 'A1': 4.118459746711409, 'B1': 10.879270660129281, 'C1': 4.5641725803940165, 'A2': 19.759305771641735, 'B2': 1.423329060487785, 'C2': 1.41634266413119}. Best is trial 50 with value: 0.12773792445659637.
[I 2022-09-18 10:13:36,692] Trial 78 finished with value: 0.8040870428085327 and parameters: {'num_inner_loop': 41, 'A1': 3.7733947667510552, 'B1': 24.0426308043211, 'C1': 3.8238888344128585, 'A2': 18.08736328251908, 'B2': 1.2699637633836698, 'C2': 3.6832582314701314}. Best is trial 50 with value: 0.12773792445659637.
[I 2022-09-18 10:22:44,712] Trial 79 finished with value: 0.1345394402742386 and parameters: {'num_inner_loop': 47, 'A1': 4.626895542971403, 'B1': 30.865085142158136, 'C1': 3.4661842234264344, 'A2': 16.864041969223017, 'B2': 3.1424017589773348, 'C2': 1.1762510258235928}. Best is trial 50 with value: 0.12773792445659637.
[I 2022-09-18 10:31:51,107] Trial 80 finished with value: 0.19824400544166565 and parameters: {'num_inner_loop': 47, 'A1': 4.621770619767589, 'B1': 30.735692114401964, 'C1': 3.1215733935185126, 'A2': 16.78103588504247, 'B2': 3.531754159549874, 'C2': 1.2004716539942795}. Best is trial 50 with value: 0.12773792445659637.
[I 2022-09-18 10:33:42,619] Trial 81 finished with value: 0.7104253172874451 and parameters: {'num_inner_loop': 48, 'A1': 4.6695624749213325, 'B1': 26.369641953358148, 'C1': 3.6885670423599333, 'A2': 16.20558439396215, 'B2': 3.0393316326009074, 'C2': 1.6466224976100983}. Best is trial 50 with value: 0.12773792445659637.
[I 2022-09-18 10:38:40,076] Trial 82 finished with value: 0.24465644359588623 and parameters: {'num_inner_loop': 32, 'A1': 4.878892110269796, 'B1': 29.125127283604307, 'C1': 3.4735181417481584, 'A2': 19.198686296204556, 'B2': 2.0092907443319783, 'C2': 1.3282067592699074}. Best is trial 50 with value: 0.12773792445659637.
[I 2022-09-18 10:47:48,268] Trial 83 finished with value: 0.13851450383663177 and parameters: {'num_inner_loop': 47, 'A1': 4.461360143769963, 'B1': 42.28759222986402, 'C1': 4.161366817222492, 'A2': 17.843666223285013, 'B2': 2.3858398913307393, 'C2': 0.6353584183443284}. Best is trial 50 with value: 0.12773792445659637.
[I 2022-09-18 10:57:18,591] Trial 84 finished with value: 0.1631830483675003 and parameters: {'num_inner_loop': 49, 'A1': 4.447931068270988, 'B1': 32.79583726954321, 'C1': 4.152104473926683, 'A2': 16.40507837164473, 'B2': 2.43102659023343, 'C2': 0.593091697524766}. Best is trial 50 with value: 0.12773792445659637.
[I 2022-09-18 11:02:46,501] Trial 85 finished with value: 0.18309462070465088 and parameters: {'num_inner_loop': 47, 'A1': 4.747716548857785, 'B1': 21.923502687770394, 'C1': 3.2648605771193564, 'A2': 17.60871873309381, 'B2': 2.706476591497207, 'C2': 1.007498440825323}. Best is trial 50 with value: 0.12773792445659637.
[I 2022-09-18 11:11:30,156] Trial 86 finished with value: 0.2207745611667633 and parameters: {'num_inner_loop': 50, 'A1': 4.243301902064271, 'B1': 40.80736782582767, 'C1': 4.366408855013522, 'A2': 16.927112640302248, 'B2': 2.085495730731641, 'C2': 0.5238468165057499}. Best is trial 50 with value: 0.12773792445659637.
[I 2022-09-18 11:18:41,037] Trial 87 finished with value: 0.26062655448913574 and parameters: {'num_inner_loop': 37, 'A1': 4.5005328010999675, 'B1': 49.690816707797644, 'C1': 3.9554686373947723, 'A2': 17.939073260328062, 'B2': 3.1610958237181577, 'C2': 0.7346572228943088}. Best is trial 50 with value: 0.12773792445659637.
[I 2022-09-18 11:27:03,583] Trial 88 finished with value: 0.22998790442943573 and parameters: {'num_inner_loop': 48, 'A1': 4.912803458245737, 'B1': 34.946487939640036, 'C1': 4.1508860169842245, 'A2': 15.946159523792517, 'B2': 2.339615691627327, 'C2': 0.8593370246566268}. Best is trial 50 with value: 0.12773792445659637.
[I 2022-09-18 11:31:48,050] Trial 89 finished with value: 0.27770861983299255 and parameters: {'num_inner_loop': 49, 'A1': 4.562418226613685, 'B1': 18.946698961444362, 'C1': 4.991602309595117, 'A2': 13.004152345001476, 'B2': 2.5679643916670214, 'C2': 0.627861919705335}. Best is trial 50 with value: 0.12773792445659637.
[I 2022-09-18 11:35:17,969] Trial 90 finished with value: 0.5930735468864441 and parameters: {'num_inner_loop': 36, 'A1': 4.9990604279632995, 'B1': 27.939794838129266, 'C1': 3.8413313594147254, 'A2': 14.301549460801468, 'B2': 3.87531606060657, 'C2': 1.1378760472253449}. Best is trial 50 with value: 0.12773792445659637.
[I 2022-09-18 11:44:26,700] Trial 91 finished with value: 0.14930912852287292 and parameters: {'num_inner_loop': 47, 'A1': 3.9897610026358357, 'B1': 41.56000604957744, 'C1': 3.592101318064426, 'A2': 17.237491897590758, 'B2': 1.8903327802804983, 'C2': 1.5071927034173802}. Best is trial 50 with value: 0.12773792445659637.
[I 2022-09-18 11:53:34,933] Trial 92 finished with value: 0.14693760871887207 and parameters: {'num_inner_loop': 47, 'A1': 3.994984597823877, 'B1': 24.80596988903171, 'C1': 3.474468560797574, 'A2': 17.365863929387142, 'B2': 1.9398529526240893, 'C2': 1.4626909129647176}. Best is trial 50 with value: 0.12773792445659637.
[I 2022-09-18 12:02:31,105] Trial 93 finished with value: 0.15942400693893433 and parameters: {'num_inner_loop': 46, 'A1': 3.972928858882377, 'B1': 48.23099976748167, 'C1': 3.060118736054541, 'A2': 17.13251629911357, 'B2': 1.8969033940807427, 'C2': 1.4977049095415949}. Best is trial 50 with value: 0.12773792445659637.
[I 2022-09-18 12:12:43,891] Trial 94 finished with value: 0.12804099917411804 and parameters: {'num_inner_loop': 47, 'A1': 4.043145961052214, 'B1': 41.818292580638754, 'C1': 3.508796966292083, 'A2': 17.43413197481963, 'B2': 1.77870737484556, 'C2': 0.9698151909039586}. Best is trial 50 with value: 0.12773792445659637.
[I 2022-09-18 12:22:49,820] Trial 95 finished with value: 0.12763315439224243 and parameters: {'num_inner_loop': 47, 'A1': 4.050007725991591, 'B1': 41.57280005073984, 'C1': 3.50398092374851, 'A2': 17.365014902286266, 'B2': 1.7911149737411813, 'C2': 0.934259839752815}. Best is trial 95 with value: 0.12763315439224243.
[I 2022-09-18 12:32:24,831] Trial 96 finished with value: 0.15143311023712158 and parameters: {'num_inner_loop': 46, 'A1': 4.068380439772332, 'B1': 37.425721067641135, 'C1': 3.372221283145448, 'A2': 17.536681368609912, 'B2': 1.7583397142737671, 'C2': 1.1697216623470619}. Best is trial 95 with value: 0.12763315439224243.
[I 2022-09-18 12:42:25,103] Trial 97 finished with value: 0.23388783633708954 and parameters: {'num_inner_loop': 48, 'A1': 3.5838055985514212, 'B1': 31.02415902623444, 'C1': 3.442508645373802, 'A2': 17.898607432353938, 'B2': 1.6148924628007895, 'C2': 0.9830234655306975}. Best is trial 95 with value: 0.12763315439224243.
[I 2022-09-18 12:52:24,984] Trial 98 finished with value: 0.24401716887950897 and parameters: {'num_inner_loop': 48, 'A1': 3.8509878123679857, 'B1': 45.005677601659094, 'C1': 3.5350493974004475, 'A2': 16.9012585707973, 'B2': 2.0188536588889505, 'C2': 0.9869099457344211}. Best is trial 95 with value: 0.12763315439224243.
[I 2022-09-18 13:02:18,046] Trial 99 finished with value: 0.11113917082548141 and parameters: {'num_inner_loop': 47, 'A1': 4.246910303596419, 'B1': 34.132287890203635, 'C1': 2.7183485215759555, 'A2': 16.60884711444348, 'B2': 2.3393670436612592, 'C2': 0.841046299035336}. Best is trial 99 with value: 0.11113917082548141.
{'num_inner_loop': 47,
 'A1': 4.246910303596419,
 'B1': 34.132287890203635,
 'C1': 2.7183485215759555,
 'A2': 16.60884711444348,
 'B2': 2.3393670436612592,
 'C2': 0.841046299035336}

OrderedDict([('C1', 0.5068584091978517),
             ('C2', 0.11663184970911011),
             ('A2', 0.11255359272683237),
             ('B2', 0.10032749971027917),
             ('num_inner_loop', 0.07074160329992447),
             ('A1', 0.0706974965295429),
             ('B1', 0.022189548826459397)])




