[I 2022-09-18 02:48:42,077] Trial 23 finished with value: 0.18081849813461304 and parameters: {'lr': 0.03431908637592035, 'outter_loop_gamma': 0.8551469136680028, 'outter_loop_decay_steps': 7, 'jko_t': 2.8752919494469267, 'gamma': 0.8925194424776143, 'jko_decay_step_size': 43}. Best is trial 16 with value: 0.09957267343997955.
[I 2022-09-18 02:53:41,791] Trial 24 finished with value: 0.10682378709316254 and parameters: {'lr': 0.018469858939984794, 'outter_loop_gamma': 0.9331340325022741, 'outter_loop_decay_steps': 11, 'jko_t': 1.878049339593015, 'gamma': 0.9343088203881976, 'jko_decay_step_size': 38}. Best is trial 16 with value: 0.09957267343997955.
[I 2022-09-18 02:56:46,443] Trial 25 finished with value: 0.1939086765050888 and parameters: {'lr': 0.027191199673761084, 'outter_loop_gamma': 0.9254767551775496, 'outter_loop_decay_steps': 11, 'jko_t': 1.5816849532855175, 'gamma': 0.9426515509861177, 'jko_decay_step_size': 45}. Best is trial 16 with value: 0.09957267343997955.
[I 2022-09-18 03:01:51,441] Trial 26 finished with value: 0.11047155410051346 and parameters: {'lr': 0.022010975228797195, 'outter_loop_gamma': 0.8244929883247435, 'outter_loop_decay_steps': 14, 'jko_t': 1.9217659431215675, 'gamma': 0.8169650570179597, 'jko_decay_step_size': 13}. Best is trial 16 with value: 0.09957267343997955.
[I 2022-09-18 03:08:23,235] Trial 27 finished with value: 0.14180077612400055 and parameters: {'lr': 0.017063988925563295, 'outter_loop_gamma': 0.8821172200046015, 'outter_loop_decay_steps': 12, 'jko_t': 1.143484997595067, 'gamma': 0.8490532985373702, 'jko_decay_step_size': 31}. Best is trial 16 with value: 0.09957267343997955.
[I 2022-09-18 03:11:30,436] Trial 28 finished with value: 0.2204209566116333 and parameters: {'lr': 0.03726777901150558, 'outter_loop_gamma': 0.8524089780137718, 'outter_loop_decay_steps': 10, 'jko_t': 4.010258777112756, 'gamma': 0.9407471139945226, 'jko_decay_step_size': 39}. Best is trial 16 with value: 0.09957267343997955.
[I 2022-09-18 03:15:19,344] Trial 29 finished with value: 0.15472064912319183 and parameters: {'lr': 0.05245469280437793, 'outter_loop_gamma': 0.9212420164187358, 'outter_loop_decay_steps': 19, 'jko_t': 2.3416663795269286, 'gamma': 0.8390103149101893, 'jko_decay_step_size': 47}. Best is trial 16 with value: 0.09957267343997955.
[I 2022-09-18 03:22:03,126] Trial 30 finished with value: 0.17850573360919952 and parameters: {'lr': 0.0130188458915764, 'outter_loop_gamma': 0.800675753287363, 'outter_loop_decay_steps': 15, 'jko_t': 0.5615807323534883, 'gamma': 0.8641123440383676, 'jko_decay_step_size': 23}. Best is trial 16 with value: 0.09957267343997955.
[I 2022-09-18 03:24:51,390] Trial 31 finished with value: 0.19524283707141876 and parameters: {'lr': 0.023594311814461286, 'outter_loop_gamma': 0.8880372919673374, 'outter_loop_decay_steps': 23, 'jko_t': 2.335789367030222, 'gamma': 0.9232736922497237, 'jko_decay_step_size': 34}. Best is trial 16 with value: 0.09957267343997955.
[I 2022-09-18 03:30:14,250] Trial 32 finished with value: 0.15568965673446655 and parameters: {'lr': 0.01731983553038669, 'outter_loop_gamma': 0.9514738494854194, 'outter_loop_decay_steps': 8, 'jko_t': 3.3492035742552777, 'gamma': 0.8992368154555078, 'jko_decay_step_size': 40}. Best is trial 16 with value: 0.09957267343997955.
[I 2022-09-18 03:34:54,528] Trial 33 finished with value: 0.10574370622634888 and parameters: {'lr': 0.020044372944763668, 'outter_loop_gamma': 0.9548343464051078, 'outter_loop_decay_steps': 6, 'jko_t': 2.3489061076876094, 'gamma': 0.9680448407000765, 'jko_decay_step_size': 37}. Best is trial 16 with value: 0.09957267343997955.
[I 2022-09-18 03:39:39,634] Trial 34 finished with value: 0.15715712308883667 and parameters: {'lr': 0.020023861803972105, 'outter_loop_gamma': 0.9351727728112337, 'outter_loop_decay_steps': 5, 'jko_t': 2.1741849901365726, 'gamma': 0.9894160878952876, 'jko_decay_step_size': 37}. Best is trial 16 with value: 0.09957267343997955.
[I 2022-09-18 03:42:27,270] Trial 35 finished with value: 0.21160174906253815 and parameters: {'lr': 0.027261042439533686, 'outter_loop_gamma': 0.9627211435170543, 'outter_loop_decay_steps': 3, 'jko_t': 1.3560244136323087, 'gamma': 0.9603509182648691, 'jko_decay_step_size': 42}. Best is trial 16 with value: 0.09957267343997955.
[I 2022-09-18 03:46:36,990] Trial 36 finished with value: 0.22184987366199493 and parameters: {'lr': 0.012661209201859262, 'outter_loop_gamma': 0.9010207357521665, 'outter_loop_decay_steps': 6, 'jko_t': 5.095345035810995, 'gamma': 0.9556558429517631, 'jko_decay_step_size': 25}. Best is trial 16 with value: 0.09957267343997955.
[I 2022-09-18 03:49:22,893] Trial 37 finished with value: 0.19523663818836212 and parameters: {'lr': 0.030449267358411407, 'outter_loop_gamma': 0.9595821600106801, 'outter_loop_decay_steps': 12, 'jko_t': 2.4027809447728377, 'gamma': 0.9778969756347612, 'jko_decay_step_size': 30}. Best is trial 16 with value: 0.09957267343997955.
[I 2022-09-18 03:54:00,219] Trial 38 finished with value: 0.10882081836462021 and parameters: {'lr': 0.020669378035556567, 'outter_loop_gamma': 0.9074425928023537, 'outter_loop_decay_steps': 9, 'jko_t': 1.5499557730014348, 'gamma': 0.8099694581121196, 'jko_decay_step_size': 47}. Best is trial 16 with value: 0.09957267343997955.
[I 2022-09-18 03:59:48,923] Trial 39 finished with value: 0.12563079595565796 and parameters: {'lr': 0.018299027624138823, 'outter_loop_gamma': 0.8655299851386073, 'outter_loop_decay_steps': 13, 'jko_t': 0.854354158069375, 'gamma': 0.9726491707948568, 'jko_decay_step_size': 32}. Best is trial 16 with value: 0.09957267343997955.
[I 2022-09-18 04:02:35,660] Trial 40 finished with value: 0.21739894151687622 and parameters: {'lr': 0.024709592580980076, 'outter_loop_gamma': 0.9750617162848119, 'outter_loop_decay_steps': 10, 'jko_t': 3.582308971033474, 'gamma': 0.929915164507262, 'jko_decay_step_size': 28}. Best is trial 16 with value: 0.09957267343997955.
[I 2022-09-18 04:09:00,758] Trial 41 finished with value: 0.14539387822151184 and parameters: {'lr': 0.014052822042696388, 'outter_loop_gamma': 0.9300579586443787, 'outter_loop_decay_steps': 6, 'jko_t': 0.6374756156243834, 'gamma': 0.978072070112364, 'jko_decay_step_size': 38}. Best is trial 16 with value: 0.09957267343997955.
[I 2022-09-18 04:13:42,221] Trial 42 finished with value: 0.10861635208129883 and parameters: {'lr': 0.021088813506885615, 'outter_loop_gamma': 0.9101357494112908, 'outter_loop_decay_steps': 9, 'jko_t': 1.5734266272569637, 'gamma': 0.8095537336046742, 'jko_decay_step_size': 47}. Best is trial 16 with value: 0.09957267343997955.
[I 2022-09-18 04:16:28,823] Trial 43 finished with value: 0.1960785984992981 and parameters: {'lr': 0.023595635621754766, 'outter_loop_gamma': 0.9173908876596129, 'outter_loop_decay_steps': 12, 'jko_t': 1.7229678162532251, 'gamma': 0.8002817170952339, 'jko_decay_step_size': 44}. Best is trial 16 with value: 0.09957267343997955.
[I 2022-09-18 04:22:18,392] Trial 44 finished with value: 0.1151982918381691 and parameters: {'lr': 0.016128621881384378, 'outter_loop_gamma': 0.9520028823585955, 'outter_loop_decay_steps': 9, 'jko_t': 1.148138576558566, 'gamma': 0.8121364298206517, 'jko_decay_step_size': 47}. Best is trial 16 with value: 0.09957267343997955.
[I 2022-09-18 04:27:07,608] Trial 45 finished with value: 0.24232560396194458 and parameters: {'lr': 0.018911963742570932, 'outter_loop_gamma': 0.8473776438590507, 'outter_loop_decay_steps': 7, 'jko_t': 2.5794972566689642, 'gamma': 0.952087759969724, 'jko_decay_step_size': 41}. Best is trial 16 with value: 0.09957267343997955.
[I 2022-09-18 04:33:35,898] Trial 46 finished with value: 0.263682097196579 and parameters: {'lr': 0.011454859280632038, 'outter_loop_gamma': 0.8311292445376821, 'outter_loop_decay_steps': 4, 'jko_t': 1.961326602051818, 'gamma': 0.8340705801131078, 'jko_decay_step_size': 49}. Best is trial 16 with value: 0.09957267343997955.
[I 2022-09-18 04:38:19,306] Trial 47 finished with value: 0.11352384090423584 and parameters: {'lr': 0.020937982354557873, 'outter_loop_gamma': 0.9442210820762321, 'outter_loop_decay_steps': 11, 'jko_t': 1.3826400146856797, 'gamma': 0.8194493993613756, 'jko_decay_step_size': 36}. Best is trial 16 with value: 0.09957267343997955.
[I 2022-09-18 04:40:25,915] Trial 48 finished with value: 1.350212812423706 and parameters: {'lr': 0.0337440718000882, 'outter_loop_gamma': 0.9045374719170534, 'outter_loop_decay_steps': 13, 'jko_t': 0.2177708375765644, 'gamma': 0.8082523187600769, 'jko_decay_step_size': 9}. Best is trial 16 with value: 0.09957267343997955.
[I 2022-09-18 04:43:13,117] Trial 49 finished with value: 0.18869678676128387 and parameters: {'lr': 0.028907456938784288, 'outter_loop_gamma': 0.8859133385633171, 'outter_loop_decay_steps': 8, 'jko_t': 3.0565817428339086, 'gamma': 0.90680752965615, 'jko_decay_step_size': 45}. Best is trial 16 with value: 0.09957267343997955.
[I 2022-09-18 04:45:58,558] Trial 50 finished with value: 0.21151496469974518 and parameters: {'lr': 0.022429247384795608, 'outter_loop_gamma': 0.9724521478374489, 'outter_loop_decay_steps': 9, 'jko_t': 4.158401555882428, 'gamma': 0.8454250748317315, 'jko_decay_step_size': 21}. Best is trial 16 with value: 0.09957267343997955.
[I 2022-09-18 04:48:43,791] Trial 51 finished with value: 0.19332802295684814 and parameters: {'lr': 0.037480719914413256, 'outter_loop_gamma': 0.8116104585157261, 'outter_loop_decay_steps': 10, 'jko_t': 1.9311168078126744, 'gamma': 0.8297414356211826, 'jko_decay_step_size': 48}. Best is trial 16 with value: 0.09957267343997955.
[I 2022-09-18 04:53:56,853] Trial 52 finished with value: 0.1406686156988144 and parameters: {'lr': 0.02013638889884468, 'outter_loop_gamma': 0.9096269737934229, 'outter_loop_decay_steps': 6, 'jko_t': 1.6354822828899496, 'gamma': 0.8109651849146717, 'jko_decay_step_size': 46}. Best is trial 16 with value: 0.09957267343997955.
[I 2022-09-18 04:56:42,075] Trial 53 finished with value: 0.2375270128250122 and parameters: {'lr': 0.025894483193615564, 'outter_loop_gamma': 0.9346281972331393, 'outter_loop_decay_steps': 9, 'jko_t': 0.9602976932926072, 'gamma': 0.8092362402189671, 'jko_decay_step_size': 50}. Best is trial 16 with value: 0.09957267343997955.
[I 2022-09-18 05:01:56,511] Trial 54 finished with value: 0.1430906057357788 and parameters: {'lr': 0.017746697348164746, 'outter_loop_gamma': 0.8726955490501526, 'outter_loop_decay_steps': 13, 'jko_t': 1.5116151268866234, 'gamma': 0.860689733522696, 'jko_decay_step_size': 43}. Best is trial 16 with value: 0.09957267343997955.
[I 2022-09-18 05:08:25,712] Trial 55 finished with value: 0.13798978924751282 and parameters: {'lr': 0.016065002923374285, 'outter_loop_gamma': 0.9095996604342981, 'outter_loop_decay_steps': 4, 'jko_t': 1.2944316335422763, 'gamma': 0.8190042188616036, 'jko_decay_step_size': 40}. Best is trial 16 with value: 0.09957267343997955.
[I 2022-09-18 05:13:06,488] Trial 56 finished with value: 0.10344574600458145 and parameters: {'lr': 0.021840321859045993, 'outter_loop_gamma': 0.9252233269191208, 'outter_loop_decay_steps': 7, 'jko_t': 2.0384828749963826, 'gamma': 0.8757306526444507, 'jko_decay_step_size': 43}. Best is trial 16 with value: 0.09957267343997955.
[I 2022-09-18 05:17:49,414] Trial 57 finished with value: 0.10880926251411438 and parameters: {'lr': 0.022445286460640763, 'outter_loop_gamma': 0.9256761123793942, 'outter_loop_decay_steps': 15, 'jko_t': 2.064034638067457, 'gamma': 0.8749289968754715, 'jko_decay_step_size': 16}. Best is trial 16 with value: 0.09957267343997955.
[I 2022-09-18 05:20:37,174] Trial 58 finished with value: 0.2028755247592926 and parameters: {'lr': 0.028004460935994912, 'outter_loop_gamma': 0.9471227143497885, 'outter_loop_decay_steps': 7, 'jko_t': 2.6831318076094988, 'gamma': 0.8764768444943801, 'jko_decay_step_size': 42}. Best is trial 16 with value: 0.09957267343997955.
[I 2022-09-18 05:23:30,327] Trial 59 finished with value: 0.19964909553527832 and parameters: {'lr': 0.02502516786210479, 'outter_loop_gamma': 0.8920922836902977, 'outter_loop_decay_steps': 11, 'jko_t': 1.7474342107541934, 'gamma': 0.8927730889800162, 'jko_decay_step_size': 39}. Best is trial 16 with value: 0.09957267343997955.
[I 2022-09-18 05:30:15,065] Trial 60 finished with value: 0.13554315268993378 and parameters: {'lr': 0.018990056497799678, 'outter_loop_gamma': 0.8377576014822016, 'outter_loop_decay_steps': 5, 'jko_t': 3.443404785056458, 'gamma': 0.8527870744947994, 'jko_decay_step_size': 44}. Best is trial 16 with value: 0.09957267343997955.
[I 2022-09-18 05:36:19,226] Trial 61 finished with value: 0.13838888704776764 and parameters: {'lr': 0.014953192892725732, 'outter_loop_gamma': 0.9373771558345847, 'outter_loop_decay_steps': 8, 'jko_t': 1.2160991929763378, 'gamma': 0.8587049306032841, 'jko_decay_step_size': 33}. Best is trial 16 with value: 0.09957267343997955.
[I 2022-09-18 05:40:59,218] Trial 62 finished with value: 0.1080017238855362 and parameters: {'lr': 0.022423057334574975, 'outter_loop_gamma': 0.9275271466893377, 'outter_loop_decay_steps': 15, 'jko_t': 2.147161722251331, 'gamma': 0.8722525064431336, 'jko_decay_step_size': 16}. Best is trial 16 with value: 0.09957267343997955.
[I 2022-09-18 05:45:38,559] Trial 63 finished with value: 0.10826917737722397 and parameters: {'lr': 0.022765118292154073, 'outter_loop_gamma': 0.9166383664955076, 'outter_loop_decay_steps': 16, 'jko_t': 2.221238368616208, 'gamma': 0.843522960151101, 'jko_decay_step_size': 12}. Best is trial 16 with value: 0.09957267343997955.
[I 2022-09-18 05:50:18,952] Trial 64 finished with value: 0.10315828025341034 and parameters: {'lr': 0.022929863256012033, 'outter_loop_gamma': 0.9174890567915492, 'outter_loop_decay_steps': 14, 'jko_t': 3.0794252780617333, 'gamma': 0.8837916332674043, 'jko_decay_step_size': 8}. Best is trial 16 with value: 0.09957267343997955.
[I 2022-09-18 05:53:05,695] Trial 65 finished with value: 0.1791672259569168 and parameters: {'lr': 0.026039064668142216, 'outter_loop_gamma': 0.9289588211560068, 'outter_loop_decay_steps': 15, 'jko_t': 3.169166601281244, 'gamma': 0.8846539460585311, 'jko_decay_step_size': 10}. Best is trial 16 with value: 0.09957267343997955.
[I 2022-09-18 05:55:52,462] Trial 66 finished with value: 0.1850285530090332 and parameters: {'lr': 0.03225712240752773, 'outter_loop_gamma': 0.9247045848186305, 'outter_loop_decay_steps': 17, 'jko_t': 4.703072634486864, 'gamma': 0.8732952410060427, 'jko_decay_step_size': 6}. Best is trial 16 with value: 0.09957267343997955.
[I 2022-09-18 06:01:07,246] Trial 67 finished with value: 0.21105054020881653 and parameters: {'lr': 0.016761569915942843, 'outter_loop_gamma': 0.9406792113967155, 'outter_loop_decay_steps': 14, 'jko_t': 5.995719881626225, 'gamma': 0.9142364376689053, 'jko_decay_step_size': 17}. Best is trial 16 with value: 0.09957267343997955.
[I 2022-09-18 06:05:44,810] Trial 68 finished with value: 0.11185566335916519 and parameters: {'lr': 0.019125257660567888, 'outter_loop_gamma': 0.9692019216071338, 'outter_loop_decay_steps': 18, 'jko_t': 2.5666175328141616, 'gamma': 0.901884456228867, 'jko_decay_step_size': 4}. Best is trial 16 with value: 0.09957267343997955.
[I 2022-09-18 06:07:22,320] Trial 69 finished with value: 0.17841842770576477 and parameters: {'lr': 0.08068576060075945, 'outter_loop_gamma': 0.9568463355959388, 'outter_loop_decay_steps': 14, 'jko_t': 3.7026150185516933, 'gamma': 0.8867771441736381, 'jko_decay_step_size': 24}. Best is trial 16 with value: 0.09957267343997955.
[I 2022-09-18 06:10:09,672] Trial 70 finished with value: 0.1923811137676239 and parameters: {'lr': 0.03012427580967657, 'outter_loop_gamma': 0.9191544399718883, 'outter_loop_decay_steps': 15, 'jko_t': 2.8500256274790123, 'gamma': 0.8779029115032455, 'jko_decay_step_size': 21}. Best is trial 16 with value: 0.09957267343997955.
[I 2022-09-18 06:15:26,193] Trial 71 finished with value: 0.13054493069648743 and parameters: {'lr': 0.01987249474244447, 'outter_loop_gamma': 0.8133135520915817, 'outter_loop_decay_steps': 13, 'jko_t': 2.1330870081069806, 'gamma': 0.8680663926740046, 'jko_decay_step_size': 14}. Best is trial 16 with value: 0.09957267343997955.
[I 2022-09-18 06:20:08,487] Trial 72 finished with value: 0.10988341271877289 and parameters: {'lr': 0.023621332197969802, 'outter_loop_gamma': 0.9157285288055952, 'outter_loop_decay_steps': 16, 'jko_t': 2.3032823652643577, 'gamma': 0.837669480159984, 'jko_decay_step_size': 11}. Best is trial 16 with value: 0.09957267343997955.
[I 2022-09-18 06:24:49,209] Trial 73 finished with value: 0.12250968813896179 and parameters: {'lr': 0.022778304474060887, 'outter_loop_gamma': 0.9018752916647637, 'outter_loop_decay_steps': 17, 'jko_t': 1.806896870245687, 'gamma': 0.8427425738088319, 'jko_decay_step_size': 8}. Best is trial 16 with value: 0.09957267343997955.
[I 2022-09-18 06:27:42,627] Trial 74 finished with value: 0.1779567301273346 and parameters: {'lr': 0.024501903762106564, 'outter_loop_gamma': 0.9319752877290044, 'outter_loop_decay_steps': 16, 'jko_t': 2.5128359748051756, 'gamma': 0.8575574377788362, 'jko_decay_step_size': 15}. Best is trial 16 with value: 0.09957267343997955.
[I 2022-09-18 06:32:29,077] Trial 75 finished with value: 0.10867281258106232 and parameters: {'lr': 0.02113919936581808, 'outter_loop_gamma': 0.9227991841424821, 'outter_loop_decay_steps': 19, 'jko_t': 2.1168419997273045, 'gamma': 0.8468831735632679, 'jko_decay_step_size': 12}. Best is trial 16 with value: 0.09957267343997955.
[I 2022-09-18 06:35:19,390] Trial 76 finished with value: 0.1873365342617035 and parameters: {'lr': 0.026880554902305814, 'outter_loop_gamma': 0.9378747633641255, 'outter_loop_decay_steps': 18, 'jko_t': 2.787819455722986, 'gamma': 0.8887795824994114, 'jko_decay_step_size': 19}. Best is trial 16 with value: 0.09957267343997955.
[I 2022-09-18 06:40:06,283] Trial 77 finished with value: 0.104786217212677 and parameters: {'lr': 0.02176154551467268, 'outter_loop_gamma': 0.9831629027207096, 'outter_loop_decay_steps': 14, 'jko_t': 3.18619651427497, 'gamma': 0.8633175872420022, 'jko_decay_step_size': 8}. Best is trial 16 with value: 0.09957267343997955.
[I 2022-09-18 06:45:30,746] Trial 78 finished with value: 0.10132482647895813 and parameters: {'lr': 0.018096491701984983, 'outter_loop_gamma': 0.9664544436694505, 'outter_loop_decay_steps': 12, 'jko_t': 3.3577275935954494, 'gamma': 0.8705949701096806, 'jko_decay_step_size': 6}. Best is trial 16 with value: 0.09957267343997955.
[I 2022-09-18 06:50:56,130] Trial 79 finished with value: 0.12355756014585495 and parameters: {'lr': 0.013559314923809926, 'outter_loop_gamma': 0.9890695198286967, 'outter_loop_decay_steps': 12, 'jko_t': 3.9436280588098245, 'gamma': 0.881062822296783, 'jko_decay_step_size': 6}. Best is trial 16 with value: 0.09957267343997955.
[I 2022-09-18 06:53:43,745] Trial 80 finished with value: 6.61889123916626 and parameters: {'lr': 0.015209678106226527, 'outter_loop_gamma': 0.9795263916899762, 'outter_loop_decay_steps': 11, 'jko_t': 3.43594385961425, 'gamma': 0.863476183508777, 'jko_decay_step_size': 3}. Best is trial 16 with value: 0.09957267343997955.
[I 2022-09-18 06:58:42,710] Trial 81 finished with value: 0.1020093560218811 and parameters: {'lr': 0.019054470743078533, 'outter_loop_gamma': 0.9823694540163554, 'outter_loop_decay_steps': 25, 'jko_t': 3.159827613685676, 'gamma': 0.9481836007931673, 'jko_decay_step_size': 6}. Best is trial 16 with value: 0.09957267343997955.
[I 2022-09-18 07:03:36,105] Trial 82 finished with value: 0.1163431853055954 and parameters: {'lr': 0.01813761612983394, 'outter_loop_gamma': 0.9828192729744896, 'outter_loop_decay_steps': 12, 'jko_t': 4.407825204102134, 'gamma': 0.9496471930718106, 'jko_decay_step_size': 7}. Best is trial 16 with value: 0.09957267343997955.
[I 2022-09-18 07:08:27,079] Trial 83 finished with value: 0.10905134677886963 and parameters: {'lr': 0.017201162525027035, 'outter_loop_gamma': 0.9675725302918816, 'outter_loop_decay_steps': 13, 'jko_t': 3.1290518852726095, 'gamma': 0.9661382430599786, 'jko_decay_step_size': 6}. Best is trial 16 with value: 0.09957267343997955.
[I 2022-09-18 07:13:11,849] Trial 84 finished with value: 0.10201843082904816 and parameters: {'lr': 0.019046831181936816, 'outter_loop_gamma': 0.9824197922010601, 'outter_loop_decay_steps': 22, 'jko_t': 3.0201813372366613, 'gamma': 0.9334542849454512, 'jko_decay_step_size': 8}. Best is trial 16 with value: 0.09957267343997955.
[I 2022-09-18 07:16:51,506] Trial 85 finished with value: 0.2846217155456543 and parameters: {'lr': 0.021255701905520268, 'outter_loop_gamma': 0.9833300043419985, 'outter_loop_decay_steps': 25, 'jko_t': 5.844274125198242, 'gamma': 0.9836202898897723, 'jko_decay_step_size': 8}. Best is trial 16 with value: 0.09957267343997955.
[I 2022-09-18 07:21:36,526] Trial 86 finished with value: 0.10181576758623123 and parameters: {'lr': 0.020052922503757942, 'outter_loop_gamma': 0.9777388996141614, 'outter_loop_decay_steps': 22, 'jko_t': 2.9892186878764933, 'gamma': 0.9480015170842867, 'jko_decay_step_size': 5}. Best is trial 16 with value: 0.09957267343997955.
[I 2022-09-18 07:26:22,488] Trial 87 finished with value: 0.10224024951457977 and parameters: {'lr': 0.019683335299676172, 'outter_loop_gamma': 0.9782066116813131, 'outter_loop_decay_steps': 23, 'jko_t': 4.833496096540656, 'gamma': 0.9454923560328882, 'jko_decay_step_size': 4}. Best is trial 16 with value: 0.09957267343997955.
[I 2022-09-18 07:31:10,807] Trial 88 finished with value: 0.09818035364151001 and parameters: {'lr': 0.019469072061748183, 'outter_loop_gamma': 0.9638920068740011, 'outter_loop_decay_steps': 23, 'jko_t': 7.124709052907035, 'gamma': 0.932019695269133, 'jko_decay_step_size': 3}. Best is trial 88 with value: 0.09818035364151001.
