[I 2022-09-18 07:36:37,363] Trial 89 finished with value: 0.20551346242427826 and parameters: {'lr': 0.016572460814082778, 'outter_loop_gamma': 0.9765797322717542, 'outter_loop_decay_steps': 22, 'jko_t': 9.947372096288715, 'gamma': 0.9445870109555251, 'jko_decay_step_size': 3}. Best is trial 88 with value: 0.09818035364151001.
[I 2022-09-18 07:41:25,531] Trial 90 finished with value: 0.09843850880861282 and parameters: {'lr': 0.01938179073847947, 'outter_loop_gamma': 0.967483559755285, 'outter_loop_decay_steps': 24, 'jko_t': 5.140233126613448, 'gamma': 0.9292778320113583, 'jko_decay_step_size': 4}. Best is trial 88 with value: 0.09818035364151001.
[I 2022-09-18 07:47:06,749] Trial 91 finished with value: 0.1973256766796112 and parameters: {'lr': 0.0157178499103424, 'outter_loop_gamma': 0.9642796262550047, 'outter_loop_decay_steps': 24, 'jko_t': 7.734108724751234, 'gamma': 0.9284570739490721, 'jko_decay_step_size': 5}. Best is trial 88 with value: 0.09818035364151001.
[I 2022-09-18 07:52:14,965] Trial 92 finished with value: 0.10011843591928482 and parameters: {'lr': 0.01940225354558795, 'outter_loop_gamma': 0.9699723103961272, 'outter_loop_decay_steps': 24, 'jko_t': 5.172732057099771, 'gamma': 0.9352681426147724, 'jko_decay_step_size': 4}. Best is trial 88 with value: 0.09818035364151001.
[I 2022-09-18 07:57:21,139] Trial 93 finished with value: 0.10215896368026733 and parameters: {'lr': 0.01918499805900296, 'outter_loop_gamma': 0.9703388739439387, 'outter_loop_decay_steps': 24, 'jko_t': 5.257734048693392, 'gamma': 0.9243467217845932, 'jko_decay_step_size': 5}. Best is trial 88 with value: 0.09818035364151001.
[I 2022-09-18 08:02:23,913] Trial 94 finished with value: 0.13331402838230133 and parameters: {'lr': 0.01790768794087698, 'outter_loop_gamma': 0.9703495291843991, 'outter_loop_decay_steps': 24, 'jko_t': 7.073798628670787, 'gamma': 0.9375661341148118, 'jko_decay_step_size': 5}. Best is trial 88 with value: 0.09818035364151001.
[I 2022-09-18 08:05:30,212] Trial 95 finished with value: 0.2393563985824585 and parameters: {'lr': 0.04830321183599472, 'outter_loop_gamma': 0.9770489896207936, 'outter_loop_decay_steps': 22, 'jko_t': 5.231329557154859, 'gamma': 0.9218913618302734, 'jko_decay_step_size': 4}. Best is trial 88 with value: 0.09818035364151001.
[I 2022-09-18 08:10:15,219] Trial 96 finished with value: 0.12292628735303879 and parameters: {'lr': 0.019510273287496504, 'outter_loop_gamma': 0.964910559387767, 'outter_loop_decay_steps': 25, 'jko_t': 8.840786620438754, 'gamma': 0.9272481610691936, 'jko_decay_step_size': 4}. Best is trial 88 with value: 0.09818035364151001.
[I 2022-09-18 08:15:33,025] Trial 97 finished with value: 0.1362389475107193 and parameters: {'lr': 0.011987005626684324, 'outter_loop_gamma': 0.9601312922763702, 'outter_loop_decay_steps': 23, 'jko_t': 4.757939740375709, 'gamma': 0.9331682784769109, 'jko_decay_step_size': 5}. Best is trial 88 with value: 0.09818035364151001.
[I 2022-09-18 08:20:56,638] Trial 98 finished with value: 0.14149171113967896 and parameters: {'lr': 0.014250796215883658, 'outter_loop_gamma': 0.9865801692958891, 'outter_loop_decay_steps': 24, 'jko_t': 6.746128174518473, 'gamma': 0.946005989338425, 'jko_decay_step_size': 3}. Best is trial 88 with value: 0.09818035364151001.
[I 2022-09-18 08:24:34,406] Trial 99 finished with value: 0.3024108409881592 and parameters: {'lr': 0.018624783201577667, 'outter_loop_gamma': 0.979135011849594, 'outter_loop_decay_steps': 21, 'jko_t': 7.855471350286475, 'gamma': 0.9583575077064725, 'jko_decay_step_size': 10}. Best is trial 88 with value: 0.09818035364151001.
{'lr': 0.019469072061748183,
 'outter_loop_gamma': 0.9638920068740011,
 'outter_loop_decay_steps': 23,
 'jko_t': 7.124709052907035,
 'gamma': 0.932019695269133,
 'jko_decay_step_size': 3}

OrderedDict([('lr', 0.6604723527069882),
             ('gamma', 0.17334405782691725),
             ('jko_decay_step_size', 0.1243368451756247),
             ('jko_t', 0.03154493587041381),
             ('outter_loop_gamma', 0.008314396554115536),
             ('outter_loop_decay_steps', 0.001987411865940495)])


