[I 2022-09-15 19:58:13,870] Trial 60 finished with value: 0.10669122636318207 and parameters: {'lr': 0.028605276760198278, 'outter_loop_gamma': 0.9105171206776336, 'outter_loop_decay_steps': 16, 'patience': 15, 'jko_t': 1.5229863251322207, 'gamma': 0.9771551302439018, 'jko_decay_step_size': 15}. Best is trial 26 with value: 0.10078977048397064.
[I 2022-09-15 20:02:42,582] Trial 61 finished with value: 0.17968426644802094 and parameters: {'lr': 0.023143986037280094, 'outter_loop_gamma': 0.9108055080039973, 'outter_loop_decay_steps': 16, 'patience': 19, 'jko_t': 1.522967472419197, 'gamma': 0.9694651577781165, 'jko_decay_step_size': 15}. Best is trial 26 with value: 0.10078977048397064.
[I 2022-09-15 20:07:04,073] Trial 62 finished with value: 0.11832698434591293 and parameters: {'lr': 0.02914849366614967, 'outter_loop_gamma': 0.8947559574206767, 'outter_loop_decay_steps': 13, 'patience': 15, 'jko_t': 1.2501940236903226, 'gamma': 0.9783203205516577, 'jko_decay_step_size': 16}. Best is trial 26 with value: 0.10078977048397064.
[I 2022-09-15 20:11:29,021] Trial 63 finished with value: 0.2469283789396286 and parameters: {'lr': 0.02940619735959573, 'outter_loop_gamma': 0.8936748980225464, 'outter_loop_decay_steps': 15, 'patience': 17, 'jko_t': 1.063451697458419, 'gamma': 0.9846056053519234, 'jko_decay_step_size': 17}. Best is trial 26 with value: 0.10078977048397064.
[I 2022-09-15 20:16:01,636] Trial 64 finished with value: 0.10196594148874283 and parameters: {'lr': 0.02835957562789218, 'outter_loop_gamma': 0.8846565579163237, 'outter_loop_decay_steps': 12, 'patience': 21, 'jko_t': 1.264089708509781, 'gamma': 0.9752130683298235, 'jko_decay_step_size': 10}. Best is trial 26 with value: 0.10078977048397064.
[I 2022-09-15 20:21:09,784] Trial 65 finished with value: 0.21567143499851227 and parameters: {'lr': 0.028610844683319876, 'outter_loop_gamma': 0.8835354590576182, 'outter_loop_decay_steps': 11, 'patience': 22, 'jko_t': 0.807992755740287, 'gamma': 0.9764904369417471, 'jko_decay_step_size': 6}. Best is trial 26 with value: 0.10078977048397064.
[I 2022-09-15 20:25:24,595] Trial 66 finished with value: 0.11924082040786743 and parameters: {'lr': 0.020021589196486212, 'outter_loop_gamma': 0.8680600494997303, 'outter_loop_decay_steps': 12, 'patience': 15, 'jko_t': 0.6896460045141721, 'gamma': 0.9579133289258535, 'jko_decay_step_size': 10}. Best is trial 26 with value: 0.10078977048397064.
[I 2022-09-15 20:30:19,108] Trial 67 finished with value: 0.10930748283863068 and parameters: {'lr': 0.019732828756578176, 'outter_loop_gamma': 0.8688975678491999, 'outter_loop_decay_steps': 12, 'patience': 15, 'jko_t': 1.2724387934285903, 'gamma': 0.9604236673545092, 'jko_decay_step_size': 11}. Best is trial 26 with value: 0.10078977048397064.
[I 2022-09-15 20:31:13,237] Trial 68 finished with value: 0.5070399641990662 and parameters: {'lr': 0.020156014750827286, 'outter_loop_gamma': 0.8676012315257252, 'outter_loop_decay_steps': 12, 'patience': 6, 'jko_t': 1.2698161096723026, 'gamma': 0.9561004709042061, 'jko_decay_step_size': 10}. Best is trial 26 with value: 0.10078977048397064.
[I 2022-09-15 20:35:23,200] Trial 69 finished with value: 0.12889477610588074 and parameters: {'lr': 0.01907689676854196, 'outter_loop_gamma': 0.843517755135767, 'outter_loop_decay_steps': 9, 'patience': 15, 'jko_t': 0.6591850103700547, 'gamma': 0.9760451085856398, 'jko_decay_step_size': 5}. Best is trial 26 with value: 0.10078977048397064.
[I 2022-09-15 20:35:35,542] Trial 70 finished with value: 0.853331983089447 and parameters: {'lr': 0.027321108753844633, 'outter_loop_gamma': 0.8591384115368678, 'outter_loop_decay_steps': 12, 'patience': 3, 'jko_t': 0.4753877354599183, 'gamma': 0.9581871914741166, 'jko_decay_step_size': 11}. Best is trial 26 with value: 0.10078977048397064.
[I 2022-09-15 20:38:11,714] Trial 71 finished with value: 0.18088509142398834 and parameters: {'lr': 0.016860781601658364, 'outter_loop_gamma': 0.8946768548185434, 'outter_loop_decay_steps': 11, 'patience': 11, 'jko_t': 1.3845060186135025, 'gamma': 0.9738916766199145, 'jko_decay_step_size': 8}. Best is trial 26 with value: 0.10078977048397064.
[I 2022-09-15 20:43:53,711] Trial 72 finished with value: 0.30096471309661865 and parameters: {'lr': 0.02317829124345713, 'outter_loop_gamma': 0.9066978962364721, 'outter_loop_decay_steps': 14, 'patience': 25, 'jko_t': 0.8851726943149235, 'gamma': 0.9815860162887678, 'jko_decay_step_size': 13}. Best is trial 26 with value: 0.10078977048397064.
[I 2022-09-15 20:44:49,544] Trial 73 finished with value: 0.38490691781044006 and parameters: {'lr': 0.021058491075269466, 'outter_loop_gamma': 0.874530190972988, 'outter_loop_decay_steps': 13, 'patience': 8, 'jko_t': 0.9925522133871431, 'gamma': 0.9615099322975864, 'jko_decay_step_size': 3}. Best is trial 26 with value: 0.10078977048397064.
[I 2022-09-15 20:48:38,435] Trial 74 finished with value: 0.24698305130004883 and parameters: {'lr': 0.015277675680167697, 'outter_loop_gamma': 0.8846845486942987, 'outter_loop_decay_steps': 10, 'patience': 15, 'jko_t': 1.1494853767510258, 'gamma': 0.9899697743576471, 'jko_decay_step_size': 44}. Best is trial 26 with value: 0.10078977048397064.
[I 2022-09-15 20:53:30,547] Trial 75 finished with value: 0.14673951268196106 and parameters: {'lr': 0.02553165125507163, 'outter_loop_gamma': 0.8645842269903, 'outter_loop_decay_steps': 14, 'patience': 17, 'jko_t': 0.5392473047923652, 'gamma': 0.9550116155944045, 'jko_decay_step_size': 20}. Best is trial 26 with value: 0.10078977048397064.
[I 2022-09-15 20:57:52,432] Trial 76 finished with value: 0.21961811184883118 and parameters: {'lr': 0.031447541108000916, 'outter_loop_gamma': 0.8905838602612115, 'outter_loop_decay_steps': 17, 'patience': 29, 'jko_t': 1.751588882381193, 'gamma': 0.9447284808954587, 'jko_decay_step_size': 11}. Best is trial 26 with value: 0.10078977048397064.
[I 2022-09-15 21:04:47,902] Trial 77 finished with value: 0.24463000893592834 and parameters: {'lr': 0.01823093626299064, 'outter_loop_gamma': 0.9010461803889102, 'outter_loop_decay_steps': 9, 'patience': 22, 'jko_t': 0.3158691362659945, 'gamma': 0.9698132357852416, 'jko_decay_step_size': 9}. Best is trial 26 with value: 0.10078977048397064.
[I 2022-09-15 21:09:31,296] Trial 78 finished with value: 0.14629432559013367 and parameters: {'lr': 0.022071031136446876, 'outter_loop_gamma': 0.8488547931690666, 'outter_loop_decay_steps': 16, 'patience': 20, 'jko_t': 0.8314274791031566, 'gamma': 0.9424358469073818, 'jko_decay_step_size': 28}. Best is trial 26 with value: 0.10078977048397064.
[I 2022-09-15 21:12:59,314] Trial 79 finished with value: 0.16506712138652802 and parameters: {'lr': 0.01653676011326981, 'outter_loop_gamma': 0.9294210013116341, 'outter_loop_decay_steps': 19, 'patience': 14, 'jko_t': 1.156804823262065, 'gamma': 0.9493458118323495, 'jko_decay_step_size': 17}. Best is trial 26 with value: 0.10078977048397064.
[I 2022-09-15 21:15:25,131] Trial 80 finished with value: 0.32387545704841614 and parameters: {'lr': 0.04237759517687395, 'outter_loop_gamma': 0.8784803902428935, 'outter_loop_decay_steps': 12, 'patience': 12, 'jko_t': 0.7370433693300397, 'gamma': 0.961709629208992, 'jko_decay_step_size': 24}. Best is trial 26 with value: 0.10078977048397064.
[I 2022-09-15 21:19:31,811] Trial 81 finished with value: 0.12194865942001343 and parameters: {'lr': 0.01889540614601358, 'outter_loop_gamma': 0.8373772081306619, 'outter_loop_decay_steps': 11, 'patience': 15, 'jko_t': 0.6825484134467916, 'gamma': 0.9788354649157246, 'jko_decay_step_size': 6}. Best is trial 26 with value: 0.10078977048397064.
[I 2022-09-15 21:23:44,137] Trial 82 finished with value: 0.30289363861083984 and parameters: {'lr': 0.01916662092871485, 'outter_loop_gamma': 0.8219239101529984, 'outter_loop_decay_steps': 11, 'patience': 18, 'jko_t': 0.6488776516940664, 'gamma': 0.9788637364276557, 'jko_decay_step_size': 7}. Best is trial 26 with value: 0.10078977048397064.
[I 2022-09-15 21:28:44,572] Trial 83 finished with value: 0.23380331695079803 and parameters: {'lr': 0.02737671692844329, 'outter_loop_gamma': 0.838905549960571, 'outter_loop_decay_steps': 13, 'patience': 23, 'jko_t': 0.3439030037257544, 'gamma': 0.9869476245506252, 'jko_decay_step_size': 13}. Best is trial 26 with value: 0.10078977048397064.
[I 2022-09-15 21:34:00,459] Trial 84 finished with value: 0.23542563617229462 and parameters: {'lr': 0.024465740282353893, 'outter_loop_gamma': 0.871262775362411, 'outter_loop_decay_steps': 10, 'patience': 32, 'jko_t': 0.47595527803354387, 'gamma': 0.9719005045412659, 'jko_decay_step_size': 71}. Best is trial 26 with value: 0.10078977048397064.
[I 2022-09-15 21:38:09,476] Trial 85 finished with value: 0.20987403392791748 and parameters: {'lr': 0.018400418725791328, 'outter_loop_gamma': 0.9085314976302293, 'outter_loop_decay_steps': 12, 'patience': 16, 'jko_t': 1.436585331458294, 'gamma': 0.8527026866101876, 'jko_decay_step_size': 5}. Best is trial 26 with value: 0.10078977048397064.
[I 2022-09-15 21:42:52,725] Trial 86 finished with value: 0.21485982835292816 and parameters: {'lr': 0.013593142739680084, 'outter_loop_gamma': 0.8987092332771455, 'outter_loop_decay_steps': 15, 'patience': 27, 'jko_t': 0.9904936328780828, 'gamma': 0.9644906350477123, 'jko_decay_step_size': 12}. Best is trial 26 with value: 0.10078977048397064.
[I 2022-09-15 21:47:47,716] Trial 87 finished with value: 0.1446554958820343 and parameters: {'lr': 0.02058478429825507, 'outter_loop_gamma': 0.8550110213509695, 'outter_loop_decay_steps': 11, 'patience': 20, 'jko_t': 0.7905858136816958, 'gamma': 0.9524179900601886, 'jko_decay_step_size': 9}. Best is trial 26 with value: 0.10078977048397064.
[I 2022-09-15 21:48:50,221] Trial 88 finished with value: 0.5891574025154114 and parameters: {'lr': 0.03789047786256792, 'outter_loop_gamma': 0.9419634021953177, 'outter_loop_decay_steps': 13, 'patience': 10, 'jko_t': 0.5698853625220736, 'gamma': 0.8385443991692282, 'jko_decay_step_size': 21}. Best is trial 26 with value: 0.10078977048397064.
[I 2022-09-15 21:49:44,825] Trial 89 finished with value: 0.4755581319332123 and parameters: {'lr': 0.016147601947694955, 'outter_loop_gamma': 0.9163577376422689, 'outter_loop_decay_steps': 14, 'patience': 7, 'jko_t': 0.6940888967592835, 'gamma': 0.9816725290743881, 'jko_decay_step_size': 11}. Best is trial 26 with value: 0.10078977048397064.
[I 2022-09-15 21:54:40,136] Trial 90 finished with value: 0.10863081365823746 and parameters: {'lr': 0.022814839722175042, 'outter_loop_gamma': 0.8877071802566944, 'outter_loop_decay_steps': 10, 'patience': 19, 'jko_t': 0.8993140996857698, 'gamma': 0.9680857640716602, 'jko_decay_step_size': 33}. Best is trial 26 with value: 0.10078977048397064.
[I 2022-09-15 21:58:26,750] Trial 91 finished with value: 0.2333211749792099 and parameters: {'lr': 0.014771768543211874, 'outter_loop_gamma': 0.8836332105278961, 'outter_loop_decay_steps': 8, 'patience': 15, 'jko_t': 1.2314047181041843, 'gamma': 0.9692730109566667, 'jko_decay_step_size': 33}. Best is trial 26 with value: 0.10078977048397064.
[I 2022-09-15 22:02:49,214] Trial 92 finished with value: 0.19892509281635284 and parameters: {'lr': 0.023555707060935543, 'outter_loop_gamma': 0.8901686386180624, 'outter_loop_decay_steps': 12, 'patience': 18, 'jko_t': 0.9464814302552189, 'gamma': 0.9623588325412268, 'jko_decay_step_size': 35}. Best is trial 26 with value: 0.10078977048397064.
[I 2022-09-15 22:06:33,115] Trial 93 finished with value: 0.16230672597885132 and parameters: {'lr': 0.031615007221850754, 'outter_loop_gamma': 0.9498827447756351, 'outter_loop_decay_steps': 10, 'patience': 20, 'jko_t': 4.266265235467223, 'gamma': 0.9780565778298951, 'jko_decay_step_size': 38}. Best is trial 26 with value: 0.10078977048397064.
[I 2022-09-15 22:10:05,180] Trial 94 finished with value: 0.1613948792219162 and parameters: {'lr': 0.021284253552204244, 'outter_loop_gamma': 0.8646293897866141, 'outter_loop_decay_steps': 15, 'patience': 13, 'jko_t': 1.643934016580579, 'gamma': 0.8252758248705606, 'jko_decay_step_size': 31}. Best is trial 26 with value: 0.10078977048397064.
[I 2022-09-15 22:15:52,522] Trial 95 finished with value: 0.20698265731334686 and parameters: {'lr': 0.026469878808963655, 'outter_loop_gamma': 0.9034365913415463, 'outter_loop_decay_steps': 11, 'patience': 25, 'jko_t': 0.5322867356546639, 'gamma': 0.9866328668755135, 'jko_decay_step_size': 7}. Best is trial 26 with value: 0.10078977048397064.
[I 2022-09-15 22:20:55,292] Trial 96 finished with value: 0.10366646945476532 and parameters: {'lr': 0.01957604769246749, 'outter_loop_gamma': 0.924094484544039, 'outter_loop_decay_steps': 9, 'patience': 22, 'jko_t': 1.1130405408788335, 'gamma': 0.9665668705071517, 'jko_decay_step_size': 26}. Best is trial 26 with value: 0.10078977048397064.
[I 2022-09-15 22:24:00,740] Trial 97 finished with value: 0.1359144151210785 and parameters: {'lr': 0.017618860946524078, 'outter_loop_gamma': 0.934673975766723, 'outter_loop_decay_steps': 7, 'patience': 17, 'jko_t': 1.0869546191444102, 'gamma': 0.9672355543447541, 'jko_decay_step_size': 29}. Best is trial 26 with value: 0.10078977048397064.
[I 2022-09-15 22:26:44,855] Trial 98 finished with value: 0.16015702486038208 and parameters: {'lr': 0.019926529414575962, 'outter_loop_gamma': 0.9127737109575795, 'outter_loop_decay_steps': 9, 'patience': 11, 'jko_t': 0.878951068195533, 'gamma': 0.9520262348814834, 'jko_decay_step_size': 25}. Best is trial 26 with value: 0.10078977048397064.
[I 2022-09-15 22:31:48,521] Trial 99 finished with value: 0.11145926266908646 and parameters: {'lr': 0.02242022342845706, 'outter_loop_gamma': 0.925224599266304, 'outter_loop_decay_steps': 10, 'patience': 23, 'jko_t': 1.3599375688805933, 'gamma': 0.9454967410559756, 'jko_decay_step_size': 17}. Best is trial 26 with value: 0.10078977048397064.
{'lr': 0.01677289043686307,
 'outter_loop_gamma': 0.8956061271924924,
 'outter_loop_decay_steps': 15,
 'patience': 22,
 'jko_t': 4.209525296752199,
 'gamma': 0.9146040379739502,
 'jko_decay_step_size': 24}