[I 2022-09-20 13:45:27,535] Trial 77 finished with value: 0.21756377816200256 and parameters: {'num_inner_loop': 50, 'A1': 1.497834839049047, 'B1': 54.912265728228974, 'A2': 18.77526937550593, 'B2': 3.1164626663373873}. Best is trial 33 with value: 0.11670508980751038.
[I 2022-09-20 13:56:58,734] Trial 78 finished with value: 0.18309107422828674 and parameters: {'num_inner_loop': 47, 'A1': 1.190594281797061, 'B1': 27.430215092814592, 'A2': 16.500226392697346, 'B2': 3.6069585672425815}. Best is trial 33 with value: 0.11670508980751038.
[I 2022-09-20 14:08:36,214] Trial 79 finished with value: 0.23771393299102783 and parameters: {'num_inner_loop': 48, 'A1': 1.6532168043676398, 'B1': 18.72309527176021, 'A2': 17.550553746230783, 'B2': 2.4480343887281486}. Best is trial 33 with value: 0.11670508980751038.
[I 2022-09-20 14:19:28,764] Trial 80 finished with value: 0.1672339141368866 and parameters: {'num_inner_loop': 44, 'A1': 1.104362774746911, 'B1': 11.22474924343672, 'A2': 17.287443415365374, 'B2': 1.9630009993272373}. Best is trial 33 with value: 0.11670508980751038.
[I 2022-09-20 14:30:36,994] Trial 81 finished with value: 0.13256993889808655 and parameters: {'num_inner_loop': 47, 'A1': 1.5383588820272152, 'B1': 15.017505086731353, 'A2': 15.493147899936265, 'B2': 3.872681968377973}. Best is trial 33 with value: 0.11670508980751038.
[I 2022-09-20 14:37:34,204] Trial 82 finished with value: 0.2324923276901245 and parameters: {'num_inner_loop': 46, 'A1': 1.5419597811724526, 'B1': 14.944860538326925, 'A2': 15.901193562372628, 'B2': 4.037277533118208}. Best is trial 33 with value: 0.11670508980751038.
[I 2022-09-20 14:47:14,499] Trial 83 finished with value: 0.7663819193840027 and parameters: {'num_inner_loop': 45, 'A1': 1.8953290103451663, 'B1': 13.338737755584146, 'A2': 15.343482750261431, 'B2': 3.520429201593656}. Best is trial 33 with value: 0.11670508980751038.
[I 2022-09-20 14:58:22,384] Trial 84 finished with value: 0.13724401593208313 and parameters: {'num_inner_loop': 47, 'A1': 1.37099751637666, 'B1': 10.528534823913589, 'A2': 14.271952652057289, 'B2': 3.2115571286627356}. Best is trial 33 with value: 0.11670508980751038.
[I 2022-09-20 15:10:46,867] Trial 85 finished with value: 0.12600301206111908 and parameters: {'num_inner_loop': 39, 'A1': 1.2741738328685392, 'B1': 17.827651538286588, 'A2': 16.74733639188904, 'B2': 4.370784648128404}. Best is trial 33 with value: 0.11670508980751038.
[I 2022-09-20 15:23:30,625] Trial 86 finished with value: 0.13847793638706207 and parameters: {'num_inner_loop': 39, 'A1': 1.2757399628503956, 'B1': 22.636361231834154, 'A2': 16.695862202736308, 'B2': 4.432862568811618}. Best is trial 33 with value: 0.11670508980751038.
[I 2022-09-20 15:33:19,573] Trial 87 finished with value: 0.17356958985328674 and parameters: {'num_inner_loop': 36, 'A1': 1.1406538075802237, 'B1': 17.817458279350372, 'A2': 17.920453468995238, 'B2': 5.260041067469235}. Best is trial 33 with value: 0.11670508980751038.
[I 2022-09-20 15:45:14,961] Trial 88 finished with value: 0.1618960052728653 and parameters: {'num_inner_loop': 48, 'A1': 2.068269989560049, 'B1': 24.450483689394158, 'A2': 16.264800781819726, 'B2': 5.6561872063479814}. Best is trial 33 with value: 0.11670508980751038.
[I 2022-09-20 15:51:39,027] Trial 89 finished with value: 1.8407584428787231 and parameters: {'num_inner_loop': 39, 'A1': 2.3988397946412077, 'B1': 12.086996977529164, 'A2': 18.386562322923215, 'B2': 3.9635711609896185}. Best is trial 33 with value: 0.11670508980751038.
[I 2022-09-20 16:02:02,789] Trial 90 finished with value: 0.19479262828826904 and parameters: {'num_inner_loop': 41, 'A1': 1.0034058384145728, 'B1': 13.927956049307289, 'A2': 16.88577448035505, 'B2': 7.058517237827841}. Best is trial 33 with value: 0.11670508980751038.
[I 2022-09-20 16:15:30,354] Trial 91 finished with value: 0.13853687047958374 and parameters: {'num_inner_loop': 49, 'A1': 1.4001508708467059, 'B1': 15.504095828984257, 'A2': 15.763167632222759, 'B2': 4.283835111665287}. Best is trial 33 with value: 0.11670508980751038.
[I 2022-09-20 16:21:31,407] Trial 92 finished with value: 0.266450434923172 and parameters: {'num_inner_loop': 38, 'A1': 1.5445113245977935, 'B1': 20.977227075524496, 'A2': 14.73666084978945, 'B2': 3.760180517812019}. Best is trial 33 with value: 0.11670508980751038.
[I 2022-09-20 16:27:38,791] Trial 93 finished with value: 0.2419118881225586 and parameters: {'num_inner_loop': 39, 'A1': 1.6410632319896146, 'B1': 16.636321490466937, 'A2': 16.160271734774142, 'B2': 2.220537393588993}. Best is trial 33 with value: 0.11670508980751038.
[I 2022-09-20 16:40:06,399] Trial 94 finished with value: 0.14133673906326294 and parameters: {'num_inner_loop': 47, 'A1': 1.7655534493664065, 'B1': 19.02896048218535, 'A2': 15.571802742990435, 'B2': 2.8846528580358615}. Best is trial 33 with value: 0.11670508980751038.
[I 2022-09-20 16:50:48,840] Trial 95 finished with value: 0.1673988401889801 and parameters: {'num_inner_loop': 37, 'A1': 1.2728308912392186, 'B1': 15.140821592963018, 'A2': 15.134055124738083, 'B2': 4.8648179292243166}. Best is trial 33 with value: 0.11670508980751038.
[I 2022-09-20 16:57:29,506] Trial 96 finished with value: 0.2190650850534439 and parameters: {'num_inner_loop': 40, 'A1': 1.351620811888942, 'B1': 17.37764877763678, 'A2': 17.135961692922223, 'B2': 3.326147686197135}. Best is trial 33 with value: 0.11670508980751038.
[I 2022-09-20 17:09:35,777] Trial 97 finished with value: 0.16452860832214355 and parameters: {'num_inner_loop': 46, 'A1': 1.1197157048327184, 'B1': 14.222864295982431, 'A2': 16.43829937627561, 'B2': 3.532954008002238}. Best is trial 33 with value: 0.11670508980751038.
[I 2022-09-20 17:22:31,287] Trial 98 finished with value: 0.12247928977012634 and parameters: {'num_inner_loop': 49, 'A1': 1.523315287465344, 'B1': 13.218469375960911, 'A2': 18.895640562754945, 'B2': 3.8495261754500123}. Best is trial 33 with value: 0.11670508980751038.
[I 2022-09-20 17:31:18,963] Trial 99 finished with value: 2.618412494659424 and parameters: {'num_inner_loop': 50, 'A1': 3.448425102313117, 'B1': 12.388914790394855, 'A2': 18.293871069592303, 'B2': 2.4828496492415857}. Best is trial 33 with value: 0.11670508980751038.
{'num_inner_loop': 47,
 'A1': 1.551745928726734,
 'B1': 16.674355087533975,
 'A2': 18.80473512320788,
 'B2': 2.9125890052620744}