[I 2022-09-21 16:16:11,376] Trial 77 finished with value: 0.4997572898864746 and parameters: {'num_inner_loop': 37, 'A1': 1.420107236309606, 'B1': 44.14136265205375, 'A2': 37.29843014074066, 'B2': 0.3042277883089811}. Best is trial 73 with value: 0.09898338466882706.
[I 2022-09-21 16:23:42,294] Trial 78 finished with value: 0.27324333786964417 and parameters: {'num_inner_loop': 32, 'A1': 1.6424206310196632, 'B1': 34.77136186214731, 'A2': 35.25798754238148, 'B2': 0.24071093582942546}. Best is trial 73 with value: 0.09898338466882706.
[I 2022-09-21 16:29:54,351] Trial 79 finished with value: 0.12083598971366882 and parameters: {'num_inner_loop': 33, 'A1': 2.5723816118853136, 'B1': 21.65119504682954, 'A2': 34.233339933418804, 'B2': 0.06938569319433274}. Best is trial 73 with value: 0.09898338466882706.
[I 2022-09-21 16:39:16,823] Trial 80 finished with value: 0.09895435720682144 and parameters: {'num_inner_loop': 33, 'A1': 2.222964878380151, 'B1': 28.12192930564105, 'A2': 38.928293349344656, 'B2': 0.010154442849383653}. Best is trial 80 with value: 0.09895435720682144.
[I 2022-09-21 16:48:41,750] Trial 81 finished with value: 0.09981773793697357 and parameters: {'num_inner_loop': 33, 'A1': 2.191240310851927, 'B1': 28.3613406692574, 'A2': 38.23679098011228, 'B2': 0.01761190891941485}. Best is trial 80 with value: 0.09895435720682144.
[I 2022-09-21 16:58:30,278] Trial 82 finished with value: 0.1927364319562912 and parameters: {'num_inner_loop': 34, 'A1': 2.2197799447796847, 'B1': 28.35044792575496, 'A2': 38.78697592350517, 'B2': 0.01472150107413874}. Best is trial 80 with value: 0.09895435720682144.
[I 2022-09-21 17:09:14,292] Trial 83 finished with value: 0.1553201824426651 and parameters: {'num_inner_loop': 45, 'A1': 2.3687263268651755, 'B1': 32.83609687178524, 'A2': 37.70960431966176, 'B2': 0.01301806706767787}. Best is trial 80 with value: 0.09895435720682144.
[I 2022-09-21 17:19:07,504] Trial 84 finished with value: 0.19136062264442444 and parameters: {'num_inner_loop': 35, 'A1': 2.1009605339263917, 'B1': 24.285656386002216, 'A2': 35.75153689410882, 'B2': 0.014781851761785397}. Best is trial 80 with value: 0.09895435720682144.
[I 2022-09-21 17:25:12,497] Trial 85 finished with value: 0.2237977683544159 and parameters: {'num_inner_loop': 32, 'A1': 2.008515514708763, 'B1': 23.654424219913114, 'A2': 38.609521165634156, 'B2': 0.03447253845673527}. Best is trial 80 with value: 0.09895435720682144.
[I 2022-09-21 17:33:50,126] Trial 86 finished with value: 0.12397005409002304 and parameters: {'num_inner_loop': 33, 'A1': 2.5122201962882933, 'B1': 29.02090364203184, 'A2': 37.54220791461982, 'B2': 0.01056772581794484}. Best is trial 80 with value: 0.09895435720682144.
[I 2022-09-21 17:39:43,304] Trial 87 finished with value: 0.10924805700778961 and parameters: {'num_inner_loop': 36, 'A1': 2.3052164944700877, 'B1': 14.417066736155725, 'A2': 36.96926743110612, 'B2': 0.019932656918602076}. Best is trial 80 with value: 0.09895435720682144.
[I 2022-09-21 17:50:40,038] Trial 88 finished with value: 0.21061162650585175 and parameters: {'num_inner_loop': 31, 'A1': 1.0754870285298013, 'B1': 18.65691707092998, 'A2': 39.20698821384613, 'B2': 0.023282197194795285}. Best is trial 80 with value: 0.09895435720682144.
[I 2022-09-21 18:00:17,551] Trial 89 finished with value: 0.2055048644542694 and parameters: {'num_inner_loop': 34, 'A1': 1.521072326599546, 'B1': 20.672137648065732, 'A2': 36.3228815272019, 'B2': 0.018335668886066976}. Best is trial 80 with value: 0.09895435720682144.
[I 2022-09-21 18:07:57,177] Trial 90 finished with value: 0.22416052222251892 and parameters: {'num_inner_loop': 32, 'A1': 1.9759397462371495, 'B1': 36.60738074864701, 'A2': 28.935476896224298, 'B2': 1.9111381454376197}. Best is trial 80 with value: 0.09895435720682144.
[I 2022-09-21 18:17:37,492] Trial 91 finished with value: 0.1113998144865036 and parameters: {'num_inner_loop': 33, 'A1': 1.7644032945812957, 'B1': 26.720058794588038, 'A2': 35.03317039460993, 'B2': 0.6070580548558963}. Best is trial 80 with value: 0.09895435720682144.
[I 2022-09-21 18:30:20,189] Trial 92 finished with value: 0.16050566732883453 and parameters: {'num_inner_loop': 33, 'A1': 1.8279726156549765, 'B1': 31.9382931469276, 'A2': 31.652544501069535, 'B2': 0.20723363951579263}. Best is trial 80 with value: 0.09895435720682144.
[I 2022-09-21 18:40:08,870] Trial 93 finished with value: 0.1921186000108719 and parameters: {'num_inner_loop': 34, 'A1': 2.1421647600332925, 'B1': 27.881783137214907, 'A2': 37.949690881646795, 'B2': 0.04406407729955184}. Best is trial 80 with value: 0.09895435720682144.
[I 2022-09-21 18:48:53,554] Trial 94 finished with value: 0.644120991230011 and parameters: {'num_inner_loop': 33, 'A1': 1.8856952227788895, 'B1': 25.168170601047958, 'A2': 10.717068945611288, 'B2': 0.013082491488824587}. Best is trial 80 with value: 0.09895435720682144.
[I 2022-09-21 18:54:51,876] Trial 95 finished with value: 0.3169727921485901 and parameters: {'num_inner_loop': 31, 'A1': 2.245840120605882, 'B1': 34.13353385817528, 'A2': 39.94983429228615, 'B2': 0.14867451090389142}. Best is trial 80 with value: 0.09895435720682144.
[I 2022-09-21 19:04:28,471] Trial 96 finished with value: 0.2540420889854431 and parameters: {'num_inner_loop': 35, 'A1': 2.3900371858617158, 'B1': 23.237569263312803, 'A2': 27.860288288384357, 'B2': 0.9342352544855227}. Best is trial 80 with value: 0.09895435720682144.
[I 2022-09-21 19:12:32,408] Trial 97 finished with value: 0.19521230459213257 and parameters: {'num_inner_loop': 32, 'A1': 2.5537735040230354, 'B1': 38.00718377631641, 'A2': 30.731283304147652, 'B2': 2.9920339081745504}. Best is trial 80 with value: 0.09895435720682144.
[I 2022-09-21 19:22:02,278] Trial 98 finished with value: 0.1012711226940155 and parameters: {'num_inner_loop': 33, 'A1': 2.0750991205438845, 'B1': 27.502813817700925, 'A2': 33.84839264608253, 'B2': 9.896083034809385}. Best is trial 80 with value: 0.09895435720682144.
[I 2022-09-21 19:31:55,932] Trial 99 finished with value: 0.18621712923049927 and parameters: {'num_inner_loop': 34, 'A1': 1.6973726961813405, 'B1': 29.901056806608658, 'A2': 34.67881945236122, 'B2': 6.066128380613163}. Best is trial 80 with value: 0.09895435720682144.
{'num_inner_loop': 33,
 'A1': 2.222964878380151,
 'B1': 28.12192930564105,
 'A2': 38.928293349344656,
 'B2': 0.010154442849383653}


