[I 2022-09-24 13:20:07,971] Trial 77 finished with value: 0.2523862421512604 and parameters: {'num_inner_loop': 32, 'A1': 1.4789989488444375, 'B1': 73.35964407939413, 'A2': 14.008251067478156, 'B2': 0.10053499796482612}. Best is trial 15 with value: 0.18630102276802063.
[I 2022-09-24 13:23:50,211] Trial 78 finished with value: 0.24897803366184235 and parameters: {'num_inner_loop': 37, 'A1': 2.476293263285567, 'B1': 39.30503640139128, 'A2': 25.97142403317581, 'B2': 0.41251103926827126}. Best is trial 15 with value: 0.18630102276802063.
[I 2022-09-24 13:26:28,987] Trial 79 finished with value: 0.24919460713863373 and parameters: {'num_inner_loop': 33, 'A1': 3.0978707044163243, 'B1': 34.82156952043518, 'A2': 20.322662757905228, 'B2': 0.6356090326473899}. Best is trial 15 with value: 0.18630102276802063.
[I 2022-09-24 13:29:13,067] Trial 80 finished with value: 0.25908881425857544 and parameters: {'num_inner_loop': 34, 'A1': 1.878630616105328, 'B1': 20.424117740888626, 'A2': 28.189582546648225, 'B2': 1.4951162930626385}. Best is trial 15 with value: 0.18630102276802063.
[I 2022-09-24 13:34:30,418] Trial 81 finished with value: 0.19816246628761292 and parameters: {'num_inner_loop': 33, 'A1': 1.9254020389241973, 'B1': 60.09317749218024, 'A2': 27.32528734450579, 'B2': 0.062023457388779665}. Best is trial 15 with value: 0.18630102276802063.
[I 2022-09-24 13:39:01,546] Trial 82 finished with value: 0.2317659705877304 and parameters: {'num_inner_loop': 31, 'A1': 2.150621515347708, 'B1': 52.91387783489906, 'A2': 29.814600155083525, 'B2': 0.03549879308774506}. Best is trial 15 with value: 0.18630102276802063.
[I 2022-09-24 13:44:21,039] Trial 83 finished with value: 0.1818511188030243 and parameters: {'num_inner_loop': 33, 'A1': 2.3660517191964914, 'B1': 59.699885739770984, 'A2': 26.954983068784372, 'B2': 0.06978487907850436}. Best is trial 83 with value: 0.1818511188030243.
[I 2022-09-24 13:49:06,252] Trial 84 finished with value: 0.24001146852970123 and parameters: {'num_inner_loop': 34, 'A1': 1.9684282331347012, 'B1': 47.39000457654961, 'A2': 22.562185668213974, 'B2': 0.05838046756073001}. Best is trial 83 with value: 0.1818511188030243.
[I 2022-09-24 13:54:01,218] Trial 85 finished with value: 0.25156188011169434 and parameters: {'num_inner_loop': 35, 'A1': 2.382335074737428, 'B1': 44.63958413350831, 'A2': 13.084582547465615, 'B2': 0.07444556469132586}. Best is trial 83 with value: 0.1818511188030243.
[I 2022-09-24 13:59:03,730] Trial 86 finished with value: 0.2234240174293518 and parameters: {'num_inner_loop': 36, 'A1': 2.0689970204933776, 'B1': 66.1554703771209, 'A2': 27.234235126787137, 'B2': 0.04613417897559612}. Best is trial 83 with value: 0.1818511188030243.
[I 2022-09-24 14:06:24,727] Trial 87 finished with value: 0.20208734273910522 and parameters: {'num_inner_loop': 33, 'A1': 1.6410168845780215, 'B1': 72.7572470381466, 'A2': 24.453121757474822, 'B2': 0.13175824090715774}. Best is trial 83 with value: 0.1818511188030243.
[I 2022-09-24 14:13:39,303] Trial 88 finished with value: 0.23563967645168304 and parameters: {'num_inner_loop': 33, 'A1': 1.3063346698485971, 'B1': 78.13407884086293, 'A2': 25.133115913949702, 'B2': 0.1298664257271774}. Best is trial 83 with value: 0.1818511188030243.
[I 2022-09-24 14:18:48,198] Trial 89 finished with value: 0.2376267910003662 and parameters: {'num_inner_loop': 32, 'A1': 1.628186584981046, 'B1': 50.95768928321259, 'A2': 18.284139344637858, 'B2': 0.10750862137934059}. Best is trial 83 with value: 0.1818511188030243.
[I 2022-09-24 14:27:48,908] Trial 90 finished with value: 0.2560594975948334 and parameters: {'num_inner_loop': 30, 'A1': 1.0814178414390438, 'B1': 83.08440485232781, 'A2': 24.63299876316087, 'B2': 2.7082669717747994}. Best is trial 83 with value: 0.1818511188030243.
[I 2022-09-24 14:35:13,813] Trial 91 finished with value: 0.19835472106933594 and parameters: {'num_inner_loop': 33, 'A1': 1.457276224909605, 'B1': 58.94961401543058, 'A2': 26.06867710910931, 'B2': 0.08126801473926917}. Best is trial 83 with value: 0.1818511188030243.
[I 2022-09-24 14:43:30,618] Trial 92 finished with value: 0.20509538054466248 and parameters: {'num_inner_loop': 34, 'A1': 1.4438901237606998, 'B1': 71.68346080045625, 'A2': 29.204985679164377, 'B2': 0.13923461518903155}. Best is trial 83 with value: 0.1818511188030243.
[I 2022-09-24 14:50:53,143] Trial 93 finished with value: 0.20745709538459778 and parameters: {'num_inner_loop': 33, 'A1': 1.3243927661234136, 'B1': 60.16602133231423, 'A2': 25.87684987836548, 'B2': 0.19396210783613155}. Best is trial 83 with value: 0.1818511188030243.
[I 2022-09-24 14:55:51,069] Trial 94 finished with value: 0.2511478364467621 and parameters: {'num_inner_loop': 35, 'A1': 1.7471056864652454, 'B1': 56.822641099474424, 'A2': 26.889272075104586, 'B2': 0.059272866124481224}. Best is trial 83 with value: 0.1818511188030243.
[I 2022-09-24 15:01:01,703] Trial 95 finished with value: 0.24133235216140747 and parameters: {'num_inner_loop': 32, 'A1': 1.5863042903026359, 'B1': 52.89463665523353, 'A2': 23.865544927356478, 'B2': 0.09107576570908425}. Best is trial 83 with value: 0.1818511188030243.
[I 2022-09-24 15:07:16,502] Trial 96 finished with value: 0.2885386347770691 and parameters: {'num_inner_loop': 31, 'A1': 1.175216885425559, 'B1': 67.82258094905914, 'A2': 22.8643999645384, 'B2': 0.1777701948871538}. Best is trial 83 with value: 0.1818511188030243.
[I 2022-09-24 15:12:02,492] Trial 97 finished with value: 0.24973458051681519 and parameters: {'num_inner_loop': 34, 'A1': 2.1155475207323438, 'B1': 58.76008115583478, 'A2': 19.989681691589706, 'B2': 0.07387525257744128}. Best is trial 83 with value: 0.1818511188030243.
[I 2022-09-24 15:15:54,145] Trial 98 finished with value: 0.2269785851240158 and parameters: {'num_inner_loop': 32, 'A1': 2.3218722170801596, 'B1': 55.06572108267101, 'A2': 35.431549628118944, 'B2': 0.05208905498791697}. Best is trial 83 with value: 0.1818511188030243.
[I 2022-09-24 15:20:34,080] Trial 99 finished with value: 0.18578597903251648 and parameters: {'num_inner_loop': 33, 'A1': 1.8255031586218278, 'B1': 41.46313354130387, 'A2': 28.402835877004154, 'B2': 0.10937057308501977}. Best is trial 83 with value: 0.1818511188030243.
{'num_inner_loop': 33,
 'A1': 2.3660517191964914,
 'B1': 59.699885739770984,
 'A2': 26.954983068784372,
 'B2': 0.06978487907850436}