[I 2022-09-22 15:50:14,961] Trial 77 finished with value: 0.19785456359386444 and parameters: {'num_inner_loop': 38, 'A1': 6.071027543690548, 'B1': 69.06871170852594, 'A2': 47.406146545124784, 'B2': 0.029091591757460775}. Best is trial 51 with value: 0.12352539598941803.
[I 2022-09-22 16:00:23,875] Trial 78 finished with value: 0.13899609446525574 and parameters: {'num_inner_loop': 40, 'A1': 5.551354141599807, 'B1': 56.87877975567738, 'A2': 26.951941618232475, 'B2': 0.06729311942945855}. Best is trial 51 with value: 0.12352539598941803.
[I 2022-09-22 16:10:19,539] Trial 79 finished with value: 0.16960804164409637 and parameters: {'num_inner_loop': 39, 'A1': 6.411199679053409, 'B1': 92.89784147386378, 'A2': 57.40705309118866, 'B2': 0.09652794244584482}. Best is trial 51 with value: 0.12352539598941803.
[I 2022-09-22 16:19:15,552] Trial 80 finished with value: 0.263167142868042 and parameters: {'num_inner_loop': 41, 'A1': 8.220288113959231, 'B1': 51.25336443150328, 'A2': 52.518087636171764, 'B2': 0.13750595483466777}. Best is trial 51 with value: 0.12352539598941803.
[I 2022-09-22 16:29:26,385] Trial 81 finished with value: 0.12503328919410706 and parameters: {'num_inner_loop': 40, 'A1': 7.608491520953106, 'B1': 59.399628921428544, 'A2': 41.29902347425991, 'B2': 0.0768040731386649}. Best is trial 51 with value: 0.12352539598941803.
[I 2022-09-22 16:38:45,613] Trial 82 finished with value: 0.23965196311473846 and parameters: {'num_inner_loop': 42, 'A1': 7.550622670302063, 'B1': 60.71123296574286, 'A2': 41.983267636616254, 'B2': 0.0487830909430585}. Best is trial 51 with value: 0.12352539598941803.
[I 2022-09-22 16:48:49,679] Trial 83 finished with value: 0.12366866320371628 and parameters: {'num_inner_loop': 40, 'A1': 7.8676548576000584, 'B1': 64.61395960432223, 'A2': 45.2889267665723, 'B2': 0.08451194627511535}. Best is trial 51 with value: 0.12352539598941803.
[I 2022-09-22 16:57:08,906] Trial 84 finished with value: 0.2321520298719406 and parameters: {'num_inner_loop': 39, 'A1': 7.970253899058274, 'B1': 56.03122099614142, 'A2': 40.14191745389654, 'B2': 0.08206943361340163}. Best is trial 51 with value: 0.12352539598941803.
[I 2022-09-22 17:07:06,651] Trial 85 finished with value: 0.13509656488895416 and parameters: {'num_inner_loop': 40, 'A1': 7.049090836290392, 'B1': 68.72408814257709, 'A2': 45.46433402791295, 'B2': 0.10797731336403116}. Best is trial 51 with value: 0.12352539598941803.
[I 2022-09-22 17:16:01,182] Trial 86 finished with value: 0.31759577989578247 and parameters: {'num_inner_loop': 41, 'A1': 7.854288716817117, 'B1': 79.36562564298868, 'A2': 37.685024307483644, 'B2': 0.06993594762697963}. Best is trial 51 with value: 0.12352539598941803.
[I 2022-09-22 17:26:10,214] Trial 87 finished with value: 0.13091056048870087 and parameters: {'num_inner_loop': 40, 'A1': 7.334141505163378, 'B1': 63.48086714974316, 'A2': 89.26976698813695, 'B2': 0.19164185241846568}. Best is trial 51 with value: 0.12352539598941803.
[I 2022-09-22 17:33:07,567] Trial 88 finished with value: 0.3727877736091614 and parameters: {'num_inner_loop': 38, 'A1': 8.458002413739665, 'B1': 41.444087775439854, 'A2': 51.41574060908134, 'B2': 0.1110718929181706}. Best is trial 51 with value: 0.12352539598941803.
[I 2022-09-22 17:39:19,374] Trial 89 finished with value: 0.27222830057144165 and parameters: {'num_inner_loop': 42, 'A1': 6.842825039938328, 'B1': 46.68537292233029, 'A2': 32.399970916087646, 'B2': 0.3929408233464254}. Best is trial 51 with value: 0.12352539598941803.
[I 2022-09-22 17:43:42,595] Trial 90 finished with value: 0.28500500321388245 and parameters: {'num_inner_loop': 41, 'A1': 5.073997698795298, 'B1': 11.936432380276925, 'A2': 47.91774772361284, 'B2': 0.15352306130212065}. Best is trial 51 with value: 0.12352539598941803.
[I 2022-09-22 17:52:12,301] Trial 91 finished with value: 0.17768791317939758 and parameters: {'num_inner_loop': 39, 'A1': 8.06246073582626, 'B1': 65.15274283276773, 'A2': 42.0785967919147, 'B2': 0.05546047303129811}. Best is trial 51 with value: 0.12352539598941803.
[I 2022-09-22 18:02:17,136] Trial 92 finished with value: 0.1300664246082306 and parameters: {'num_inner_loop': 40, 'A1': 7.688811668276112, 'B1': 53.77757620834264, 'A2': 45.037659871177695, 'B2': 0.039241930700807705}. Best is trial 51 with value: 0.12352539598941803.
[I 2022-09-22 18:10:34,175] Trial 93 finished with value: 0.18306070566177368 and parameters: {'num_inner_loop': 39, 'A1': 7.502486905875921, 'B1': 59.02023081735512, 'A2': 39.33144429403444, 'B2': 0.032165367100647116}. Best is trial 51 with value: 0.12352539598941803.
[I 2022-09-22 18:19:18,481] Trial 94 finished with value: 0.2750949263572693 and parameters: {'num_inner_loop': 41, 'A1': 6.617380029209001, 'B1': 50.2913331333806, 'A2': 44.23197599931609, 'B2': 0.08490298963639338}. Best is trial 51 with value: 0.12352539598941803.
[I 2022-09-22 18:29:16,203] Trial 95 finished with value: 0.14015580713748932 and parameters: {'num_inner_loop': 40, 'A1': 8.659023076597782, 'B1': 71.51952979778468, 'A2': 36.440715649772145, 'B2': 0.0482594878074881}. Best is trial 51 with value: 0.12352539598941803.
[I 2022-09-22 18:36:00,626] Trial 96 finished with value: 0.24798184633255005 and parameters: {'num_inner_loop': 38, 'A1': 7.2125813549667805, 'B1': 58.07147044868841, 'A2': 41.387153454961734, 'B2': 0.026974667222685163}. Best is trial 51 with value: 0.12352539598941803.
[I 2022-09-22 18:46:04,014] Trial 97 finished with value: 0.12365108728408813 and parameters: {'num_inner_loop': 40, 'A1': 8.119352654702537, 'B1': 61.79709385058739, 'A2': 49.202253537746195, 'B2': 0.0632588768110273}. Best is trial 51 with value: 0.12352539598941803.
[I 2022-09-22 18:54:54,393] Trial 98 finished with value: 0.2787492871284485 and parameters: {'num_inner_loop': 41, 'A1': 8.143199581817326, 'B1': 62.53665406023937, 'A2': 49.40485670587722, 'B2': 0.07566017609018866}. Best is trial 51 with value: 0.12352539598941803.
[I 2022-09-22 19:01:29,850] Trial 99 finished with value: 0.5429916977882385 and parameters: {'num_inner_loop': 37, 'A1': 9.516927682090579, 'B1': 53.295556277412246, 'A2': 54.637210468395, 'B2': 0.10215310964014702}. Best is trial 51 with value: 0.12352539598941803.
{'num_inner_loop': 40,
 'A1': 7.551119391251944,
 'B1': 58.50303346541581,
 'A2': 46.136837182164044,
 'B2': 0.08656584768218457}