[I 2022-09-25 07:52:25,467] Trial 84 finished with value: 0.1987575739622116 and parameters: {'A1': 4.781807036745439, 'B1': 876.0224965049517, 'A2': 16.787413703379993, 'B2': 0.003763474907086833}. Best is trial 12 with value: 0.10588719695806503.
[I 2022-09-25 08:01:32,636] Trial 85 finished with value: 0.12385759502649307 and parameters: {'A1': 1.6542063637407693, 'B1': 948.0098912306113, 'A2': 19.05084801641847, 'B2': 0.009639509916108797}. Best is trial 12 with value: 0.10588719695806503.
[I 2022-09-25 08:10:39,859] Trial 86 finished with value: 0.1240052580833435 and parameters: {'A1': 1.6844661779866454, 'B1': 951.5158703362496, 'A2': 18.34401455967153, 'B2': 0.008361892679349581}. Best is trial 12 with value: 0.10588719695806503.
[I 2022-09-25 08:17:46,096] Trial 87 finished with value: 0.1409585177898407 and parameters: {'A1': 1.6725570009575799, 'B1': 699.4902830015315, 'A2': 18.75368703913384, 'B2': 0.010342515558593222}. Best is trial 12 with value: 0.10588719695806503.
[I 2022-09-25 08:24:51,634] Trial 88 finished with value: 0.14674168825149536 and parameters: {'A1': 2.1030828938915804, 'B1': 934.373851563731, 'A2': 17.950343169407468, 'B2': 0.02292708790936628}. Best is trial 12 with value: 0.10588719695806503.
[I 2022-09-25 08:31:57,287] Trial 89 finished with value: 0.14025750756263733 and parameters: {'A1': 1.853520988854406, 'B1': 817.1198592904221, 'A2': 20.465407186993847, 'B2': 0.015324976665557358}. Best is trial 12 with value: 0.10588719695806503.
[I 2022-09-25 08:41:03,817] Trial 90 finished with value: 0.12558895349502563 and parameters: {'A1': 1.29105696440208, 'B1': 759.4086840146845, 'A2': 19.338110186937488, 'B2': 0.008456061378740927}. Best is trial 12 with value: 0.10588719695806503.
[I 2022-09-25 08:50:10,410] Trial 91 finished with value: 0.16113430261611938 and parameters: {'A1': 1.1298125481423218, 'B1': 899.5655675439624, 'A2': 19.476609027127296, 'B2': 0.007135876531110171}. Best is trial 12 with value: 0.10588719695806503.
[I 2022-09-25 08:59:17,185] Trial 92 finished with value: 0.1310112327337265 and parameters: {'A1': 1.2268459242351877, 'B1': 766.3057232205193, 'A2': 18.81252004757481, 'B2': 0.017928809207675988}. Best is trial 12 with value: 0.10588719695806503.
[I 2022-09-25 09:08:23,921] Trial 93 finished with value: 0.14909020066261292 and parameters: {'A1': 1.312548889382204, 'B1': 944.1862027022195, 'A2': 17.124797490910822, 'B2': 0.008805095581542122}. Best is trial 12 with value: 0.10588719695806503.
[I 2022-09-25 09:17:31,917] Trial 94 finished with value: 0.12567174434661865 and parameters: {'A1': 1.4732712121720681, 'B1': 854.7257009632941, 'A2': 18.343341240007156, 'B2': 0.005504310402093799}. Best is trial 12 with value: 0.10588719695806503.
[I 2022-09-25 09:24:38,404] Trial 95 finished with value: 0.15167054533958435 and parameters: {'A1': 1.6175602879658053, 'B1': 801.3353542435772, 'A2': 20.05812640601767, 'B2': 0.0034303283523818974}. Best is trial 12 with value: 0.10588719695806503.
[I 2022-09-25 09:33:45,058] Trial 96 finished with value: 0.12312784790992737 and parameters: {'A1': 1.7159492560538983, 'B1': 997.3031967098401, 'A2': 21.038647331685066, 'B2': 0.0580615289472965}. Best is trial 12 with value: 0.10588719695806503.
[I 2022-09-25 09:42:52,986] Trial 97 finished with value: 0.12034550309181213 and parameters: {'A1': 1.7333761469308926, 'B1': 947.1387113175513, 'A2': 20.584636801357615, 'B2': 0.1072610201833549}. Best is trial 12 with value: 0.10588719695806503.
[I 2022-09-25 09:52:00,072] Trial 98 finished with value: 0.12073811143636703 and parameters: {'A1': 1.7079565117238897, 'B1': 950.006721556325, 'A2': 21.239932766128803, 'B2': 0.07669368266458315}. Best is trial 12 with value: 0.10588719695806503.
[I 2022-09-25 09:59:05,481] Trial 99 finished with value: 0.13918572664260864 and parameters: {'A1': 2.05475627713754, 'B1': 905.0326242815639, 'A2': 20.986138925842518, 'B2': 0.09429253154300964}. Best is trial 12 with value: 0.10588719695806503.
{'A1': 1.0567319195585296,
 'B1': 980.561252426586,
 'A2': 16.838659044351402,
 'B2': 9.363783598247833}