def objective(trial):
  tudui = TUdui().to(device)
  tudui.load_state_dict(torch.load("model_pretrained_layer_3_size_32_ini_n_0_2_no_div_size.pth"))

  params = {
      "num_inner_loop": 50,
      "n": 100,
      "A1": trial.suggest_float("A1", 1, 5),
      "B1": trial.suggest_float("B1", 1e2, 1e3, log=True),
      "A2": trial.suggest_float("A2", 10, 40), 
      "B2": trial.suggest_float("B2", 1e-3, 10, log=True), 
      "C2": 3.5,
      "tudui": tudui
  }

  score = get_model_loss(params)
  return score

sampler = optuna.samplers.TPESampler(seed=511)
study = optuna.create_study(direction="minimize", sampler=sampler)
study.optimize(objective, n_trials=100, timeout=None, n_jobs = 1)

study.best_params

{'A1': 1.0567319195585296,
 'B1': 980.561252426586,
 'A2': 16.838659044351402,
 'B2': 9.363783598247833}

OrderedDict([('B1', 0.5054490502355947),
             ('A2', 0.435315239599981),
             ('B2', 0.04674191145251835),
             ('A1', 0.012493798711905996)])

[I 2022-09-24 21:29:34,217] A new study created in memory with name: no-name-633ef428-308a-4ad3-ab73-86307f87380c
[I 2022-09-24 21:36:35,208] Trial 0 finished with value: 0.1589151918888092 and parameters: {'A1': 2.0774499057779727, 'B1': 645.1958348791867, 'A2': 17.149295081210823, 'B2': 0.5795492870081911}. Best is trial 0 with value: 0.1589151918888092.
[I 2022-09-24 21:42:09,359] Trial 1 finished with value: 0.26126834750175476 and parameters: {'A1': 3.255919192962969, 'B1': 518.5871474065284, 'A2': 12.711269389059817, 'B2': 0.02016948276911024}. Best is trial 0 with value: 0.1589151918888092.
[I 2022-09-24 21:45:25,998] Trial 2 finished with value: 0.19662222266197205 and parameters: {'A1': 4.927173933669431, 'B1': 421.24087905656324, 'A2': 36.52721373917157, 'B2': 0.04818875108914436}. Best is trial 0 with value: 0.1589151918888092.
[I 2022-09-24 21:47:37,405] Trial 3 finished with value: 0.5433627963066101 and parameters: {'A1': 3.441440764228739, 'B1': 166.45041489714964, 'A2': 22.042210946597095, 'B2': 0.023831220692196207}. Best is trial 0 with value: 0.1589151918888092.
[I 2022-09-24 21:53:02,985] Trial 4 finished with value: 0.21386489272117615 and parameters: {'A1': 4.955425465978887, 'B1': 107.81288139387108, 'A2': 34.45266847375616, 'B2': 0.24816543152740905}. Best is trial 0 with value: 0.1589151918888092.
[I 2022-09-24 22:02:50,787] Trial 5 finished with value: 0.1530296802520752 and parameters: {'A1': 1.448457011996632, 'B1': 687.4785424044131, 'A2': 10.01222530356572, 'B2': 0.0010950273984397985}. Best is trial 5 with value: 0.1530296802520752.
[I 2022-09-24 22:07:13,686] Trial 6 finished with value: 0.34231871366500854 and parameters: {'A1': 3.033184997837071, 'B1': 255.97018295604667, 'A2': 23.442395957288213, 'B2': 0.16123874300868585}. Best is trial 5 with value: 0.1530296802520752.
[I 2022-09-24 22:10:31,922] Trial 7 finished with value: 1.4030749797821045 and parameters: {'A1': 3.412687078243001, 'B1': 332.3710308039663, 'A2': 11.157269162905607, 'B2': 2.7726472225320533}. Best is trial 5 with value: 0.1530296802520752.
[I 2022-09-24 22:12:43,518] Trial 8 finished with value: 3.142418146133423 and parameters: {'A1': 2.987140012292366, 'B1': 120.47290520072313, 'A2': 10.526400837036261, 'B2': 0.004169045116178286}. Best is trial 5 with value: 0.1530296802520752.
[I 2022-09-24 22:17:05,913] Trial 9 finished with value: 0.32770755887031555 and parameters: {'A1': 2.3391901107698923, 'B1': 186.70112667281865, 'A2': 25.1865841923698, 'B2': 0.27996054067307996}. Best is trial 5 with value: 0.1530296802520752.
[I 2022-09-24 22:26:51,161] Trial 10 finished with value: 0.1859513521194458 and parameters: {'A1': 1.0755581721270207, 'B1': 968.8736841805248, 'A2': 29.505893908428433, 'B2': 0.0010633728276491304}. Best is trial 5 with value: 0.1530296802520752.
[I 2022-09-24 22:36:33,140] Trial 11 finished with value: 0.13247910141944885 and parameters: {'A1': 1.4061930562379503, 'B1': 842.3804352768414, 'A2': 17.294578067991885, 'B2': 2.8565600227219186}. Best is trial 11 with value: 0.13247910141944885.
[I 2022-09-24 22:52:44,229] Trial 12 finished with value: 0.10588719695806503 and parameters: {'A1': 1.0567319195585296, 'B1': 980.561252426586, 'A2': 16.838659044351402, 'B2': 9.363783598247833}. Best is trial 12 with value: 0.10588719695806503.
[I 2022-09-24 23:02:29,221] Trial 13 finished with value: 0.13221822679042816 and parameters: {'A1': 1.7289141477390393, 'B1': 907.8667537830805, 'A2': 17.616294474851045, 'B2': 8.345213476247771}. Best is trial 12 with value: 0.10588719695806503.
[I 2022-09-24 23:12:12,616] Trial 14 finished with value: 0.13086554408073425 and parameters: {'A1': 1.944977312395242, 'B1': 982.9289865031092, 'A2': 16.932760318595083, 'B2': 5.630356951831349}. Best is trial 12 with value: 0.10588719695806503.
[I 2022-09-24 23:17:36,366] Trial 15 finished with value: 0.18934392929077148 and parameters: {'A1': 2.3621294887814597, 'B1': 560.7048083073195, 'A2': 20.599786038820085, 'B2': 9.593752172982285}. Best is trial 12 with value: 0.10588719695806503.
[I 2022-09-24 23:25:09,925] Trial 16 finished with value: 0.13438045978546143 and parameters: {'A1': 1.043364586574386, 'B1': 435.3018669321195, 'A2': 27.320168276862713, 'B2': 1.207429027336515}. Best is trial 12 with value: 0.10588719695806503.
[I 2022-09-24 23:32:42,324] Trial 17 finished with value: 0.16486820578575134 and parameters: {'A1': 1.86999478475811, 'B1': 784.0329311899497, 'A2': 14.272584015296093, 'B2': 2.628672692549866}. Best is trial 12 with value: 0.10588719695806503.
[I 2022-09-24 23:34:52,872] Trial 18 finished with value: 0.6744602918624878 and parameters: {'A1': 4.174370098805997, 'B1': 298.26574586244743, 'A2': 19.820938138796873, 'B2': 9.868450651310807}. Best is trial 12 with value: 0.10588719695806503.
[I 2022-09-24 23:42:27,508] Trial 19 finished with value: 0.15612126886844635 and parameters: {'A1': 2.5923240483298935, 'B1': 993.6284717623183, 'A2': 14.475097939418626, 'B2': 0.9574702541616281}. Best is trial 12 with value: 0.10588719695806503.
[I 2022-09-24 23:50:02,983] Trial 20 finished with value: 0.13289165496826172 and parameters: {'A1': 1.5434885680446118, 'B1': 645.9687375500603, 'A2': 29.90023537411895, 'B2': 4.121758183004457}. Best is trial 12 with value: 0.10588719695806503.
[I 2022-09-24 23:57:35,879] Trial 21 finished with value: 0.1598513275384903 and parameters: {'A1': 1.8237216723339347, 'B1': 810.9550511246714, 'A2': 16.980228314731423, 'B2': 5.548365374126658}. Best is trial 12 with value: 0.10588719695806503.
[I 2022-09-25 00:07:21,967] Trial 22 finished with value: 0.13025975227355957 and parameters: {'A1': 1.5948814161376326, 'B1': 993.5133069860724, 'A2': 19.29616901107444, 'B2': 1.3793371071590874}. Best is trial 12 with value: 0.10588719695806503.
[I 2022-09-25 00:17:13,543] Trial 23 finished with value: 0.13025927543640137 and parameters: {'A1': 1.2171140109230674, 'B1': 752.719179993487, 'A2': 19.26623755301392, 'B2': 1.2953951200729936}. Best is trial 12 with value: 0.10588719695806503.
[I 2022-09-25 00:26:57,251] Trial 24 finished with value: 0.12701614201068878 and parameters: {'A1': 1.2160684958709336, 'B1': 726.9036144490743, 'A2': 19.672383809137127, 'B2': 1.175320783637112}. Best is trial 12 with value: 0.10588719695806503.
[I 2022-09-25 00:34:28,172] Trial 25 finished with value: 0.1349031925201416 and parameters: {'A1': 1.1834837679561299, 'B1': 499.56268616998005, 'A2': 24.05660966651526, 'B2': 0.40657623451850394}. Best is trial 12 with value: 0.10588719695806503.
[I 2022-09-25 00:44:11,590] Trial 26 finished with value: 0.13305632770061493 and parameters: {'A1': 1.311339594736608, 'B1': 710.5632481265725, 'A2': 14.487607061780068, 'B2': 0.10871153334647331}. Best is trial 12 with value: 0.10588719695806503.
[I 2022-09-25 00:48:31,234] Trial 27 finished with value: 0.22026479244232178 and parameters: {'A1': 3.9042189986169578, 'B1': 584.3398650476106, 'A2': 21.533237907105633, 'B2': 1.6423691774279456}. Best is trial 12 with value: 0.10588719695806503.
[I 2022-09-25 00:56:02,982] Trial 28 finished with value: 0.1289893388748169 and parameters: {'A1': 1.01371291588038, 'B1': 363.3224421766706, 'A2': 25.2057457156542, 'B2': 0.5184605388575804}. Best is trial 12 with value: 0.10588719695806503.
[I 2022-09-25 01:00:20,700] Trial 29 finished with value: 0.18291670083999634 and parameters: {'A1': 2.341948013931351, 'B1': 402.5198197096484, 'A2': 26.102784091815806, 'B2': 0.6080226883021577}. Best is trial 12 with value: 0.10588719695806503.
[I 2022-09-25 01:04:40,823] Trial 30 finished with value: 0.2149829864501953 and parameters: {'A1': 2.1471514989247886, 'B1': 218.21811166410717, 'A2': 32.02510342417885, 'B2': 0.6339359877037695}. Best is trial 12 with value: 0.10588719695806503.
[I 2022-09-25 01:14:24,098] Trial 31 finished with value: 0.15362775325775146 and parameters: {'A1': 1.0070733600049746, 'B1': 754.7919748469354, 'A2': 18.71551259704699, 'B2': 0.7889425851419204}. Best is trial 12 with value: 0.10588719695806503.
[I 2022-09-25 01:21:56,233] Trial 32 finished with value: 0.14015069603919983 and parameters: {'A1': 1.3223805449613297, 'B1': 591.2030848218556, 'A2': 22.61804540194126, 'B2': 1.7729280648432115}. Best is trial 12 with value: 0.10588719695806503.
[I 2022-09-25 01:28:20,109] Trial 33 finished with value: 0.13035988807678223 and parameters: {'A1': 1.612605700697712, 'B1': 485.13657945321876, 'A2': 27.106485560212075, 'B2': 0.05030328282661751}. Best is trial 12 with value: 0.10588719695806503.
[I 2022-09-25 01:34:43,987] Trial 34 finished with value: 0.1647786796092987 and parameters: {'A1': 1.2489130883746098, 'B1': 343.5892334249245, 'A2': 15.575217545993587, 'B2': 0.3640383509151564}. Best is trial 12 with value: 0.10588719695806503.
[I 2022-09-25 01:44:22,537] Trial 35 finished with value: 0.14201723039150238 and parameters: {'A1': 1.2438405357431723, 'B1': 659.5035079898397, 'A2': 12.43053211614945, 'B2': 0.15840816101662575}. Best is trial 12 with value: 0.10588719695806503.
[I 2022-09-25 01:48:37,990] Trial 36 finished with value: 0.7279901504516602 and parameters: {'A1': 2.0414886365599605, 'B1': 140.7809170466437, 'A2': 21.37256059891693, 'B2': 0.044331331835701204}. Best is trial 12 with value: 0.10588719695806503.
[I 2022-09-25 01:56:09,643] Trial 37 finished with value: 0.13868099451065063 and parameters: {'A1': 1.011144843633902, 'B1': 388.6432791695641, 'A2': 18.73231108632525, 'B2': 0.46032356922313433}. Best is trial 12 with value: 0.10588719695806503.
[I 2022-09-25 02:00:27,744] Trial 38 finished with value: 0.19010233879089355 and parameters: {'A1': 1.5209214360152645, 'B1': 270.37918846278785, 'A2': 23.945306038867702, 'B2': 0.22141630378998223}. Best is trial 12 with value: 0.10588719695806503.
[I 2022-09-25 02:04:45,359] Trial 39 finished with value: 0.15941649675369263 and parameters: {'A1': 4.453718460544748, 'B1': 709.8007886219704, 'A2': 37.05278812023003, 'B2': 2.1517729201396785}. Best is trial 12 with value: 0.10588719695806503.
[I 2022-09-25 02:14:15,101] Trial 40 finished with value: 0.14006637036800385 and parameters: {'A1': 1.7296641232014422, 'B1': 838.1263168684159, 'A2': 12.592464556554974, 'B2': 0.01249413640441013}. Best is trial 12 with value: 0.10588719695806503.
[I 2022-09-25 02:23:36,818] Trial 41 finished with value: 0.1255684345960617 and parameters: {'A1': 1.4681814176136319, 'B1': 866.1980052071033, 'A2': 19.82481999110991, 'B2': 1.2640504396728305}. Best is trial 12 with value: 0.10588719695806503.
[I 2022-09-25 02:32:58,980] Trial 42 finished with value: 0.12768816947937012 and parameters: {'A1': 1.3987031511066492, 'B1': 861.559615347679, 'A2': 22.669138390477098, 'B2': 4.269036753543483}. Best is trial 12 with value: 0.10588719695806503.
[I 2022-09-25 02:42:20,895] Trial 43 finished with value: 0.12648075819015503 and parameters: {'A1': 1.422331288218841, 'B1': 858.4631684957134, 'A2': 21.888133270682065, 'B2': 4.095631130566361}. Best is trial 12 with value: 0.10588719695806503.
[I 2022-09-25 02:48:32,983] Trial 44 finished with value: 0.14575093984603882 and parameters: {'A1': 2.76122187057215, 'B1': 881.3203410188173, 'A2': 22.388697730088744, 'B2': 4.356238214430349}. Best is trial 12 with value: 0.10588719695806503.
[I 2022-09-25 02:58:01,009] Trial 45 finished with value: 0.14187777042388916 and parameters: {'A1': 1.4320656639834808, 'B1': 886.3306583147232, 'A2': 15.521178074087846, 'B2': 3.7621163010858845}. Best is trial 12 with value: 0.10588719695806503.
[I 2022-09-25 03:04:20,695] Trial 46 finished with value: 0.15302513539791107 and parameters: {'A1': 2.0641469152842133, 'B1': 621.9136165049796, 'A2': 21.105359307773412, 'B2': 6.48266496743517}. Best is trial 12 with value: 0.10588719695806503.
[I 2022-09-25 03:11:37,069] Trial 47 finished with value: 0.13351202011108398 and parameters: {'A1': 1.6882337065119692, 'B1': 535.2151232990033, 'A2': 23.06627376625218, 'B2': 2.849272005984382}. Best is trial 12 with value: 0.10588719695806503.
[I 2022-09-25 03:20:52,804] Trial 48 finished with value: 0.12927427887916565 and parameters: {'A1': 1.477590962658684, 'B1': 871.2281013359709, 'A2': 20.029398511459476, 'B2': 7.275638509460014}. Best is trial 12 with value: 0.10588719695806503.
[I 2022-09-25 03:28:04,261] Trial 49 finished with value: 0.14742246270179749 and parameters: {'A1': 1.8367557793476597, 'B1': 721.7713810758064, 'A2': 17.61530563204489, 'B2': 3.5843878064596306}. Best is trial 12 with value: 0.10588719695806503.
[I 2022-09-25 03:34:10,763] Trial 50 finished with value: 0.13100582361221313 and parameters: {'A1': 1.4122551263411536, 'B1': 452.5173561434507, 'A2': 28.967247899941306, 'B2': 2.1936198983161908}. Best is trial 12 with value: 0.10588719695806503.
[I 2022-09-25 03:43:19,791] Trial 51 finished with value: 0.14278185367584229 and parameters: {'A1': 1.151672698444627, 'B1': 808.7486658054818, 'A2': 25.276650015231667, 'B2': 1.029338607667009}. Best is trial 12 with value: 0.10588719695806503.
[I 2022-09-25 03:52:35,768] Trial 52 finished with value: 0.15948396921157837 and parameters: {'A1': 1.1406082740127974, 'B1': 907.7394424435474, 'A2': 24.52246133551071, 'B2': 5.263726149712992}. Best is trial 12 with value: 0.10588719695806503.
[I 2022-09-25 03:56:44,338] Trial 53 finished with value: 0.18796846270561218 and parameters: {'A1': 1.3693876913800551, 'B1': 228.49678195641187, 'A2': 26.025038310774626, 'B2': 3.0584342744389463}. Best is trial 12 with value: 0.10588719695806503.
[I 2022-09-25 04:01:55,055] Trial 54 finished with value: 0.17036038637161255 and parameters: {'A1': 3.5970909587723816, 'B1': 949.0979826793509, 'A2': 20.429647661043095, 'B2': 0.9518716927439183}. Best is trial 12 with value: 0.10588719695806503.
[I 2022-09-25 04:09:08,862] Trial 55 finished with value: 0.16169333457946777 and parameters: {'A1': 1.669338418571403, 'B1': 778.2627390421309, 'A2': 18.158856195266488, 'B2': 7.3502740682551035}. Best is trial 12 with value: 0.10588719695806503.
[I 2022-09-25 04:18:25,197] Trial 56 finished with value: 0.13987742364406586 and parameters: {'A1': 1.0420102278646926, 'B1': 660.7326056976306, 'A2': 16.18061951844584, 'B2': 1.8514195741425898}. Best is trial 12 with value: 0.10588719695806503.
[I 2022-09-25 04:21:30,603] Trial 57 finished with value: 0.3888103663921356 and parameters: {'A1': 2.2329455297045264, 'B1': 173.48565034406803, 'A2': 22.002422878547254, 'B2': 9.891039955523796}. Best is trial 12 with value: 0.10588719695806503.
[I 2022-09-25 04:28:45,903] Trial 58 finished with value: 0.1344745010137558 and parameters: {'A1': 1.8854798000316708, 'B1': 820.5666418148978, 'A2': 28.167395693180413, 'B2': 5.384513935227085}. Best is trial 12 with value: 0.10588719695806503.
[I 2022-09-25 04:34:57,795] Trial 59 finished with value: 0.521004319190979 and parameters: {'A1': 2.5128727927379613, 'B1': 102.25623896332975, 'A2': 31.536730409368346, 'B2': 0.7388848173110967}. Best is trial 12 with value: 0.10588719695806503.
[I 2022-09-25 04:42:09,369] Trial 60 finished with value: 0.14365197718143463 and parameters: {'A1': 1.3024460444536554, 'B1': 612.7537854694089, 'A2': 23.350986921430774, 'B2': 1.3272688376693782}. Best is trial 12 with value: 0.10588719695806503.
[I 2022-09-25 04:51:24,704] Trial 61 finished with value: 0.12830683588981628 and parameters: {'A1': 1.5587918506551488, 'B1': 907.1648280018524, 'A2': 20.046888791171135, 'B2': 7.228725115025818}. Best is trial 12 with value: 0.10588719695806503.
[I 2022-09-25 05:00:40,209] Trial 62 finished with value: 0.12786759436130524 and parameters: {'A1': 1.5271067995317869, 'B1': 926.4626877621008, 'A2': 20.79670322363418, 'B2': 4.258836453340396}. Best is trial 12 with value: 0.10588719695806503.
[I 2022-09-25 05:09:54,217] Trial 63 finished with value: 0.1253889799118042 and parameters: {'A1': 1.7252516280719639, 'B1': 987.2563440815032, 'A2': 19.935187830582716, 'B2': 4.730710716543491}. Best is trial 12 with value: 0.10588719695806503.
[I 2022-09-25 05:19:08,603] Trial 64 finished with value: 0.1203998327255249 and parameters: {'A1': 1.7983316119578927, 'B1': 990.4257606456064, 'A2': 20.93902486457965, 'B2': 0.002101853113223496}. Best is trial 12 with value: 0.10588719695806503.
[I 2022-09-25 05:28:22,203] Trial 65 finished with value: 0.12135182321071625 and parameters: {'A1': 1.9656291492302644, 'B1': 994.8580566385565, 'A2': 18.187468897631884, 'B2': 0.009547193517624682}. Best is trial 12 with value: 0.10588719695806503.
[I 2022-09-25 05:37:36,630] Trial 66 finished with value: 0.12495730072259903 and parameters: {'A1': 1.9854095059950787, 'B1': 986.5627547596619, 'A2': 16.55638666340522, 'B2': 0.0021301628052346738}. Best is trial 12 with value: 0.10588719695806503.
[I 2022-09-25 05:46:49,572] Trial 67 finished with value: 0.1263471096754074 and parameters: {'A1': 1.959365915857113, 'B1': 996.5269024777514, 'A2': 16.028815138109756, 'B2': 0.0023521666459322024}. Best is trial 12 with value: 0.10588719695806503.
[I 2022-09-25 05:56:03,857] Trial 68 finished with value: 0.13552403450012207 and parameters: {'A1': 2.008760897134643, 'B1': 994.923907808483, 'A2': 13.63194578953124, 'B2': 0.0016896343970025727}. Best is trial 12 with value: 0.10588719695806503.
[I 2022-09-25 06:03:14,790] Trial 69 finished with value: 0.1527954488992691 and parameters: {'A1': 2.1911586575482596, 'B1': 960.8417854000851, 'A2': 16.069005630501955, 'B2': 0.0031633942586082845}. Best is trial 12 with value: 0.10588719695806503.
[I 2022-09-25 06:10:25,192] Trial 70 finished with value: 0.17743319272994995 and parameters: {'A1': 2.4712753390369837, 'B1': 987.9824502691289, 'A2': 11.415535023854078, 'B2': 0.0054922116918126925}. Best is trial 12 with value: 0.10588719695806503.
[I 2022-09-25 06:17:35,476] Trial 71 finished with value: 0.14636141061782837 and parameters: {'A1': 1.7725153395240754, 'B1': 788.790747893524, 'A2': 18.199227143466377, 'B2': 0.0018211110887398653}. Best is trial 12 with value: 0.10588719695806503.
[I 2022-09-25 06:24:45,417] Trial 72 finished with value: 0.15898042917251587 and parameters: {'A1': 1.9177390926947986, 'B1': 926.2656060502255, 'A2': 16.523432877636694, 'B2': 0.005298978232810662}. Best is trial 12 with value: 0.10588719695806503.
[I 2022-09-25 06:30:53,730] Trial 73 finished with value: 0.14966212213039398 and parameters: {'A1': 2.802061607898599, 'B1': 837.4518272736569, 'A2': 19.01196971769992, 'B2': 0.011583103187038967}. Best is trial 12 with value: 0.10588719695806503.
[I 2022-09-25 06:38:03,643] Trial 74 finished with value: 0.14719268679618835 and parameters: {'A1': 2.2893873798249738, 'B1': 996.1577653325683, 'A2': 17.356055046398332, 'B2': 0.002615020664687806}. Best is trial 12 with value: 0.10588719695806503.
[I 2022-09-25 06:45:14,091] Trial 75 finished with value: 0.1430819034576416 and parameters: {'A1': 2.116597050461432, 'B1': 758.470855814077, 'A2': 38.71541061204244, 'B2': 0.001217781491422207}. Best is trial 12 with value: 0.10588719695806503.
[I 2022-09-25 06:54:25,804] Trial 76 finished with value: 0.13004803657531738 and parameters: {'A1': 1.7974286299356332, 'B1': 918.2485011309803, 'A2': 14.950264704847477, 'B2': 0.00683418168237791}. Best is trial 12 with value: 0.10588719695806503.
[I 2022-09-25 07:01:33,785] Trial 77 finished with value: 0.1584007740020752 and parameters: {'A1': 1.978221522099412, 'B1': 679.7140062094801, 'A2': 13.35918684029319, 'B2': 0.002904092535812239}. Best is trial 12 with value: 0.10588719695806503.
[I 2022-09-25 07:10:44,653] Trial 78 finished with value: 0.12131430208683014 and parameters: {'A1': 1.6286342507330391, 'B1': 849.119867741173, 'A2': 18.371586485318993, 'B2': 0.002037848191566199}. Best is trial 12 with value: 0.10588719695806503.
[I 2022-09-25 07:17:53,627] Trial 79 finished with value: 0.1545475572347641 and parameters: {'A1': 1.6383888116189838, 'B1': 795.6741498427224, 'A2': 18.036029458786718, 'B2': 0.0021403607450381527}. Best is trial 12 with value: 0.10588719695806503.
[I 2022-09-25 07:22:59,682] Trial 80 finished with value: 0.18827253580093384 and parameters: {'A1': 3.2406647855593276, 'B1': 739.151475743688, 'A2': 16.944114228299725, 'B2': 0.0013857584484076567}. Best is trial 12 with value: 0.10588719695806503.
[I 2022-09-25 07:30:05,202] Trial 81 finished with value: 0.15136480331420898 and parameters: {'A1': 1.764551495066492, 'B1': 862.8094728065323, 'A2': 19.448162649157133, 'B2': 0.0325777490034781}. Best is trial 12 with value: 0.10588719695806503.
[I 2022-09-25 07:39:13,987] Trial 82 finished with value: 0.12967458367347717 and parameters: {'A1': 1.9259629130623166, 'B1': 938.6705024763612, 'A2': 15.194246907332076, 'B2': 0.004057231314613001}. Best is trial 12 with value: 0.10588719695806503.
[I 2022-09-25 07:47:21,314] Trial 83 finished with value: 0.1395164132118225 and parameters: {'A1': 1.5450478143971906, 'B1': 844.3225966245304, 'A2': 21.54107464640128, 'B2': 0.001024611215787916}. Best is trial 12 with value: 0.10588719695806503.
