[I 2022-09-23 13:12:14,104] Trial 60 finished with value: 0.3041572570800781 and parameters: {'A1': 1.8039054631323554, 'B1': 64.9727776565366, 'A2': 34.532866636035884, 'B2': 0.012634172390458972}. Best is trial 54 with value: 0.2193630188703537.
[I 2022-09-23 13:22:06,936] Trial 61 finished with value: 0.22706960141658783 and parameters: {'A1': 1.0387347618418634, 'B1': 99.72174651214826, 'A2': 31.213432094676687, 'B2': 0.01419048552920688}. Best is trial 54 with value: 0.2193630188703537.
[I 2022-09-23 13:31:54,985] Trial 62 finished with value: 0.2358877956867218 and parameters: {'A1': 1.2686876674503693, 'B1': 94.8130544493498, 'A2': 30.642680165023577, 'B2': 0.021137337605673618}. Best is trial 54 with value: 0.2193630188703537.
[I 2022-09-23 13:41:45,324] Trial 63 finished with value: 0.22666099667549133 and parameters: {'A1': 1.0097362138619563, 'B1': 85.08605688119557, 'A2': 31.170740529735205, 'B2': 0.02034986458403237}. Best is trial 54 with value: 0.2193630188703537.
[I 2022-09-23 13:51:32,070] Trial 64 finished with value: 0.2169731855392456 and parameters: {'A1': 1.0357833077544274, 'B1': 85.21355814239377, 'A2': 33.79455976848628, 'B2': 0.020269606997009772}. Best is trial 64 with value: 0.2169731855392456.
[I 2022-09-23 13:58:53,950] Trial 65 finished with value: 0.28779155015945435 and parameters: {'A1': 1.7569871524573388, 'B1': 85.39305172396885, 'A2': 33.90978637765456, 'B2': 0.06185569365017509}. Best is trial 64 with value: 0.2169731855392456.
[I 2022-09-23 14:08:42,797] Trial 66 finished with value: 0.2251502275466919 and parameters: {'A1': 1.0043581661962937, 'B1': 78.30357640740382, 'A2': 32.05298783118004, 'B2': 0.7986036647652179}. Best is trial 64 with value: 0.2169731855392456.
[I 2022-09-23 14:16:06,643] Trial 67 finished with value: 0.28753527998924255 and parameters: {'A1': 1.4873112134302926, 'B1': 86.68652850350615, 'A2': 32.010075033530924, 'B2': 0.8938939445482638}. Best is trial 64 with value: 0.2169731855392456.
[I 2022-09-23 14:23:32,586] Trial 68 finished with value: 0.30143028497695923 and parameters: {'A1': 2.0344986232295104, 'B1': 80.1555662170196, 'A2': 36.1358131923259, 'B2': 2.458633924400769}. Best is trial 64 with value: 0.2169731855392456.
[I 2022-09-23 14:28:22,997] Trial 69 finished with value: 0.47297385334968567 and parameters: {'A1': 9.041713931519148, 'B1': 65.57747931262293, 'A2': 32.894853121710725, 'B2': 0.5328940498336373}. Best is trial 64 with value: 0.2169731855392456.
[I 2022-09-23 14:35:29,241] Trial 70 finished with value: 0.2813985049724579 and parameters: {'A1': 1.2505970293366409, 'B1': 54.137055392149826, 'A2': 38.01884193669989, 'B2': 8.934735337872217}. Best is trial 64 with value: 0.2169731855392456.
[I 2022-09-23 14:42:35,066] Trial 71 finished with value: 0.2865222990512848 and parameters: {'A1': 1.1440181061801762, 'B1': 75.92503349453433, 'A2': 31.297610777344552, 'B2': 0.24233376713489313}. Best is trial 64 with value: 0.2169731855392456.
[I 2022-09-23 14:52:05,578] Trial 72 finished with value: 0.24380555748939514 and parameters: {'A1': 1.0489150086323344, 'B1': 79.25325349076988, 'A2': 28.046886524610287, 'B2': 0.017734443310311925}. Best is trial 64 with value: 0.2169731855392456.
[I 2022-09-23 14:59:11,343] Trial 73 finished with value: 0.2963228225708008 and parameters: {'A1': 1.6505513219437549, 'B1': 70.68839984633625, 'A2': 33.793641691378234, 'B2': 0.8703390227050113}. Best is trial 64 with value: 0.2169731855392456.
[I 2022-09-23 15:09:01,897] Trial 74 finished with value: 0.2317783087491989 and parameters: {'A1': 1.0178397416777782, 'B1': 86.39165322939184, 'A2': 30.099432972478713, 'B2': 0.012909593356918323}. Best is trial 64 with value: 0.2169731855392456.
[I 2022-09-23 15:16:31,750] Trial 75 finished with value: 0.28404325246810913 and parameters: {'A1': 1.4487541292610733, 'B1': 92.69634464484398, 'A2': 32.02491123821155, 'B2': 0.02850370021650622}. Best is trial 64 with value: 0.2169731855392456.
[I 2022-09-23 15:23:56,190] Trial 76 finished with value: 0.3101956248283386 and parameters: {'A1': 2.3501067157705613, 'B1': 83.6575303134934, 'A2': 35.25230792146791, 'B2': 0.012393803987185393}. Best is trial 64 with value: 0.2169731855392456.
[I 2022-09-23 15:31:17,107] Trial 77 finished with value: 0.29304248094558716 and parameters: {'A1': 1.6733320183948415, 'B1': 95.00850172249592, 'A2': 31.154862731940913, 'B2': 0.021635407956438084}. Best is trial 64 with value: 0.2169731855392456.
[I 2022-09-23 15:38:38,679] Trial 78 finished with value: 0.280042439699173 and parameters: {'A1': 1.3000358569795551, 'B1': 87.46222732816973, 'A2': 32.60187397146025, 'B2': 0.037562889389764265}. Best is trial 64 with value: 0.2169731855392456.
[I 2022-09-23 15:45:53,566] Trial 79 finished with value: 0.2898637652397156 and parameters: {'A1': 1.9260549759766512, 'B1': 99.86629229055494, 'A2': 33.42546119655587, 'B2': 0.3725797382328366}. Best is trial 64 with value: 0.2169731855392456.
[I 2022-09-23 15:53:09,503] Trial 80 finished with value: 0.3634265661239624 and parameters: {'A1': 2.5365505959283734, 'B1': 61.256198438911206, 'A2': 29.902556807294953, 'B2': 0.17827919144313803}. Best is trial 64 with value: 0.2169731855392456.
[I 2022-09-23 16:02:59,456] Trial 81 finished with value: 0.23396500945091248 and parameters: {'A1': 1.0311795407410826, 'B1': 75.30470353082933, 'A2': 30.080494896354136, 'B2': 0.014708128590585652}. Best is trial 64 with value: 0.2169731855392456.
[I 2022-09-23 16:12:47,049] Trial 82 finished with value: 0.2416389286518097 and parameters: {'A1': 1.0335011301561694, 'B1': 89.65146105030077, 'A2': 28.221639969924716, 'B2': 0.01705430250393517}. Best is trial 64 with value: 0.2169731855392456.
[I 2022-09-23 16:20:09,219] Trial 83 finished with value: 0.27048689126968384 and parameters: {'A1': 1.3194115196040181, 'B1': 82.43062935457313, 'A2': 34.47987172987702, 'B2': 0.012843846445723945}. Best is trial 64 with value: 0.2169731855392456.
[I 2022-09-23 16:27:44,760] Trial 84 finished with value: 0.3064890205860138 and parameters: {'A1': 1.6164621656361122, 'B1': 68.31918902313251, 'A2': 30.98565023702952, 'B2': 0.011701160748139332}. Best is trial 64 with value: 0.2169731855392456.
[I 2022-09-23 16:35:04,245] Trial 85 finished with value: 0.2825163006782532 and parameters: {'A1': 1.487262839027985, 'B1': 94.257787126661, 'A2': 32.38613397760913, 'B2': 0.023869660504378984}. Best is trial 64 with value: 0.2169731855392456.
[I 2022-09-23 16:44:31,563] Trial 86 finished with value: 0.25690191984176636 and parameters: {'A1': 1.2323024779257543, 'B1': 78.96804850922359, 'A2': 27.16200076422793, 'B2': 0.015270648926317923}. Best is trial 64 with value: 0.2169731855392456.
[I 2022-09-23 16:49:14,631] Trial 87 finished with value: 0.49952349066734314 and parameters: {'A1': 5.2500723337226605, 'B1': 73.14013373526029, 'A2': 29.058896056332195, 'B2': 0.018682070249939453}. Best is trial 64 with value: 0.2169731855392456.
[I 2022-09-23 16:56:20,796] Trial 88 finished with value: 0.3343062996864319 and parameters: {'A1': 2.1718258385461984, 'B1': 57.557563357460985, 'A2': 33.33442838380012, 'B2': 0.01014025323510692}. Best is trial 64 with value: 0.2169731855392456.
[I 2022-09-23 17:06:07,751] Trial 89 finished with value: 0.23242460191249847 and parameters: {'A1': 1.0034062044385095, 'B1': 88.05729891474016, 'A2': 29.964096638223445, 'B2': 0.09813037338672798}. Best is trial 64 with value: 0.2169731855392456.
[I 2022-09-23 17:13:47,449] Trial 90 finished with value: 0.9406968355178833 and parameters: {'A1': 3.9299117802683865, 'B1': 47.29434230342549, 'A2': 12.401192007371115, 'B2': 0.10184090760795764}. Best is trial 64 with value: 0.2169731855392456.
[I 2022-09-23 17:24:09,327] Trial 91 finished with value: 0.232656329870224 and parameters: {'A1': 1.0098002394386272, 'B1': 87.56907741630823, 'A2': 29.92665509577409, 'B2': 0.08646220212690932}. Best is trial 64 with value: 0.2169731855392456.
[I 2022-09-23 17:31:43,196] Trial 92 finished with value: 0.28576791286468506 and parameters: {'A1': 1.2253393102315444, 'B1': 88.94104227287853, 'A2': 31.793621548511908, 'B2': 0.0871291714635913}. Best is trial 64 with value: 0.2169731855392456.
[I 2022-09-23 17:38:51,053] Trial 93 finished with value: 0.2983103394508362 and parameters: {'A1': 1.5254940461830553, 'B1': 95.26922209807577, 'A2': 29.77624802493814, 'B2': 0.244378121611012}. Best is trial 64 with value: 0.2169731855392456.
[I 2022-09-23 17:46:02,032] Trial 94 finished with value: 0.31060656905174255 and parameters: {'A1': 1.910958215804373, 'B1': 86.44239493621686, 'A2': 30.688733004122792, 'B2': 0.3171614624865763}. Best is trial 64 with value: 0.2169731855392456.
[I 2022-09-23 17:53:18,992] Trial 95 finished with value: 0.3129955530166626 and parameters: {'A1': 1.6910408402241695, 'B1': 83.32066231478028, 'A2': 28.607733901028006, 'B2': 0.1290430115177325}. Best is trial 64 with value: 0.2169731855392456.
[I 2022-09-23 18:00:30,490] Trial 96 finished with value: 0.2879323959350586 and parameters: {'A1': 1.3853683185529446, 'B1': 99.5611008264649, 'A2': 31.48661110637391, 'B2': 0.15407306726715797}. Best is trial 64 with value: 0.2169731855392456.
[I 2022-09-23 18:10:45,802] Trial 97 finished with value: 0.2536763846874237 and parameters: {'A1': 1.159650596467295, 'B1': 90.73487734301538, 'A2': 26.611410484659316, 'B2': 0.0656903984549827}. Best is trial 64 with value: 0.2169731855392456.
[I 2022-09-23 18:23:04,125] Trial 98 finished with value: 0.23418959975242615 and parameters: {'A1': 1.0139258320439528, 'B1': 95.05001858776332, 'A2': 25.340155963768318, 'B2': 0.049377897166777845}. Best is trial 64 with value: 0.2169731855392456.
[I 2022-09-23 18:30:25,815] Trial 99 finished with value: 0.3039562702178955 and parameters: {'A1': 1.8377309862794045, 'B1': 80.22518015926362, 'A2': 32.214999217327346, 'B2': 0.02658850935740282}. Best is trial 64 with value: 0.2169731855392456.
{'A1': 1.0357833077544274,
 'B1': 85.21355814239377,
 'A2': 33.79455976848628,
 'B2': 0.020269606997009772}
>>>>>>> 1c1ddb448fdb8be4702af17703985e6e76ba911c
