def objective(trial):
  tudui = TUdui().to(device)
  tudui.load_state_dict(torch.load("model_pretrained_layer_3_size_32_ini_n_0_2_new_softplus_100.pth"))

  params = {
      "num_inner_loop": 100,
      "n": 100,
      "A1": trial.suggest_float("A1", 1, 10),
      "B1": trial.suggest_float("B1", 10, 100, log=True),
      "A2": trial.suggest_float("A2", 10, 40), 
      "B2": trial.suggest_float("B2", 1e-2, 10, log=True), 
      "tudui": tudui
  }

  score = get_model_loss(params)
  return score

sampler = optuna.samplers.TPESampler(seed=511)
study = optuna.create_study(direction="minimize", sampler=sampler)
study.optimize(objective, n_trials=100, timeout=None, n_jobs = 1)

study.best_params

{'A1': 1.005908953104254,
 'B1': 25.232008197390314,
 'A2': 38.10392200373056,
 'B2': 0.024145766550753307}

OrderedDict([('A2', 0.6890035195724734),
             ('A1', 0.13414476408140805),
             ('B2', 0.1195549269719356),
             ('B1', 0.057296789374183046)])

[I 2022-09-23 05:58:10,618] A new study created in memory with name: no-name-1f98d1ec-ca8a-4045-a898-032b55f9a5d5
[I 2022-09-23 06:07:26,700] Trial 0 finished with value: 0.36869901418685913 and parameters: {'A1': 3.4242622880004387, 'B1': 64.51958348791871, 'A2': 17.149295081210823, 'B2': 1.1811846157813501}. Best is trial 0 with value: 0.36869901418685913.
[I 2022-09-23 06:14:16,076] Trial 1 finished with value: 1.365822196006775 and parameters: {'A1': 6.075818184166681, 'B1': 51.85871474065287, 'A2': 12.711269389059817, 'B2': 0.09517460233806578}. Best is trial 0 with value: 0.36869901418685913.
[I 2022-09-23 06:21:00,783] Trial 2 finished with value: 0.3232539892196655 and parameters: {'A1': 9.83614135075622, 'B1': 42.12408790565632, 'A2': 36.52721373917157, 'B2': 0.1828981249264376}. Best is trial 2 with value: 0.3232539892196655.
[I 2022-09-23 06:27:44,239] Trial 3 finished with value: 0.7590742707252502 and parameters: {'A1': 6.493241719514662, 'B1': 16.64504148971496, 'A2': 22.042210946597095, 'B2': 0.10785982625903934}. Best is trial 2 with value: 0.3232539892196655.
[I 2022-09-23 06:32:09,377] Trial 4 finished with value: 0.45918917655944824 and parameters: {'A1': 9.899707298452494, 'B1': 10.781288139387106, 'A2': 34.45266847375616, 'B2': 0.6252532594538873}. Best is trial 2 with value: 0.3232539892196655.
[I 2022-09-23 06:45:21,857] Trial 5 finished with value: 0.36728113889694214 and parameters: {'A1': 2.009028276992422, 'B1': 68.74785424044136, 'A2': 10.01222530356572, 'B2': 0.010704557991364482}. Best is trial 2 with value: 0.3232539892196655.
[I 2022-09-23 06:51:58,462] Trial 6 finished with value: 0.3525809347629547 and parameters: {'A1': 5.57466624513341, 'B1': 25.597018295604663, 'A2': 23.442395957288213, 'B2': 0.45248277667737974}. Best is trial 2 with value: 0.3232539892196655.
[I 2022-09-23 07:05:10,682] Trial 7 finished with value: 1.683501958847046 and parameters: {'A1': 6.428545926046752, 'B1': 33.23710308039665, 'A2': 11.157269162905607, 'B2': 3.8209465432877225}. Best is trial 2 with value: 0.3232539892196655.
[I 2022-09-23 07:16:10,614] Trial 8 finished with value: 1.160852074623108 and parameters: {'A1': 5.471065027657823, 'B1': 12.04729052007231, 'A2': 10.526400837036261, 'B2': 0.029176113932055204}. Best is trial 2 with value: 0.3232539892196655.
[I 2022-09-23 07:22:45,674] Trial 9 finished with value: 0.38333240151405334 and parameters: {'A1': 4.013177749232257, 'B1': 18.67011266728186, 'A2': 25.1865841923698, 'B2': 0.684419882984157}. Best is trial 2 with value: 0.3232539892196655.
[I 2022-09-23 07:29:21,212] Trial 10 finished with value: 0.3259483277797699 and parameters: {'A1': 9.320418533130589, 'B1': 93.93035818851658, 'A2': 37.22859551191368, 'B2': 0.09299582532910375}. Best is trial 2 with value: 0.3232539892196655.
[I 2022-09-23 07:35:54,617] Trial 11 finished with value: 0.31850624084472656 and parameters: {'A1': 9.99414893066469, 'B1': 93.85145408583801, 'A2': 39.50302435756749, 'B2': 0.10421946096831101}. Best is trial 11 with value: 0.31850624084472656.
[I 2022-09-23 07:42:29,158] Trial 12 finished with value: 0.3177267909049988 and parameters: {'A1': 8.309734475748817, 'B1': 39.962139330122554, 'A2': 31.14350073201215, 'B2': 0.16315047635407243}. Best is trial 12 with value: 0.3177267909049988.
[I 2022-09-23 07:49:02,771] Trial 13 finished with value: 0.3463757634162903 and parameters: {'A1': 8.111287933389175, 'B1': 81.33841741692262, 'A2': 30.742198224577173, 'B2': 0.03677118959008136}. Best is trial 12 with value: 0.3177267909049988.
[I 2022-09-23 07:55:36,964] Trial 14 finished with value: 0.3184092342853546 and parameters: {'A1': 8.13176990389206, 'B1': 41.9228285794622, 'A2': 30.699427888776047, 'B2': 3.095679193579206}. Best is trial 12 with value: 0.3177267909049988.
[I 2022-09-23 08:04:27,081] Trial 15 finished with value: 0.4093896150588989 and parameters: {'A1': 7.870784967576251, 'B1': 34.037139102897044, 'A2': 29.86446882180154, 'B2': 9.693740100468569}. Best is trial 12 with value: 0.3177267909049988.
[I 2022-09-23 08:11:08,171] Trial 16 finished with value: 0.3279486298561096 and parameters: {'A1': 7.874819841931121, 'B1': 46.323979925185505, 'A2': 29.577854078378152, 'B2': 1.9902076570306786}. Best is trial 12 with value: 0.3177267909049988.
[I 2022-09-23 08:17:49,300] Trial 17 finished with value: 0.8165152668952942 and parameters: {'A1': 8.588617496462266, 'B1': 25.028185060460455, 'A2': 26.519622170890074, 'B2': 9.226737137630446}. Best is trial 12 with value: 0.3177267909049988.
[I 2022-09-23 08:24:27,787] Trial 18 finished with value: 0.3426002860069275 and parameters: {'A1': 7.420776695019226, 'B1': 53.853999311433405, 'A2': 32.214284765002134, 'B2': 3.272366662673927}. Best is trial 12 with value: 0.3177267909049988.
[I 2022-09-23 08:31:03,760] Trial 19 finished with value: 0.4036135971546173 and parameters: {'A1': 4.58272910874226, 'B1': 37.656421515625105, 'A2': 19.261579128664067, 'B2': 0.20300236732466473}. Best is trial 12 with value: 0.3177267909049988.
[I 2022-09-23 08:35:27,850] Trial 20 finished with value: 0.5563220381736755 and parameters: {'A1': 7.196600487160265, 'B1': 27.12927892751264, 'A2': 27.300851480924205, 'B2': 1.08036769210127}. Best is trial 12 with value: 0.3177267909049988.
[I 2022-09-23 08:42:03,748] Trial 21 finished with value: 0.31914809346199036 and parameters: {'A1': 8.971989246926091, 'B1': 60.78418862427267, 'A2': 39.78510420727735, 'B2': 0.03755391718602871}. Best is trial 12 with value: 0.3177267909049988.
[I 2022-09-23 08:48:38,543] Trial 22 finished with value: 0.33685803413391113 and parameters: {'A1': 8.784860479019377, 'B1': 98.840035533524, 'A2': 33.967555673700176, 'B2': 0.22544594624711006}. Best is trial 12 with value: 0.3177267909049988.
[I 2022-09-23 08:55:13,865] Trial 23 finished with value: 0.3199043571949005 and parameters: {'A1': 9.422582393575786, 'B1': 74.2823508535557, 'A2': 38.95578314215204, 'B2': 0.06504975169090856}. Best is trial 12 with value: 0.3177267909049988.
[I 2022-09-23 08:59:37,403] Trial 24 finished with value: 0.4202486276626587 and parameters: {'A1': 8.398410161800719, 'B1': 18.465916785179438, 'A2': 34.275164346641525, 'B2': 0.3421540803385695}. Best is trial 12 with value: 0.3177267909049988.
[I 2022-09-23 09:06:44,187] Trial 25 finished with value: 0.34817519783973694 and parameters: {'A1': 7.096950917125391, 'B1': 48.89781264535657, 'A2': 27.751506465165654, 'B2': 0.15080860053663123}. Best is trial 12 with value: 0.3177267909049988.
[I 2022-09-23 09:13:43,970] Trial 26 finished with value: 0.3134496510028839 and parameters: {'A1': 9.152055054969932, 'B1': 41.18930302689136, 'A2': 36.30616006668114, 'B2': 0.017813571923457384}. Best is trial 26 with value: 0.3134496510028839.
[I 2022-09-23 09:27:42,869] Trial 27 finished with value: 0.20435364544391632 and parameters: {'A1': 1.203175735230393, 'B1': 38.49467389352298, 'A2': 32.91669052668664, 'B2': 0.010411934750054103}. Best is trial 27 with value: 0.20435364544391632.
[I 2022-09-23 09:41:43,227] Trial 28 finished with value: 0.196036696434021 and parameters: {'A1': 1.0308540607308547, 'B1': 29.013208126276307, 'A2': 36.33382762417394, 'B2': 0.013501365706361564}. Best is trial 28 with value: 0.196036696434021.
[I 2022-09-23 09:53:19,338] Trial 29 finished with value: 0.20812854170799255 and parameters: {'A1': 1.3447963008799733, 'B1': 28.34836194828273, 'A2': 37.09465583682902, 'B2': 0.01189476456940531}. Best is trial 28 with value: 0.196036696434021.
[I 2022-09-23 10:07:30,433] Trial 30 finished with value: 0.19891732931137085 and parameters: {'A1': 1.0330786217554948, 'B1': 22.07685495832974, 'A2': 33.55386684956053, 'B2': 0.010273288074115884}. Best is trial 28 with value: 0.196036696434021.
[I 2022-09-23 10:21:22,378] Trial 31 finished with value: 0.2002204954624176 and parameters: {'A1': 1.0165971672456122, 'B1': 22.405884175670657, 'A2': 32.9200961401718, 'B2': 0.010254296308654575}. Best is trial 28 with value: 0.196036696434021.
[I 2022-09-23 10:28:14,618] Trial 32 finished with value: 0.3240104615688324 and parameters: {'A1': 2.439870130519668, 'B1': 20.778202828925227, 'A2': 34.08420107729417, 'B2': 0.020107350383355455}. Best is trial 28 with value: 0.196036696434021.
[I 2022-09-23 10:42:17,366] Trial 33 finished with value: 0.20052467286586761 and parameters: {'A1': 1.0223581540482447, 'B1': 22.857014238698376, 'A2': 32.83632346544339, 'B2': 0.016906232481223984}. Best is trial 28 with value: 0.196036696434021.
[I 2022-09-23 10:51:35,422] Trial 34 finished with value: 0.37816447019577026 and parameters: {'A1': 2.8014560051889834, 'B1': 20.94662987074167, 'A2': 15.575217545993587, 'B2': 0.018611759395306734}. Best is trial 28 with value: 0.196036696434021.
[I 2022-09-23 10:58:32,500] Trial 35 finished with value: 0.3089877665042877 and parameters: {'A1': 1.7688463211461003, 'B1': 13.02807627608666, 'A2': 35.53192412947602, 'B2': 0.028766580353531218}. Best is trial 28 with value: 0.196036696434021.
[I 2022-09-23 11:05:32,666] Trial 36 finished with value: 0.363951176404953 and parameters: {'A1': 3.015634887228252, 'B1': 14.669984922207703, 'A2': 28.743213524953656, 'B2': 0.05413787607358322}. Best is trial 28 with value: 0.196036696434021.
[I 2022-09-23 11:19:22,182] Trial 37 finished with value: 0.20153626799583435 and parameters: {'A1': 1.0249631008289184, 'B1': 22.307022169899348, 'A2': 32.3194895931184, 'B2': 0.0158455145777746}. Best is trial 28 with value: 0.196036696434021.
[I 2022-09-23 11:28:21,763] Trial 38 finished with value: 0.24019165337085724 and parameters: {'A1': 1.8806439505250316, 'B1': 30.513150903142744, 'A2': 37.53054715341505, 'B2': 0.024692005839233953}. Best is trial 28 with value: 0.196036696434021.
[I 2022-09-23 11:35:06,921] Trial 39 finished with value: 0.31596407294273376 and parameters: {'A1': 2.188414455446667, 'B1': 16.04014086938035, 'A2': 35.38123558842297, 'B2': 0.013704684537157145}. Best is trial 28 with value: 0.196036696434021.
[I 2022-09-23 11:44:06,108] Trial 40 finished with value: 0.3151126205921173 and parameters: {'A1': 1.5747631589743902, 'B1': 22.71335744829237, 'A2': 22.060690312098732, 'B2': 0.06268992962737872}. Best is trial 28 with value: 0.196036696434021.
[I 2022-09-23 11:57:35,524] Trial 41 finished with value: 0.2015053629875183 and parameters: {'A1': 1.0180831655958382, 'B1': 24.144879026092088, 'A2': 32.54483705076048, 'B2': 0.015457534523512478}. Best is trial 28 with value: 0.196036696434021.
[I 2022-09-23 12:04:19,423] Trial 42 finished with value: 0.3456181287765503 and parameters: {'A1': 3.453489131931428, 'B1': 18.605213993569812, 'A2': 33.01538707693995, 'B2': 0.010069214298174157}. Best is trial 28 with value: 0.196036696434021.
[I 2022-09-23 12:17:46,151] Trial 43 finished with value: 0.19192956387996674 and parameters: {'A1': 1.005908953104254, 'B1': 25.232008197390314, 'A2': 38.10392200373056, 'B2': 0.024145766550753307}. Best is trial 43 with value: 0.19192956387996674.
[I 2022-09-23 12:26:36,811] Trial 44 finished with value: 0.25002408027648926 and parameters: {'A1': 2.467794534566614, 'B1': 29.203318743903655, 'A2': 37.45471856666907, 'B2': 0.03815729696504787}. Best is trial 43 with value: 0.19192956387996674.
[I 2022-09-23 12:37:43,485] Trial 45 finished with value: 0.2137117087841034 and parameters: {'A1': 1.553662046728919, 'B1': 33.401361502875496, 'A2': 35.497900309314616, 'B2': 0.02340679761447492}. Best is trial 43 with value: 0.19192956387996674.
[I 2022-09-23 12:44:23,195] Trial 46 finished with value: 0.37201887369155884 and parameters: {'A1': 2.198978494408471, 'B1': 16.396301032318313, 'A2': 25.07825776484691, 'B2': 0.046992406309730145}. Best is trial 43 with value: 0.19192956387996674.
[I 2022-09-23 12:53:17,152] Trial 47 finished with value: 0.23428820073604584 and parameters: {'A1': 1.4832904805059148, 'B1': 20.11292801270999, 'A2': 38.174744561303, 'B2': 0.014075159207957618}. Best is trial 43 with value: 0.19192956387996674.
[I 2022-09-23 12:59:53,797] Trial 48 finished with value: 0.322329580783844 and parameters: {'A1': 3.213531829525445, 'B1': 26.79051882644253, 'A2': 36.151158626873226, 'B2': 0.030332097025138907}. Best is trial 43 with value: 0.19192956387996674.
[I 2022-09-23 13:06:38,344] Trial 49 finished with value: 0.33758091926574707 and parameters: {'A1': 2.6444944618392814, 'B1': 23.945521241088137, 'A2': 31.643837950845636, 'B2': 0.022610066616332254}. Best is trial 43 with value: 0.19192956387996674.
[I 2022-09-23 13:13:20,483] Trial 50 finished with value: 0.3300178647041321 and parameters: {'A1': 3.572660778159786, 'B1': 14.618559371347452, 'A2': 38.26741921790694, 'B2': 0.012861500073933729}. Best is trial 43 with value: 0.19192956387996674.
[I 2022-09-23 13:26:44,281] Trial 51 finished with value: 0.19862985610961914 and parameters: {'A1': 1.0610370177851696, 'B1': 24.517301929635828, 'A2': 33.98106191308825, 'B2': 0.016753405515207667}. Best is trial 43 with value: 0.19192956387996674.
[I 2022-09-23 13:35:37,810] Trial 52 finished with value: 0.2515508234500885 and parameters: {'A1': 1.9423204856055767, 'B1': 25.806174971337207, 'A2': 34.77727726022887, 'B2': 0.010047454629465042}. Best is trial 43 with value: 0.19192956387996674.
[I 2022-09-23 13:48:58,233] Trial 53 finished with value: 0.20173202455043793 and parameters: {'A1': 1.071262736019829, 'B1': 31.640052441739822, 'A2': 33.616237611903244, 'B2': 0.019313499630040695}. Best is trial 43 with value: 0.19192956387996674.
[I 2022-09-23 13:57:52,012] Trial 54 finished with value: 0.2612346410751343 and parameters: {'A1': 1.4375339832208252, 'B1': 22.729224739326032, 'A2': 31.03586382917969, 'B2': 0.07818283945722886}. Best is trial 43 with value: 0.19192956387996674.
[I 2022-09-23 14:06:45,347] Trial 55 finished with value: 0.24365068972110748 and parameters: {'A1': 1.784418689343092, 'B1': 34.660851337613316, 'A2': 36.516527701910334, 'B2': 0.02807518946024904}. Best is trial 43 with value: 0.19192956387996674.
[I 2022-09-23 14:13:26,074] Trial 56 finished with value: 0.36541539430618286 and parameters: {'A1': 5.010532066323206, 'B1': 17.8207578314625, 'A2': 29.747672958564067, 'B2': 0.01494575671917532}. Best is trial 43 with value: 0.19192956387996674.
[I 2022-09-23 14:20:04,942] Trial 57 finished with value: 0.30213212966918945 and parameters: {'A1': 2.141937316469944, 'B1': 19.78412891427739, 'A2': 38.19571827496947, 'B2': 0.034677936468878075}. Best is trial 43 with value: 0.19192956387996674.
[I 2022-09-23 14:30:57,725] Trial 58 finished with value: 0.21424105763435364 and parameters: {'A1': 1.3221613720819136, 'B1': 28.57651579432922, 'A2': 34.68867727205395, 'B2': 0.012612914236626615}. Best is trial 43 with value: 0.19192956387996674.
[I 2022-09-23 14:37:27,864] Trial 59 finished with value: 0.28970134258270264 and parameters: {'A1': 1.6069775316800181, 'B1': 10.225623896332973, 'A2': 39.504294506392974, 'B2': 0.04224562948344639}. Best is trial 43 with value: 0.19192956387996674.
[I 2022-09-23 14:50:29,291] Trial 60 finished with value: 0.22993303835391998 and parameters: {'A1': 1.045337636098256, 'B1': 21.464574925451675, 'A2': 23.535971806173592, 'B2': 0.021392867067707266}. Best is trial 43 with value: 0.19192956387996674.
[I 2022-09-23 15:03:34,416] Trial 61 finished with value: 0.2001497745513916 and parameters: {'A1': 1.0387873935451135, 'B1': 23.777459683847642, 'A2': 33.13180044358774, 'B2': 0.016368474100509286}. Best is trial 43 with value: 0.19192956387996674.
[I 2022-09-23 15:14:35,212] Trial 62 finished with value: 0.21721839904785156 and parameters: {'A1': 1.2686974435992886, 'B1': 25.531125204673934, 'A2': 33.33197952876038, 'B2': 0.016329712575378685}. Best is trial 43 with value: 0.19192956387996674.
[I 2022-09-23 15:23:21,104] Trial 63 finished with value: 0.26313072443008423 and parameters: {'A1': 1.8318745789561492, 'B1': 23.365307183924138, 'A2': 31.69483153080255, 'B2': 0.01196290612939393}. Best is trial 43 with value: 0.19192956387996674.
[I 2022-09-23 15:29:54,314] Trial 64 finished with value: 0.3568270206451416 and parameters: {'A1': 5.995563592355829, 'B1': 36.57612820321827, 'A2': 28.785748534287745, 'B2': 0.026779046164208915}. Best is trial 43 with value: 0.19192956387996674.
[I 2022-09-23 15:38:38,604] Trial 65 finished with value: 0.2552376985549927 and parameters: {'A1': 2.3183324729840793, 'B1': 30.617727611732384, 'A2': 35.0101182571462, 'B2': 0.018139284975310213}. Best is trial 43 with value: 0.19192956387996674.
[I 2022-09-23 15:49:37,683] Trial 66 finished with value: 0.22824430465698242 and parameters: {'A1': 1.3475371182362934, 'B1': 26.494656754779626, 'A2': 30.451376553899003, 'B2': 0.6018683966532423}. Best is trial 43 with value: 0.19192956387996674.
[I 2022-09-23 15:58:29,829] Trial 67 finished with value: 0.24460293352603912 and parameters: {'A1': 1.6661053627315063, 'B1': 17.336878102156806, 'A2': 36.13797507727238, 'B2': 0.012395496774851652}. Best is trial 43 with value: 0.19192956387996674.
[I 2022-09-23 16:05:10,122] Trial 68 finished with value: 0.29887855052948 and parameters: {'A1': 1.9956840343405273, 'B1': 19.372387871603998, 'A2': 38.60804497426747, 'B2': 0.03344113240121361}. Best is trial 43 with value: 0.19192956387996674.
[I 2022-09-23 16:18:25,665] Trial 69 finished with value: 0.2180223912000656 and parameters: {'A1': 1.0255999767562514, 'B1': 21.30492451056304, 'A2': 26.40819096418209, 'B2': 0.021605865220725565}. Best is trial 43 with value: 0.19192956387996674.
[I 2022-09-23 16:27:17,574] Trial 70 finished with value: 0.3519948124885559 and parameters: {'A1': 2.7239612530001933, 'B1': 24.795384902932746, 'A2': 19.363983724597816, 'B2': 0.010132742117158472}. Best is trial 43 with value: 0.19192956387996674.
[I 2022-09-23 16:38:22,217] Trial 71 finished with value: 0.2202126681804657 and parameters: {'A1': 1.2346331044421337, 'B1': 24.050629007425805, 'A2': 32.189111236374, 'B2': 0.016191674846548463}. Best is trial 43 with value: 0.19192956387996674.
[I 2022-09-23 16:51:36,511] Trial 72 finished with value: 0.20172202587127686 and parameters: {'A1': 1.0487541680218138, 'B1': 27.61161054129602, 'A2': 32.93334826057349, 'B2': 0.014122348702250605}. Best is trial 43 with value: 0.19192956387996674.
[I 2022-09-23 17:00:25,003] Trial 73 finished with value: 0.2496892660856247 and parameters: {'A1': 1.4774775059686553, 'B1': 22.71688964962096, 'A2': 33.83870238393009, 'B2': 0.01719218975090884}. Best is trial 43 with value: 0.19192956387996674.
[I 2022-09-23 17:09:17,213] Trial 74 finished with value: 0.25112399458885193 and parameters: {'A1': 1.717789036079183, 'B1': 24.813140972415233, 'A2': 37.2138663142196, 'B2': 6.35844316251472}. Best is trial 43 with value: 0.19192956387996674.
[I 2022-09-23 17:22:44,586] Trial 75 finished with value: 0.20534442365169525 and parameters: {'A1': 1.0058324044603517, 'B1': 29.92569882193829, 'A2': 32.01704521953919, 'B2': 0.024739534991888447}. Best is trial 43 with value: 0.19192956387996674.
[I 2022-09-23 17:36:07,840] Trial 76 finished with value: 0.21550357341766357 and parameters: {'A1': 1.3410117610145544, 'B1': 32.58684563555699, 'A2': 29.022351888604597, 'B2': 1.6348763641290114}. Best is trial 43 with value: 0.19192956387996674.
[I 2022-09-23 17:45:05,234] Trial 77 finished with value: 0.27594226598739624 and parameters: {'A1': 2.054706050171693, 'B1': 21.42674646360164, 'A2': 30.22652168144077, 'B2': 0.012350518163458868}. Best is trial 43 with value: 0.19192956387996674.
[I 2022-09-23 17:54:00,298] Trial 78 finished with value: 0.24456530809402466 and parameters: {'A1': 1.6326171031071746, 'B1': 27.650605270169937, 'A2': 35.72076515835906, 'B2': 0.020084985788096237}. Best is trial 43 with value: 0.19192956387996674.
[I 2022-09-23 18:00:39,374] Trial 79 finished with value: 0.32325631380081177 and parameters: {'A1': 2.466198103629669, 'B1': 19.3658897165185, 'A2': 34.45350802516594, 'B2': 0.015130104396447505}. Best is trial 43 with value: 0.19192956387996674.
[I 2022-09-23 18:07:25,508] Trial 80 finished with value: 0.3455711305141449 and parameters: {'A1': 3.7788969835850077, 'B1': 24.225798550255266, 'A2': 32.881023148749065, 'B2': 0.03001238668145041}. Best is trial 43 with value: 0.19192956387996674.
[I 2022-09-23 18:18:36,754] Trial 81 finished with value: 0.2192813903093338 and parameters: {'A1': 1.234556115254931, 'B1': 22.31753985582344, 'A2': 32.37507444437309, 'B2': 0.01563670268952196}. Best is trial 43 with value: 0.19192956387996674.
[I 2022-09-23 18:32:01,125] Trial 82 finished with value: 0.20555326342582703 and parameters: {'A1': 1.0325520704946058, 'B1': 26.263594515430373, 'A2': 31.076747658094085, 'B2': 0.011482868619678921}. Best is trial 43 with value: 0.19192956387996674.
[I 2022-09-23 18:40:56,734] Trial 83 finished with value: 0.24688215553760529 and parameters: {'A1': 1.4462817851789358, 'B1': 20.427550693751634, 'A2': 34.390608374074525, 'B2': 0.018117308209805595}. Best is trial 43 with value: 0.19192956387996674.
