[I 2022-09-23 00:00:25,317] Trial 76 finished with value: 0.14767250418663025 and parameters: {'num_inner_loop': 45, 'A1': 1.5329708781431004, 'B1': 68.55255138719554, 'A2': 36.38736626337146, 'B2': 0.13142874976997515}. Best is trial 41 with value: 0.14420628547668457.
[I 2022-09-23 00:04:41,480] Trial 77 finished with value: 0.14692875742912292 and parameters: {'num_inner_loop': 46, 'A1': 1.332072677271198, 'B1': 61.3481571295828, 'A2': 36.04948986380447, 'B2': 0.13923435340277998}. Best is trial 41 with value: 0.14420628547668457.
[I 2022-09-23 00:08:58,273] Trial 78 finished with value: 0.14731380343437195 and parameters: {'num_inner_loop': 46, 'A1': 1.2605272753492751, 'B1': 56.1103218872205, 'A2': 35.64803330174371, 'B2': 0.1363767548712606}. Best is trial 41 with value: 0.14420628547668457.
[I 2022-09-23 00:13:11,813] Trial 79 finished with value: 0.1476016342639923 and parameters: {'num_inner_loop': 46, 'A1': 1.2833723467015976, 'B1': 49.583825391549944, 'A2': 36.04277985807687, 'B2': 0.14889113580445518}. Best is trial 41 with value: 0.14420628547668457.
[I 2022-09-23 00:17:23,731] Trial 80 finished with value: 0.1495155692100525 and parameters: {'num_inner_loop': 46, 'A1': 1.223917236323227, 'B1': 49.17079342869177, 'A2': 33.87850976365193, 'B2': 0.010154442849383653}. Best is trial 41 with value: 0.14420628547668457.
[I 2022-09-23 00:21:40,097] Trial 81 finished with value: 0.14710497856140137 and parameters: {'num_inner_loop': 46, 'A1': 1.2764459911993018, 'B1': 55.15451829103952, 'A2': 35.96349414821152, 'B2': 0.13453670230224377}. Best is trial 41 with value: 0.14420628547668457.
[I 2022-09-23 00:25:56,301] Trial 82 finished with value: 0.1521751433610916 and parameters: {'num_inner_loop': 46, 'A1': 1.000405881705256, 'B1': 56.17461067837093, 'A2': 35.67799628549428, 'B2': 0.199065692339784}. Best is trial 41 with value: 0.14420628547668457.
[I 2022-09-23 00:29:15,648] Trial 83 finished with value: 0.18090808391571045 and parameters: {'num_inner_loop': 48, 'A1': 1.2930774223053465, 'B1': 45.45120717237867, 'A2': 34.21502598434961, 'B2': 0.12803929783544168}. Best is trial 41 with value: 0.14420628547668457.
[I 2022-09-23 00:32:24,267] Trial 84 finished with value: 0.18643386662006378 and parameters: {'num_inner_loop': 46, 'A1': 1.3725180720261028, 'B1': 50.76306196045681, 'A2': 31.183702336420566, 'B2': 0.13516378817418656}. Best is trial 41 with value: 0.14420628547668457.
[I 2022-09-23 00:35:30,408] Trial 85 finished with value: 0.174327552318573 and parameters: {'num_inner_loop': 45, 'A1': 2.1433727516327052, 'B1': 60.59685131837735, 'A2': 39.223599252058705, 'B2': 0.2500649766895217}. Best is trial 41 with value: 0.14420628547668457.
[I 2022-09-23 00:38:46,751] Trial 86 finished with value: 0.18351241946220398 and parameters: {'num_inner_loop': 48, 'A1': 1.2376050832103738, 'B1': 40.92425055538977, 'A2': 32.718050336996, 'B2': 0.05860182379244975}. Best is trial 41 with value: 0.14420628547668457.
[I 2022-09-23 00:42:00,042] Trial 87 finished with value: 0.18263354897499084 and parameters: {'num_inner_loop': 47, 'A1': 1.9117621727643335, 'B1': 42.87235327376596, 'A2': 35.47793210920473, 'B2': 0.1896712139596343}. Best is trial 41 with value: 0.14420628547668457.
[I 2022-09-23 00:45:01,870] Trial 88 finished with value: 0.1821170598268509 and parameters: {'num_inner_loop': 44, 'A1': 1.5020139352413675, 'B1': 54.52582970234375, 'A2': 29.892764328618433, 'B2': 0.11454396217176367}. Best is trial 41 with value: 0.14420628547668457.
[I 2022-09-23 00:47:58,729] Trial 89 finished with value: 0.16688784956932068 and parameters: {'num_inner_loop': 43, 'A1': 2.55784048595634, 'B1': 63.67263013968277, 'A2': 39.94695288169103, 'B2': 0.23494441542611574}. Best is trial 41 with value: 0.14420628547668457.
[I 2022-09-23 00:51:19,771] Trial 90 finished with value: 0.20254069566726685 and parameters: {'num_inner_loop': 49, 'A1': 1.6630264791845257, 'B1': 49.06971631930916, 'A2': 31.794665878196998, 'B2': 0.27426259799619107}. Best is trial 41 with value: 0.14420628547668457.
[I 2022-09-23 00:55:24,319] Trial 91 finished with value: 0.1474095582962036 and parameters: {'num_inner_loop': 45, 'A1': 1.453595745031337, 'B1': 66.62866693127943, 'A2': 36.371801740266484, 'B2': 0.1545739247474182}. Best is trial 41 with value: 0.14420628547668457.
[I 2022-09-23 00:59:36,497] Trial 92 finished with value: 0.1482178419828415 and parameters: {'num_inner_loop': 46, 'A1': 1.1275147790664053, 'B1': 59.909576814625275, 'A2': 36.56327872252103, 'B2': 0.1512621373341199}. Best is trial 41 with value: 0.14420628547668457.
[I 2022-09-23 01:03:42,378] Trial 93 finished with value: 0.14774271845817566 and parameters: {'num_inner_loop': 45, 'A1': 1.414777736728817, 'B1': 65.63843054500067, 'A2': 35.9625695077369, 'B2': 0.10236003529307783}. Best is trial 41 with value: 0.14420628547668457.
[I 2022-09-23 01:06:52,193] Trial 94 finished with value: 0.17824748158454895 and parameters: {'num_inner_loop': 46, 'A1': 2.2391977158988148, 'B1': 55.903707266775065, 'A2': 34.514473177173386, 'B2': 0.06504544511711773}. Best is trial 41 with value: 0.14420628547668457.
[I 2022-09-23 01:09:52,893] Trial 95 finished with value: 0.16458185017108917 and parameters: {'num_inner_loop': 44, 'A1': 2.009540563245926, 'B1': 61.9295643817944, 'A2': 38.38062084955161, 'B2': 0.12116328061184532}. Best is trial 41 with value: 0.14420628547668457.
[I 2022-09-23 01:12:57,887] Trial 96 finished with value: 0.18528220057487488 and parameters: {'num_inner_loop': 45, 'A1': 1.7496658014179909, 'B1': 36.395306494580005, 'A2': 33.49951694864176, 'B2': 0.21782013934008254}. Best is trial 41 with value: 0.14420628547668457.
[I 2022-09-23 01:15:06,207] Trial 97 finished with value: 0.33652350306510925 and parameters: {'num_inner_loop': 47, 'A1': 6.815183304651631, 'B1': 67.70649941886043, 'A2': 36.666123221158074, 'B2': 0.14084116507165054}. Best is trial 41 with value: 0.14420628547668457.
[I 2022-09-23 01:17:11,548] Trial 98 finished with value: 0.33708077669143677 and parameters: {'num_inner_loop': 46, 'A1': 7.766115039543036, 'B1': 74.22321345354455, 'A2': 37.20296986269661, 'B2': 0.08576919106279367}. Best is trial 41 with value: 0.14420628547668457.
[I 2022-09-23 01:19:09,064] Trial 99 finished with value: 0.3653954863548279 and parameters: {'num_inner_loop': 43, 'A1': 5.250937702557433, 'B1': 27.69881291510101, 'A2': 35.57248928211615, 'B2': 0.1781533130596637}. Best is trial 41 with value: 0.14420628547668457.
{'num_inner_loop': 44,
 'A1': 1.7038763625019604,
 'B1': 72.17165823202023,
 'A2': 37.530581374281326,
 'B2': 0.39779466430048893}
=======
{'A1': 1.0357833077544274,
 'B1': 85.21355814239377,
 'A2': 33.79455976848628,
 'B2': 0.020269606997009772}

OrderedDict([('A2', 0.673892180233485),
             ('A1', 0.1744533160228196),
             ('B1', 0.15108007488506597),
             ('B2', 0.0005744288586295941)])

[I 2022-09-23 05:33:19,313] A new study created in memory with name: no-name-9b9a5a12-a7d4-4cad-a3f3-eadc3ba5bc38
[I 2022-09-23 05:40:41,021] Trial 0 finished with value: 0.4614330530166626 and parameters: {'A1': 3.4242622880004387, 'B1': 64.51958348791871, 'A2': 17.149295081210823, 'B2': 1.1811846157813501}. Best is trial 0 with value: 0.4614330530166626.
[I 2022-09-23 05:45:29,396] Trial 1 finished with value: 1.9332284927368164 and parameters: {'A1': 6.075818184166681, 'B1': 51.85871474065287, 'A2': 12.711269389059817, 'B2': 0.09517460233806578}. Best is trial 0 with value: 0.4614330530166626.
[I 2022-09-23 05:53:05,069] Trial 2 finished with value: 0.4487206041812897 and parameters: {'A1': 9.83614135075622, 'B1': 42.12408790565632, 'A2': 36.52721373917157, 'B2': 0.1828981249264376}. Best is trial 2 with value: 0.4487206041812897.
[I 2022-09-23 06:05:19,455] Trial 3 finished with value: 1.1168763637542725 and parameters: {'A1': 6.493241719514662, 'B1': 16.64504148971496, 'A2': 22.042210946597095, 'B2': 0.10785982625903934}. Best is trial 2 with value: 0.4487206041812897.
[I 2022-09-23 06:12:52,204] Trial 4 finished with value: 0.462455689907074 and parameters: {'A1': 9.899707298452494, 'B1': 10.781288139387106, 'A2': 34.45266847375616, 'B2': 0.6252532594538873}. Best is trial 2 with value: 0.4487206041812897.
[I 2022-09-23 06:27:46,883] Trial 5 finished with value: 0.39944201707839966 and parameters: {'A1': 2.009028276992422, 'B1': 68.74785424044136, 'A2': 10.01222530356572, 'B2': 0.010704557991364482}. Best is trial 5 with value: 0.39944201707839966.
[I 2022-09-23 06:32:43,394] Trial 6 finished with value: 0.565568208694458 and parameters: {'A1': 5.57466624513341, 'B1': 25.597018295604663, 'A2': 23.442395957288213, 'B2': 0.45248277667737974}. Best is trial 5 with value: 0.39944201707839966.
[I 2022-09-23 06:47:24,991] Trial 7 finished with value: 0.9101042747497559 and parameters: {'A1': 6.428545926046752, 'B1': 33.23710308039665, 'A2': 11.157269162905607, 'B2': 3.8209465432877225}. Best is trial 5 with value: 0.39944201707839966.
[I 2022-09-23 07:02:09,230] Trial 8 finished with value: 0.7981094121932983 and parameters: {'A1': 5.471065027657823, 'B1': 12.04729052007231, 'A2': 10.526400837036261, 'B2': 0.029176113932055204}. Best is trial 5 with value: 0.39944201707839966.
[I 2022-09-23 07:07:27,598] Trial 9 finished with value: 0.5315637588500977 and parameters: {'A1': 4.013177749232257, 'B1': 18.67011266728186, 'A2': 25.1865841923698, 'B2': 0.684419882984157}. Best is trial 5 with value: 0.39944201707839966.
[I 2022-09-23 07:17:42,646] Trial 10 finished with value: 0.23687975108623505 and parameters: {'A1': 1.1700058872857966, 'B1': 96.88736841805255, 'A2': 29.505893908428433, 'B2': 0.010471627113986703}. Best is trial 10 with value: 0.23687975108623505.
[I 2022-09-23 07:27:51,798] Trial 11 finished with value: 0.23056960105895996 and parameters: {'A1': 1.0476084019802037, 'B1': 96.76581980928171, 'A2': 30.428006795874687, 'B2': 0.010751960100150396}. Best is trial 11 with value: 0.23056960105895996.
[I 2022-09-23 07:38:03,765] Trial 12 finished with value: 0.228805273771286 and parameters: {'A1': 1.0918930432588376, 'B1': 99.00213002547466, 'A2': 30.881257857824266, 'B2': 0.010895623668295764}. Best is trial 12 with value: 0.228805273771286.
[I 2022-09-23 07:45:40,823] Trial 13 finished with value: 0.3330461382865906 and parameters: {'A1': 2.43069316599852, 'B1': 90.89278428295586, 'A2': 30.656493169691164, 'B2': 0.045308498904677516}. Best is trial 12 with value: 0.228805273771286.
[I 2022-09-23 07:53:14,619] Trial 14 finished with value: 0.24882511794567108 and parameters: {'A1': 1.1022564828534664, 'B1': 72.12900625521709, 'A2': 39.35055375833342, 'B2': 0.03168146231624906}. Best is trial 12 with value: 0.228805273771286.
[I 2022-09-23 08:00:33,335] Trial 15 finished with value: 0.3662484884262085 and parameters: {'A1': 3.5382098721461954, 'B1': 99.8898411072508, 'A2': 29.624566249515716, 'B2': 9.693740100468569}. Best is trial 12 with value: 0.228805273771286.
[I 2022-09-23 08:05:32,626] Trial 16 finished with value: 0.4761592745780945 and parameters: {'A1': 7.819005142932133, 'B1': 48.296507064223505, 'A2': 32.80532995854965, 'B2': 0.019538923181596474}. Best is trial 12 with value: 0.228805273771286.
[I 2022-09-23 08:10:22,238] Trial 17 finished with value: 0.5269114971160889 and parameters: {'A1': 2.317035052593425, 'B1': 37.28614841813465, 'A2': 25.939698337971638, 'B2': 0.08470164758300237}. Best is trial 12 with value: 0.228805273771286.
[I 2022-09-23 08:15:20,545] Trial 18 finished with value: 0.5202864408493042 and parameters: {'A1': 4.307675599839213, 'B1': 25.122401700514764, 'A2': 27.222248767890374, 'B2': 0.01744343249013064}. Best is trial 12 with value: 0.228805273771286.
[I 2022-09-23 08:22:39,048] Trial 19 finished with value: 0.4460962414741516 and parameters: {'A1': 2.8622347755211472, 'B1': 57.165553574860056, 'A2': 19.261579128664067, 'B2': 0.24179544430045605}. Best is trial 12 with value: 0.228805273771286.
[I 2022-09-23 08:29:56,455] Trial 20 finished with value: 0.2710769474506378 and parameters: {'A1': 1.7856338584630458, 'B1': 81.72031542745366, 'A2': 39.68448490362137, 'B2': 0.059856449719591205}. Best is trial 12 with value: 0.228805273771286.
[I 2022-09-23 08:39:39,994] Trial 21 finished with value: 0.23758484423160553 and parameters: {'A1': 1.2004212316532121, 'B1': 97.35160824216858, 'A2': 29.49343734350191, 'B2': 0.011309579586216622}. Best is trial 12 with value: 0.228805273771286.
[I 2022-09-23 08:47:15,130] Trial 22 finished with value: 0.2777303457260132 and parameters: {'A1': 1.197227161842233, 'B1': 76.72714855114356, 'A2': 32.801610060657225, 'B2': 0.019282848574907627}. Best is trial 12 with value: 0.228805273771286.
[I 2022-09-23 08:54:34,018] Trial 23 finished with value: 0.29896998405456543 and parameters: {'A1': 1.7020530781143712, 'B1': 61.455696292667625, 'A2': 35.1290220486319, 'B2': 0.011257717631325428}. Best is trial 12 with value: 0.228805273771286.
[I 2022-09-23 09:01:49,039] Trial 24 finished with value: 0.36288341879844666 and parameters: {'A1': 2.9047399927030044, 'B1': 84.26659334760186, 'A2': 28.750734030107346, 'B2': 0.03467610009987017}. Best is trial 12 with value: 0.228805273771286.
[I 2022-09-23 09:09:33,770] Trial 25 finished with value: 0.28378140926361084 and parameters: {'A1': 1.14685378079921, 'B1': 78.04949454034563, 'A2': 31.775074718259585, 'B2': 0.0202604260360263}. Best is trial 12 with value: 0.228805273771286.
[I 2022-09-23 09:17:05,304] Trial 26 finished with value: 0.3784913420677185 and parameters: {'A1': 4.621839384165222, 'B1': 99.49497142886513, 'A2': 27.142716970331367, 'B2': 0.04941294809251091}. Best is trial 12 with value: 0.228805273771286.
[I 2022-09-23 09:22:00,702] Trial 27 finished with value: 0.4630822241306305 and parameters: {'A1': 7.64444830406868, 'B1': 51.65663040522659, 'A2': 36.00859664782388, 'B2': 0.010191105440463413}. Best is trial 12 with value: 0.228805273771286.
[I 2022-09-23 09:29:24,324] Trial 28 finished with value: 0.3977755904197693 and parameters: {'A1': 2.674371717936469, 'B1': 66.23379358400489, 'A2': 22.662043083385985, 'B2': 0.14326234158253937}. Best is trial 12 with value: 0.228805273771286.
[I 2022-09-23 09:36:48,306] Trial 29 finished with value: 0.47000652551651 and parameters: {'A1': 3.5764764253103274, 'B1': 44.48396399283075, 'A2': 18.190752107788, 'B2': 3.540092824399628}. Best is trial 12 with value: 0.228805273771286.
[I 2022-09-23 09:44:03,098] Trial 30 finished with value: 0.30161547660827637 and parameters: {'A1': 1.8780982385574663, 'B1': 60.87716599684586, 'A2': 37.168268926631185, 'B2': 1.4700872452810885}. Best is trial 12 with value: 0.228805273771286.
[I 2022-09-23 09:53:22,001] Trial 31 finished with value: 0.24087011814117432 and parameters: {'A1': 1.016292153149703, 'B1': 99.46838990587952, 'A2': 28.458349619686565, 'B2': 0.01307602750651497}. Best is trial 12 with value: 0.228805273771286.
[I 2022-09-23 10:00:24,406] Trial 32 finished with value: 0.2983499765396118 and parameters: {'A1': 1.650782868454486, 'B1': 90.7050236748753, 'A2': 30.315864685618433, 'B2': 0.027261673016882378}. Best is trial 12 with value: 0.228805273771286.
[I 2022-09-23 10:07:29,191] Trial 33 finished with value: 0.353640615940094 and parameters: {'A1': 3.06777321119871, 'B1': 84.6943515021507, 'A2': 31.365759992642825, 'B2': 0.016267088077073322}. Best is trial 12 with value: 0.228805273771286.
[I 2022-09-23 10:14:27,746] Trial 34 finished with value: 0.2852019667625427 and parameters: {'A1': 1.4990475769423326, 'B1': 71.50745565404098, 'A2': 33.5192726313405, 'B2': 0.07218793770028409}. Best is trial 12 with value: 0.228805273771286.
[I 2022-09-23 10:21:31,546] Trial 35 finished with value: 0.3449684977531433 and parameters: {'A1': 2.2310809092526633, 'B1': 82.68073957066076, 'A2': 27.42165070527331, 'B2': 0.02331890350835143}. Best is trial 12 with value: 0.228805273771286.
[I 2022-09-23 10:28:36,124] Trial 36 finished with value: 0.3916161060333252 and parameters: {'A1': 2.1346703466909354, 'B1': 60.59413873551923, 'A2': 20.954079753312683, 'B2': 0.014298871084000082}. Best is trial 12 with value: 0.228805273771286.
[I 2022-09-23 10:35:42,651] Trial 37 finished with value: 0.3452325761318207 and parameters: {'A1': 1.4350481847607943, 'B1': 54.97719099608612, 'A2': 24.19535767201988, 'B2': 0.04148438762700236}. Best is trial 12 with value: 0.228805273771286.
[I 2022-09-23 10:42:47,189] Trial 38 finished with value: 0.47821831703186035 and parameters: {'A1': 3.174993006929574, 'B1': 68.39313472355784, 'A2': 15.543432066030647, 'B2': 0.12201558776724354}. Best is trial 12 with value: 0.228805273771286.
[I 2022-09-23 10:47:31,840] Trial 39 finished with value: 0.5252301096916199 and parameters: {'A1': 8.770866536225684, 'B1': 90.70942439403174, 'A2': 26.27653546161322, 'B2': 0.010528242380128516}. Best is trial 12 with value: 0.228805273771286.
[I 2022-09-23 10:54:34,642] Trial 40 finished with value: 0.3110879063606262 and parameters: {'A1': 2.439785878384672, 'B1': 75.00815693851263, 'A2': 37.1866928227419, 'B2': 0.024964608034147486}. Best is trial 12 with value: 0.228805273771286.
[I 2022-09-23 11:04:06,375] Trial 41 finished with value: 0.23962917923927307 and parameters: {'A1': 1.0189572522920334, 'B1': 99.75869950589083, 'A2': 28.69420670365027, 'B2': 0.014071832805985117}. Best is trial 12 with value: 0.228805273771286.
[I 2022-09-23 11:13:36,863] Trial 42 finished with value: 0.23766329884529114 and parameters: {'A1': 1.0562791775644331, 'B1': 98.97953929270244, 'A2': 29.0389470316546, 'B2': 0.014508124689930723}. Best is trial 12 with value: 0.228805273771286.
[I 2022-09-23 11:20:52,505] Trial 43 finished with value: 0.2915754020214081 and parameters: {'A1': 1.6205829754320096, 'B1': 89.24020583684772, 'A2': 31.45682165858217, 'B2': 0.010196828772746244}. Best is trial 12 with value: 0.228805273771286.
[I 2022-09-23 11:25:51,158] Trial 44 finished with value: 0.5099705457687378 and parameters: {'A1': 2.046876131249431, 'B1': 13.31698864469983, 'A2': 29.258009662282216, 'B2': 0.015460860331335773}. Best is trial 12 with value: 0.228805273771286.
[I 2022-09-23 11:30:55,872] Trial 45 finished with value: 0.42877358198165894 and parameters: {'A1': 1.3933009337752955, 'B1': 24.73282507893387, 'A2': 33.79024834906976, 'B2': 0.03203026402261552}. Best is trial 12 with value: 0.228805273771286.
[I 2022-09-23 11:35:52,644] Trial 46 finished with value: 0.5543743371963501 and parameters: {'A1': 4.860423731082909, 'B1': 19.522498843869073, 'A2': 24.953471379453717, 'B2': 0.022692059020102885}. Best is trial 12 with value: 0.228805273771286.
[I 2022-09-23 11:43:14,638] Trial 47 finished with value: 0.3282028138637543 and parameters: {'A1': 2.489637275648254, 'B1': 91.91225642702777, 'A2': 31.953462711851618, 'B2': 0.4236952773025072}. Best is trial 12 with value: 0.228805273771286.
[I 2022-09-23 11:52:47,607] Trial 48 finished with value: 0.23288089036941528 and parameters: {'A1': 1.0041695797648713, 'B1': 76.53923949592605, 'A2': 29.99758200468115, 'B2': 0.014210612864187452}. Best is trial 12 with value: 0.228805273771286.
[I 2022-09-23 11:57:35,188] Trial 49 finished with value: 0.46903300285339355 and parameters: {'A1': 1.9645810359556484, 'B1': 36.90827496341037, 'A2': 30.404736386797182, 'B2': 0.040516644531369383}. Best is trial 12 with value: 0.228805273771286.
[I 2022-09-23 12:02:23,538] Trial 50 finished with value: 0.4512999951839447 and parameters: {'A1': 3.571505104443994, 'B1': 76.09418101558626, 'A2': 34.637914460941836, 'B2': 0.016290486772548705}. Best is trial 12 with value: 0.228805273771286.
[I 2022-09-23 12:09:48,432] Trial 51 finished with value: 0.29798048734664917 and parameters: {'A1': 1.3815034486592186, 'B1': 90.18525962765112, 'A2': 29.55202109244252, 'B2': 0.012589574765291774}. Best is trial 12 with value: 0.228805273771286.
[I 2022-09-23 12:17:12,422] Trial 52 finished with value: 0.30997663736343384 and parameters: {'A1': 1.315414246872995, 'B1': 81.47224283979419, 'A2': 27.68970052569671, 'B2': 0.0185114925520127}. Best is trial 12 with value: 0.228805273771286.
[I 2022-09-23 12:24:36,342] Trial 53 finished with value: 0.3443835973739624 and parameters: {'A1': 1.8642884629554304, 'B1': 70.02028113437707, 'A2': 26.251247348844025, 'B2': 0.02633442489769749}. Best is trial 12 with value: 0.228805273771286.
[I 2022-09-23 12:34:25,480] Trial 54 finished with value: 0.2193630188703537 and parameters: {'A1': 1.044234893939904, 'B1': 95.827857984045, 'A2': 32.928163584213074, 'B2': 0.013173957333679508}. Best is trial 54 with value: 0.2193630188703537.
[I 2022-09-23 12:39:30,861] Trial 55 finished with value: 0.4409448504447937 and parameters: {'A1': 1.534647084594659, 'B1': 28.769436491116004, 'A2': 32.612928173314195, 'B2': 0.010241775116633791}. Best is trial 54 with value: 0.2193630188703537.
[I 2022-09-23 12:44:40,509] Trial 56 finished with value: 0.46474456787109375 and parameters: {'A1': 5.8280175906029665, 'B1': 85.8159453036908, 'A2': 35.51294562357609, 'B2': 0.019581070938835418}. Best is trial 54 with value: 0.2193630188703537.
[I 2022-09-23 12:50:17,419] Trial 57 finished with value: 0.5008076429367065 and parameters: {'A1': 6.946179296522084, 'B1': 73.25880475116915, 'A2': 30.63491392609603, 'B2': 0.05156910090863475}. Best is trial 54 with value: 0.2193630188703537.
[I 2022-09-23 12:57:38,689] Trial 58 finished with value: 0.32828089594841003 and parameters: {'A1': 2.70813881471063, 'B1': 93.39974179621248, 'A2': 32.94179426563742, 'B2': 0.03369422127304188}. Best is trial 54 with value: 0.2193630188703537.
[I 2022-09-23 13:04:55,842] Trial 59 finished with value: 0.29759764671325684 and parameters: {'A1': 2.1973716134786985, 'B1': 79.72180568240005, 'A2': 37.919233146033434, 'B2': 1.4172046121744715}. Best is trial 54 with value: 0.2193630188703537.
