[I 2022-09-22 07:56:08,855] Trial 77 finished with value: 1.0532875061035156 and parameters: {'num_inner_loop': 44, 'A1': 7.835301101422386, 'B1': 16.671285150452036, 'A2': 12.846748087680973, 'B2': 0.015698207069460277}. Best is trial 3 with value: 0.8506016135215759.
[I 2022-09-22 07:57:04,663] Trial 78 finished with value: 0.8506016135215759 and parameters: {'num_inner_loop': 38, 'A1': 8.548730600414268, 'B1': 14.973820099994763, 'A2': 23.903941272211693, 'B2': 0.7279054231720088}. Best is trial 3 with value: 0.8506016135215759.
[I 2022-09-22 07:58:04,602] Trial 79 finished with value: 0.8506016135215759 and parameters: {'num_inner_loop': 41, 'A1': 8.578855921375913, 'B1': 10.66847374663566, 'A2': 11.266488043168767, 'B2': 0.018360315849597977}. Best is trial 3 with value: 0.8506016135215759.
[I 2022-09-22 08:02:01,406] Trial 80 finished with value: 1.0736711025238037 and parameters: {'num_inner_loop': 41, 'A1': 2.3671548515659695, 'B1': 10.622417680670049, 'A2': 10.400232973670189, 'B2': 0.010154442849383653}. Best is trial 3 with value: 0.8506016135215759.
[I 2022-09-22 08:02:48,183] Trial 81 finished with value: 0.8506016135215759 and parameters: {'num_inner_loop': 33, 'A1': 6.734404746510086, 'B1': 20.837424559033174, 'A2': 14.166706937941457, 'B2': 0.06170727393499185}. Best is trial 3 with value: 0.8506016135215759.
[I 2022-09-22 08:03:36,442] Trial 82 finished with value: 0.8506016135215759 and parameters: {'num_inner_loop': 33, 'A1': 9.604731224777247, 'B1': 24.21728553494688, 'A2': 13.925663832244272, 'B2': 0.04821085085898761}. Best is trial 3 with value: 0.8506016135215759.
[I 2022-09-22 08:04:47,020] Trial 83 finished with value: 0.8506016135215759 and parameters: {'num_inner_loop': 49, 'A1': 6.771092044771044, 'B1': 20.916453456813148, 'A2': 27.410366827634693, 'B2': 4.110679276932081}. Best is trial 3 with value: 0.8506016135215759.
[I 2022-09-22 08:11:59,422] Trial 84 finished with value: 1.038622498512268 and parameters: {'num_inner_loop': 50, 'A1': 9.486322475568445, 'B1': 23.402164074733165, 'A2': 27.295072695097577, 'B2': 3.775002888840888}. Best is trial 3 with value: 0.8506016135215759.
[I 2022-09-22 08:13:12,102] Trial 85 finished with value: 0.8506016135215759 and parameters: {'num_inner_loop': 49, 'A1': 6.690669436964117, 'B1': 19.6082827982735, 'A2': 16.439351404744702, 'B2': 7.182829692949519}. Best is trial 3 with value: 0.8506016135215759.
[I 2022-09-22 08:14:21,758] Trial 86 finished with value: 0.8506016135215759 and parameters: {'num_inner_loop': 48, 'A1': 6.527746708966671, 'B1': 27.591864322415812, 'A2': 15.624473551804495, 'B2': 2.1920475275496307}. Best is trial 3 with value: 0.8506016135215759.
[I 2022-09-22 08:15:30,739] Trial 87 finished with value: 0.8506016135215759 and parameters: {'num_inner_loop': 48, 'A1': 5.994783933916398, 'B1': 13.61903653658299, 'A2': 11.01735215073249, 'B2': 2.5134026885119383}. Best is trial 3 with value: 0.8506016135215759.
[I 2022-09-22 08:16:39,539] Trial 88 finished with value: 0.8506016135215759 and parameters: {'num_inner_loop': 48, 'A1': 6.140597213973116, 'B1': 25.99511374160281, 'A2': 12.77066544120644, 'B2': 2.629638766370024}. Best is trial 3 with value: 0.8506016135215759.
[I 2022-09-22 08:17:47,843] Trial 89 finished with value: 0.8506016135215759 and parameters: {'num_inner_loop': 48, 'A1': 5.921350915271015, 'B1': 16.846481865303886, 'A2': 11.170230738394215, 'B2': 2.85637310582781}. Best is trial 3 with value: 0.8506016135215759.
[I 2022-09-22 08:18:55,045] Trial 90 finished with value: 0.8506016135215759 and parameters: {'num_inner_loop': 47, 'A1': 5.4359930637236795, 'B1': 16.57151111403149, 'A2': 12.701311617212617, 'B2': 3.5167414394892917}. Best is trial 3 with value: 0.8506016135215759.
[I 2022-09-22 08:19:54,895] Trial 91 finished with value: 0.8506016135215759 and parameters: {'num_inner_loop': 42, 'A1': 8.940241791388353, 'B1': 12.44234917502751, 'A2': 17.677133979658198, 'B2': 0.016089084454358134}. Best is trial 3 with value: 0.8506016135215759.
[I 2022-09-22 08:27:04,737] Trial 92 finished with value: 1.0625722408294678 and parameters: {'num_inner_loop': 43, 'A1': 8.917644933460709, 'B1': 10.201228597695982, 'A2': 12.175529931808898, 'B2': 0.2735117392219834}. Best is trial 3 with value: 0.8506016135215759.
[I 2022-09-22 08:27:58,622] Trial 93 finished with value: 0.8506016135215759 and parameters: {'num_inner_loop': 38, 'A1': 8.608864345844491, 'B1': 11.898206125432397, 'A2': 29.399621489502216, 'B2': 0.021585748996229417}. Best is trial 3 with value: 0.8506016135215759.
[I 2022-09-22 08:35:08,305] Trial 94 finished with value: 1.2219082117080688 and parameters: {'num_inner_loop': 43, 'A1': 7.315553781004889, 'B1': 14.785204793744995, 'A2': 19.705172335046647, 'B2': 0.02898751522914015}. Best is trial 3 with value: 0.8506016135215759.
[I 2022-09-22 08:42:24,030] Trial 95 finished with value: 1.035833716392517 and parameters: {'num_inner_loop': 50, 'A1': 6.389886912340504, 'B1': 15.42985644637443, 'A2': 30.141540021783673, 'B2': 1.3282205909283433}. Best is trial 3 with value: 0.8506016135215759.
[I 2022-09-22 08:43:16,248] Trial 96 finished with value: 0.8506016135215759 and parameters: {'num_inner_loop': 35, 'A1': 9.237362403486996, 'B1': 11.326427929399712, 'A2': 18.441745025213166, 'B2': 0.04503140658131446}. Best is trial 3 with value: 0.8506016135215759.
[I 2022-09-22 08:44:18,897] Trial 97 finished with value: 0.8506016135215759 and parameters: {'num_inner_loop': 42, 'A1': 7.525957438117636, 'B1': 14.132391340569642, 'A2': 23.506408820797336, 'B2': 0.12395438839000397}. Best is trial 3 with value: 0.8506016135215759.
[I 2022-09-22 08:45:17,721] Trial 98 finished with value: 0.8506016135215759 and parameters: {'num_inner_loop': 39, 'A1': 8.141238988367892, 'B1': 13.081333700214323, 'A2': 25.091324408761217, 'B2': 0.014639922483626267}. Best is trial 3 with value: 0.8506016135215759.
[I 2022-09-22 08:46:12,772] Trial 99 finished with value: 0.8506016135215759 and parameters: {'num_inner_loop': 37, 'A1': 8.734884621115878, 'B1': 14.766600617270974, 'A2': 11.797261435702415, 'B2': 0.3596331449759966}. Best is trial 3 with value: 0.8506016135215759.
{'num_inner_loop': 37,
 'A1': 9.899707298452494,
 'B1': 10.781288139387106,
 'A2': 34.45266847375616,
 'B2': 0.6252532594538873}
