[I 2022-09-23 18:49:51,042] Trial 84 finished with value: 0.2454805225133896 and parameters: {'A1': 1.919037747659754, 'B1': 22.164348413212856, 'A2': 36.75534213044744, 'B2': 0.02443455439638339}. Best is trial 43 with value: 0.19192956387996674.
[I 2022-09-23 19:03:12,467] Trial 85 finished with value: 0.2155570387840271 and parameters: {'A1': 1.1572438954670543, 'B1': 29.354053756150137, 'A2': 27.799184014336063, 'B2': 0.010051935743478475}. Best is trial 43 with value: 0.19192956387996674.
[I 2022-09-23 19:12:08,830] Trial 86 finished with value: 0.25234463810920715 and parameters: {'A1': 1.5818590844918456, 'B1': 23.675097335103988, 'A2': 33.407376812695105, 'B2': 0.04751764228025572}. Best is trial 43 with value: 0.19192956387996674.
[I 2022-09-23 19:21:04,200] Trial 87 finished with value: 0.24228310585021973 and parameters: {'A1': 1.3604339504172127, 'B1': 17.913117905483237, 'A2': 35.31698932231165, 'B2': 0.01443803736734034}. Best is trial 43 with value: 0.19192956387996674.
[I 2022-09-23 19:27:49,938] Trial 88 finished with value: 0.35799095034599304 and parameters: {'A1': 4.478097649075784, 'B1': 19.0342885936074, 'A2': 32.31542123491491, 'B2': 0.017244882840045172}. Best is trial 43 with value: 0.19192956387996674.
[I 2022-09-23 19:36:44,664] Trial 89 finished with value: 0.26748305559158325 and parameters: {'A1': 2.2458043459592725, 'B1': 35.690316670484464, 'A2': 31.36446032494745, 'B2': 0.020946168224653394}. Best is trial 43 with value: 0.19192956387996674.
[I 2022-09-23 19:45:40,091] Trial 90 finished with value: 0.4104349613189697 and parameters: {'A1': 1.7776237255916674, 'B1': 15.640272884959849, 'A2': 12.401192007371115, 'B2': 0.013078099660428513}. Best is trial 43 with value: 0.19192956387996674.
[I 2022-09-23 19:59:02,912] Trial 91 finished with value: 0.20165595412254333 and parameters: {'A1': 1.010288336182331, 'B1': 26.659804645689174, 'A2': 32.93049224660086, 'B2': 0.01436387844957371}. Best is trial 43 with value: 0.19192956387996674.
[I 2022-09-23 20:10:12,480] Trial 92 finished with value: 0.21557600796222687 and parameters: {'A1': 1.2217552684592583, 'B1': 25.444639759093867, 'A2': 33.87871402156397, 'B2': 0.014704186909523515}. Best is trial 43 with value: 0.19192956387996674.
[I 2022-09-23 20:21:20,296] Trial 93 finished with value: 0.2214113473892212 and parameters: {'A1': 1.4657178945040052, 'B1': 27.543185326100453, 'A2': 32.571602450704376, 'B2': 0.011686068514488272}. Best is trial 43 with value: 0.19192956387996674.
[I 2022-09-23 20:32:29,555] Trial 94 finished with value: 0.20509226620197296 and parameters: {'A1': 1.2664243115794065, 'B1': 31.352297676455535, 'A2': 39.16730007574732, 'B2': 0.019076015044348464}. Best is trial 43 with value: 0.19192956387996674.
[I 2022-09-23 20:43:40,507] Trial 95 finished with value: 0.20025810599327087 and parameters: {'A1': 1.1596803657325567, 'B1': 20.424824603608425, 'A2': 39.93477207507833, 'B2': 0.3325323681270116}. Best is trial 43 with value: 0.19192956387996674.
[I 2022-09-23 20:52:38,164] Trial 96 finished with value: 0.23794148862361908 and parameters: {'A1': 1.7138935149081327, 'B1': 20.358529462316756, 'A2': 38.15987438712143, 'B2': 0.2518727823132059}. Best is trial 43 with value: 0.19192956387996674.
[I 2022-09-23 21:01:34,759] Trial 97 finished with value: 0.23787932097911835 and parameters: {'A1': 1.4855475850523314, 'B1': 21.59996550059762, 'A2': 37.34406054798378, 'B2': 0.4204025985942467}. Best is trial 43 with value: 0.19192956387996674.
[I 2022-09-23 21:06:03,732] Trial 98 finished with value: 0.4471670985221863 and parameters: {'A1': 6.623015971076036, 'B1': 23.450620584021685, 'A2': 36.129040975840546, 'B2': 0.29924266433728897}. Best is trial 43 with value: 0.19192956387996674.
[I 2022-09-23 21:17:13,149] Trial 99 finished with value: 0.2012616991996765 and parameters: {'A1': 1.2136308999827823, 'B1': 22.848428605000603, 'A2': 39.69465182629352, 'B2': 0.1830186933351064}. Best is trial 43 with value: 0.19192956387996674.
{'A1': 1.005908953104254,
 'B1': 25.232008197390314,
 'A2': 38.10392200373056,
 'B2': 0.024145766550753307}