[I 2022-09-21 21:22:02,226] Trial 77 finished with value: 0.9144044518470764 and parameters: {'num_inner_loop': 33, 'A1': 4.635061616055616, 'B1': 99.42693487439333, 'A2': 34.88559194792501, 'B2': 3.608005764285262}. Best is trial 75 with value: 0.1485595703125.
[I 2022-09-21 21:24:13,046] Trial 78 finished with value: 0.8502635359764099 and parameters: {'num_inner_loop': 48, 'A1': 4.912292960934946, 'B1': 38.493692865834966, 'A2': 32.39714346152199, 'B2': 5.009965973050871}. Best is trial 75 with value: 0.1485595703125.
[I 2022-09-21 21:37:28,990] Trial 79 finished with value: 0.16220271587371826 and parameters: {'num_inner_loop': 45, 'A1': 4.521467105617721, 'B1': 13.44715219014033, 'A2': 36.96569475072666, 'B2': 2.6008326594431526}. Best is trial 75 with value: 0.1485595703125.
[I 2022-09-21 21:39:20,498] Trial 80 finished with value: 1.1840567588806152 and parameters: {'num_inner_loop': 41, 'A1': 4.512840283030023, 'B1': 13.567792065796812, 'A2': 23.392981593924006, 'B2': 2.2091229129215604}. Best is trial 75 with value: 0.1485595703125.
[I 2022-09-21 21:50:32,344] Trial 81 finished with value: 0.26611974835395813 and parameters: {'num_inner_loop': 45, 'A1': 4.727064832894384, 'B1': 12.76640272934455, 'A2': 36.640798671373155, 'B2': 3.0315820227442942}. Best is trial 75 with value: 0.1485595703125.
[I 2022-09-21 22:01:26,734] Trial 82 finished with value: 0.4615887403488159 and parameters: {'num_inner_loop': 44, 'A1': 4.827670529575319, 'B1': 14.867242459005395, 'A2': 35.938780118729454, 'B2': 1.311315847530452}. Best is trial 75 with value: 0.1485595703125.
[I 2022-09-21 22:17:32,271] Trial 83 finished with value: 0.6927114725112915 and parameters: {'num_inner_loop': 47, 'A1': 4.256480942566591, 'B1': 16.61792141837801, 'A2': 39.25398706062107, 'B2': 2.5672092789152337}. Best is trial 75 with value: 0.1485595703125.
[I 2022-09-21 22:34:05,658] Trial 84 finished with value: 0.3635173738002777 and parameters: {'num_inner_loop': 46, 'A1': 4.981228632831736, 'B1': 20.28984209940511, 'A2': 37.13444500425275, 'B2': 4.302446164712532}. Best is trial 75 with value: 0.1485595703125.
[I 2022-09-21 22:53:11,168] Trial 85 finished with value: 0.17147240042686462 and parameters: {'num_inner_loop': 50, 'A1': 4.1306340621733355, 'B1': 19.051306648300837, 'A2': 34.209962174643096, 'B2': 7.182829692949519}. Best is trial 75 with value: 0.1485595703125.
[I 2022-09-21 23:04:05,524] Trial 86 finished with value: 0.4898020029067993 and parameters: {'num_inner_loop': 44, 'A1': 4.627741446571143, 'B1': 11.625454286307788, 'A2': 38.42955411129352, 'B2': 1.786350128260467}. Best is trial 75 with value: 0.1485595703125.
[I 2022-09-21 23:17:44,195] Trial 87 finished with value: 0.8976989388465881 and parameters: {'num_inner_loop': 49, 'A1': 4.437198099679319, 'B1': 14.026631997428309, 'A2': 35.02908095495222, 'B2': 1.5511164728477325}. Best is trial 75 with value: 0.1485595703125.
[I 2022-09-21 23:27:17,393] Trial 88 finished with value: 0.9927031993865967 and parameters: {'num_inner_loop': 42, 'A1': 3.6973202888107806, 'B1': 17.763319835317024, 'A2': 11.322851203500445, 'B2': 0.9325655675605631}. Best is trial 75 with value: 0.1485595703125.
[I 2022-09-21 23:43:08,015] Trial 89 finished with value: 0.6751893758773804 and parameters: {'num_inner_loop': 47, 'A1': 3.902927792772152, 'B1': 15.878276780753469, 'A2': 37.88220840570447, 'B2': 0.05237611275375391}. Best is trial 75 with value: 0.1485595703125.
[I 2022-09-22 00:00:19,578] Trial 90 finished with value: 0.19699296355247498 and parameters: {'num_inner_loop': 45, 'A1': 3.602311064288416, 'B1': 18.714159220548623, 'A2': 33.6703109095619, 'B2': 1.9849989033866295}. Best is trial 75 with value: 0.1485595703125.
[I 2022-09-22 00:20:05,544] Trial 91 finished with value: 0.16934841871261597 and parameters: {'num_inner_loop': 50, 'A1': 4.3183504719772605, 'B1': 21.218457457734704, 'A2': 36.12720073273814, 'B2': 0.39627552792434095}. Best is trial 75 with value: 0.1485595703125.
[I 2022-09-22 00:22:20,122] Trial 92 finished with value: 0.9486520886421204 and parameters: {'num_inner_loop': 49, 'A1': 3.814549686984844, 'B1': 23.758247983949104, 'A2': 19.011549706611362, 'B2': 0.5319809642813107}. Best is trial 75 with value: 0.1485595703125.
[I 2022-09-22 00:44:24,136] Trial 93 finished with value: 0.15972715616226196 and parameters: {'num_inner_loop': 50, 'A1': 3.9516344839747815, 'B1': 20.388986597133798, 'A2': 37.89881376897549, 'B2': 0.3116972437194306}. Best is trial 75 with value: 0.1485595703125.
[I 2022-09-22 00:46:35,265] Trial 94 finished with value: 0.8501707315444946 and parameters: {'num_inner_loop': 48, 'A1': 4.127997875379493, 'B1': 27.796578390913076, 'A2': 37.044394268393916, 'B2': 0.20648066186148012}. Best is trial 75 with value: 0.1485595703125.
[I 2022-09-22 00:48:51,741] Trial 95 finished with value: 0.8849358558654785 and parameters: {'num_inner_loop': 50, 'A1': 4.700722285885062, 'B1': 88.27128904218438, 'A2': 39.94153711996641, 'B2': 0.07145091484988958}. Best is trial 75 with value: 0.1485595703125.
[I 2022-09-22 01:05:30,665] Trial 96 finished with value: 0.8319606184959412 and parameters: {'num_inner_loop': 49, 'A1': 4.892240503337548, 'B1': 19.898742351077054, 'A2': 37.951848029105065, 'B2': 0.11948526560152017}. Best is trial 75 with value: 0.1485595703125.
[I 2022-09-22 01:07:48,113] Trial 97 finished with value: 0.8839288949966431 and parameters: {'num_inner_loop': 50, 'A1': 3.409762663235014, 'B1': 29.99279585851096, 'A2': 39.1705606601051, 'B2': 0.7370537385559802}. Best is trial 75 with value: 0.1485595703125.
[I 2022-09-22 01:27:18,028] Trial 98 finished with value: 0.2140444666147232 and parameters: {'num_inner_loop': 48, 'A1': 3.6492029986310186, 'B1': 17.080228462314757, 'A2': 35.24201263943035, 'B2': 0.03094104502668506}. Best is trial 75 with value: 0.1485595703125.
[I 2022-09-22 01:45:59,311] Trial 99 finished with value: 0.7025197744369507 and parameters: {'num_inner_loop': 49, 'A1': 4.505430826700429, 'B1': 21.36832765591574, 'A2': 28.611937530501773, 'B2': 2.517952507699309}. Best is trial 75 with value: 0.1485595703125.
{'num_inner_loop': 50,
 'A1': 4.810897860943717,
 'B1': 20.95953362007188,
 'A2': 35.22281802756149,
 'B2': 3.210393771834248}
